<?xml version="1.0" encoding="utf-8"?>
<TestRun id="b30db2cb-97ee-46c4-a6d2-9b9d0de3b4b0" name="nyafa@MOE 2026-07-29 23:09:24" runUser="MOE\nyafa" xmlns="http://microsoft.com/schemas/VisualStudio/TeamTest/2010">
  <Times creation="2026-07-29T23:09:24.1491877+08:00" queuing="2026-07-29T23:09:24.1491882+08:00" start="2026-07-29T23:09:23.4678757+08:00" finish="2026-07-29T23:09:27.9226013+08:00" />
  <TestSettings name="default" id="2ecb0ede-2e47-420c-ad55-54f94277b1a1">
    <Deployment runDeploymentRoot="nyafa_MOE_2026-07-29_23_09_24" />
  </TestSettings>
  <Results>
    <UnitTestResult executionId="76c7fa04-b48f-4537-8791-2281b5f87a20" testId="194cc5df-4cef-a9b6-4049-3029f4786900" testName="TestLanguageCanBeChangedImmediately" computerName="MOE" duration="00:00:00.0831170" startTime="2026-07-29T23:09:27.2028393+08:00" endTime="2026-07-29T23:09:27.2859556+08:00" testType="13cdc9d9-ddb5-4fa4-a97d-d965ccfc6d4b" outcome="Passed" testListId="8c84fa94-04c1-424b-9868-57a2d4851a1d" relativeResultsDirectory="76c7fa04-b48f-4537-8791-2281b5f87a20">
      <Output>
        <StdOut>[runtime] 2026-07-29 15:09:27 [verbose]: \ud83d\udca8 Class: TestSceneSettingsScreen&#xD;
[runtime] 2026-07-29 15:09:27 [verbose]: \ud83d\udd36 Test:  TestLanguageCanBeChangedImmediately&#xD;
[runtime] 2026-07-29 15:09:27 [verbose]: \ud83d\udd38 Step #1 open General&#xD;
[runtime] 2026-07-29 15:09:27 [verbose]: \ud83d\udd38 Step #2 capture General&#xD;
[runtime] 2026-07-29 15:09:27 [verbose]: \ud83d\udd38 Step #3 select English&#xD;
[runtime] 2026-07-29 15:09:27 [verbose]: \ud83d\udd38 Step #4 English selected&#xD;
[runtime] 2026-07-29 15:09:27 [verbose]: \ud83d\udd38 Step #5 select Chinese&#xD;
[runtime] 2026-07-29 15:09:27 [verbose]: \ud83d\udd38 Step #6 Chinese selected&#xD;
[runtime] 2026-07-29 15:09:27 [verbose]: \ud83d\udd38 Step #7 select Japanese&#xD;
[runtime] 2026-07-29 15:09:27 [verbose]: \ud83d\udd38 Step #8 Japanese selected&#xD;
[runtime] 2026-07-29 15:09:27 [verbose]: \ud83d\udd38 Step #9 restore English&#xD;
[runtime] 2026-07-29 15:09:27 [verbose]: \ud83d\udd38 Step #10 English restored&#xD;
[runtime] 2026-07-29 15:09:27 [verbose]: ✅ TestSceneSettingsScreen completed</StdOut>
      </Output>
    </UnitTestResult>
    <UnitTestResult executionId="e75d5276-85c7-4d41-8a5d-f95f2c9020ba" testId="10a8d28b-eae7-da10-8f3d-7e66626b7048" testName="PausedHomeMusicPersistsWhenConfigIsDisposed" computerName="MOE" duration="00:00:00.0044160" startTime="2026-07-29T23:09:24.0890767+08:00" endTime="2026-07-29T23:09:24.0934925+08:00" testType="13cdc9d9-ddb5-4fa4-a97d-d965ccfc6d4b" outcome="Passed" testListId="8c84fa94-04c1-424b-9868-57a2d4851a1d" relativeResultsDirectory="e75d5276-85c7-4d41-8a5d-f95f2c9020ba" />
    <UnitTestResult executionId="fe38bb64-e6c9-4cf6-9371-33798857bd09" testId="a52ff22b-efbc-e593-e00d-cff431469f4a" testName="DisabledHitSoundsCannotBeTested" computerName="MOE" duration="00:00:00.0833060" startTime="2026-07-29T23:09:24.0947921+08:00" endTime="2026-07-29T23:09:24.1780975+08:00" testType="13cdc9d9-ddb5-4fa4-a97d-d965ccfc6d4b" outcome="Passed" testListId="8c84fa94-04c1-424b-9868-57a2d4851a1d" relativeResultsDirectory="fe38bb64-e6c9-4cf6-9371-33798857bd09" />
    <UnitTestResult executionId="a8321842-5fba-4306-a15c-2d61aa43a707" testId="7d1ec182-e4fb-cb1d-7928-56e01d38f109" testName="TestSignalsUseTheirRealMixBuses" computerName="MOE" duration="00:00:00.0765919" startTime="2026-07-29T23:09:24.1888745+08:00" endTime="2026-07-29T23:09:24.2654662+08:00" testType="13cdc9d9-ddb5-4fa4-a97d-d965ccfc6d4b" outcome="Passed" testListId="8c84fa94-04c1-424b-9868-57a2d4851a1d" relativeResultsDirectory="a8321842-5fba-4306-a15c-2d61aa43a707" />
    <UnitTestResult executionId="6de18f92-6dcd-4e9e-bdb9-e56225714697" testId="ff61aaf0-d864-8855-1ace-cb69dc8ac300" testName="TestConstructor" computerName="MOE" duration="00:00:00.2602640" startTime="2026-07-29T23:09:25.6375304+08:00" endTime="2026-07-29T23:09:25.8977940+08:00" testType="13cdc9d9-ddb5-4fa4-a97d-d965ccfc6d4b" outcome="Passed" testListId="8c84fa94-04c1-424b-9868-57a2d4851a1d" relativeResultsDirectory="6de18f92-6dcd-4e9e-bdb9-e56225714697">
      <Output>
        <StdOut>[runtime] 2026-07-29 15:09:25 [verbose]: \ud83d\udca8 Class: TestSceneSettingsScreen&#xD;
[runtime] 2026-07-29 15:09:25 [verbose]: \ud83d\udd36 Test:  TestConstructor&#xD;
[performance] 2026-07-29 15:09:25 [verbose]: Texture requested (2520x3360) which exceeds TextureStore's atlas size (1024x1024) - bypassing atlasing. Consider using LargeTextureStore.&#xD;
[performance] 2026-07-29 15:09:25 [verbose]: Texture requested (1212x412) which exceeds TextureStore's atlas size (1024x1024) - bypassing atlasing. Consider using LargeTextureStore.&#xD;
[performance] 2026-07-29 15:09:25 [verbose]: TextureAtlas size exceeded 1 time(s); generating new texture (1024x1024)&#xD;
[runtime] 2026-07-29 15:09:25 [verbose]: \ud83d\udcfa ScreenStack#153(depth:1) entered SettingsScreen#410&#xD;
[runtime] 2026-07-29 15:09:25 [verbose]: ✅ TestSceneSettingsScreen completed</StdOut>
      </Output>
    </UnitTestResult>
    <UnitTestResult executionId="786a5a3a-a5db-4aa9-a440-0620f0878ca7" testId="2175ca21-910b-daa3-8cd8-60c2f3993d8f" testName="TestScrollSpeedCanBeAdjustedFromGeneral" computerName="MOE" duration="00:00:00.0427560" startTime="2026-07-29T23:09:27.2859998+08:00" endTime="2026-07-29T23:09:27.3287554+08:00" testType="13cdc9d9-ddb5-4fa4-a97d-d965ccfc6d4b" outcome="Passed" testListId="8c84fa94-04c1-424b-9868-57a2d4851a1d" relativeResultsDirectory="786a5a3a-a5db-4aa9-a440-0620f0878ca7">
      <Output>
        <StdOut>[runtime] 2026-07-29 15:09:27 [verbose]: \ud83d\udca8 Class: TestSceneSettingsScreen&#xD;
[runtime] 2026-07-29 15:09:27 [verbose]: \ud83d\udd36 Test:  TestScrollSpeedCanBeAdjustedFromGeneral&#xD;
[runtime] 2026-07-29 15:09:27 [verbose]: \ud83d\udd38 Step #1 open General&#xD;
[runtime] 2026-07-29 15:09:27 [verbose]: \ud83d\udd38 Step #2 capture General&#xD;
[runtime] 2026-07-29 15:09:27 [verbose]: \ud83d\udd38 Step #3 set osu mania speed 24&#xD;
[runtime] 2026-07-29 15:09:27 [verbose]: \ud83d\udd38 Step #4 general speed changed&#xD;
[runtime] 2026-07-29 15:09:27 [verbose]: \ud83d\udd38 Step #5 restore speed&#xD;
[runtime] 2026-07-29 15:09:27 [verbose]: ✅ TestSceneSettingsScreen completed</StdOut>
      </Output>
    </UnitTestResult>
    <UnitTestResult executionId="0f5a757c-504c-438f-abc1-6fad55c97c88" testId="16c81246-792a-6291-dd10-6068e8b3aaae" testName="TestInterfaceScaleIsInteractive" computerName="MOE" duration="00:00:00.0627170" startTime="2026-07-29T23:09:27.1400807+08:00" endTime="2026-07-29T23:09:27.2027960+08:00" testType="13cdc9d9-ddb5-4fa4-a97d-d965ccfc6d4b" outcome="Passed" testListId="8c84fa94-04c1-424b-9868-57a2d4851a1d" relativeResultsDirectory="0f5a757c-504c-438f-abc1-6fad55c97c88">
      <Output>
        <StdOut>[runtime] 2026-07-29 15:09:27 [verbose]: \ud83d\udca8 Class: TestSceneSettingsScreen&#xD;
[runtime] 2026-07-29 15:09:27 [verbose]: \ud83d\udd36 Test:  TestInterfaceScaleIsInteractive&#xD;
[runtime] 2026-07-29 15:09:27 [verbose]: \ud83d\udd38 Step #1 open Display&#xD;
[runtime] 2026-07-29 15:09:27 [verbose]: \ud83d\udd38 Step #2 capture display scale&#xD;
[runtime] 2026-07-29 15:09:27 [verbose]: \ud83d\udd38 Step #3 select large interface&#xD;
[runtime] 2026-07-29 15:09:27 [verbose]: \ud83d\udd38 Step #4 large interface selected&#xD;
[runtime] 2026-07-29 15:09:27 [verbose]: \ud83d\udd38 Step #5 five display rows fit above footer&#xD;
[runtime] 2026-07-29 15:09:27 [verbose]: \ud83d\udd38 Step #6 select compact interface&#xD;
[runtime] 2026-07-29 15:09:27 [verbose]: \ud83d\udd38 Step #7 compact interface selected&#xD;
[runtime] 2026-07-29 15:09:27 [verbose]: \ud83d\udd38 Step #8 restore interface scale&#xD;
[runtime] 2026-07-29 15:09:27 [verbose]: ✅ TestSceneSettingsScreen completed</StdOut>
      </Output>
    </UnitTestResult>
    <UnitTestResult executionId="bb08b5f2-8043-422b-8d69-70b05cfa5fa8" testId="c3e62ad2-3cc4-3c6b-4192-beb0e5a9369d" testName="TestSettingsScreen" computerName="MOE" duration="00:00:00.0211680" startTime="2026-07-29T23:09:27.3287973+08:00" endTime="2026-07-29T23:09:27.3499642+08:00" testType="13cdc9d9-ddb5-4fa4-a97d-d965ccfc6d4b" outcome="Passed" testListId="8c84fa94-04c1-424b-9868-57a2d4851a1d" relativeResultsDirectory="bb08b5f2-8043-422b-8d69-70b05cfa5fa8">
      <Output>
        <StdOut>[runtime] 2026-07-29 15:09:27 [verbose]: \ud83d\udca8 Class: TestSceneSettingsScreen&#xD;
[runtime] 2026-07-29 15:09:27 [verbose]: \ud83d\udd36 Test:  TestSettingsScreen&#xD;
[runtime] 2026-07-29 15:09:27 [verbose]: \ud83d\udd38 Step #1 settings screen is current&#xD;
[runtime] 2026-07-29 15:09:27 [verbose]: ✅ TestSceneSettingsScreen completed</StdOut>
      </Output>
    </UnitTestResult>
    <UnitTestResult executionId="62fac98e-2e97-430f-b619-5f87cbda339f" testId="2a47721b-d424-b3d2-969a-59f8d105d77f" testName="TestGameplayKeysCanBeCapturedAsASequence" computerName="MOE" duration="00:00:00.0943230" startTime="2026-07-29T23:09:26.8162854+08:00" endTime="2026-07-29T23:09:26.9106078+08:00" testType="13cdc9d9-ddb5-4fa4-a97d-d965ccfc6d4b" outcome="Passed" testListId="8c84fa94-04c1-424b-9868-57a2d4851a1d" relativeResultsDirectory="62fac98e-2e97-430f-b619-5f87cbda339f">
      <Output>
        <StdOut>[runtime] 2026-07-29 15:09:26 [verbose]: \ud83d\udca8 Class: TestSceneSettingsScreen&#xD;
[runtime] 2026-07-29 15:09:26 [verbose]: \ud83d\udd36 Test:  TestGameplayKeysCanBeCapturedAsASequence&#xD;
[runtime] 2026-07-29 15:09:26 [verbose]: \ud83d\udd38 Step #1 open Gameplay&#xD;
[runtime] 2026-07-29 15:09:26 [verbose]: \ud83d\udd38 Step #2 capture Gameplay&#xD;
[runtime] 2026-07-29 15:09:26 [verbose]: \ud83d\udd38 Step #3 select 4K&#xD;
[runtime] 2026-07-29 15:09:26 [verbose]: \ud83d\udd38 Step #4 start sequential capture&#xD;
[runtime] 2026-07-29 15:09:26 [verbose]: \ud83d\udd38 Step #5 sequence starts at first lane&#xD;
[runtime] 2026-07-29 15:09:26 [verbose]: \ud83d\udd38 Step #6 capture Z and X&#xD;
[runtime] 2026-07-29 15:09:26 [verbose]: \ud83d\udd38 Step #7 sequence advances to third lane&#xD;
[runtime] 2026-07-29 15:09:26 [verbose]: \ud83d\udd38 Step #8 duplicate key is ignored&#xD;
[runtime] 2026-07-29 15:09:26 [verbose]: \ud83d\udd38 Step #9 duplicate keeps current lane active&#xD;
[runtime] 2026-07-29 15:09:26 [verbose]: \ud83d\udd38 Step #10 finish with period and slash&#xD;
[runtime] 2026-07-29 15:09:26 [verbose]: \ud83d\udd38 Step #11 sequence completes&#xD;
[runtime] 2026-07-29 15:09:26 [verbose]: \ud83d\udd38 Step #12 whole profile saved in order&#xD;
[runtime] 2026-07-29 15:09:26 [verbose]: \ud83d\udd38 Step #13 restore 4K defaults&#xD;
[runtime] 2026-07-29 15:09:26 [verbose]: ✅ TestSceneSettingsScreen completed</StdOut>
      </Output>
    </UnitTestResult>
    <UnitTestResult executionId="94ac3b36-4ce6-4b86-88ee-71512921a14b" testId="c3483429-9122-27d0-8c5f-e284b93c8772" testName="AsioUsesItsOwnRememberedDevice" computerName="MOE" duration="00:00:00.0048950" startTime="2026-07-29T23:09:24.0419106+08:00" endTime="2026-07-29T23:09:24.0468047+08:00" testType="13cdc9d9-ddb5-4fa4-a97d-d965ccfc6d4b" outcome="Passed" testListId="8c84fa94-04c1-424b-9868-57a2d4851a1d" relativeResultsDirectory="94ac3b36-4ce6-4b86-88ee-71512921a14b" />
    <UnitTestResult executionId="258c15aa-9885-436a-9224-841aceb84a6a" testId="4a61a3e7-8090-ada2-48b9-be19bf29fbcc" testName="AsioDiscoveryIsPassiveAndUsesBackendScopedIds" computerName="MOE" duration="00:00:00.0025270" startTime="2026-07-29T23:09:25.3745002+08:00" endTime="2026-07-29T23:09:25.3770269+08:00" testType="13cdc9d9-ddb5-4fa4-a97d-d965ccfc6d4b" outcome="Passed" testListId="8c84fa94-04c1-424b-9868-57a2d4851a1d" relativeResultsDirectory="258c15aa-9885-436a-9224-841aceb84a6a" />
    <UnitTestResult executionId="aa06e8f3-4aad-4214-8fa1-fb4468474f22" testId="44e5e125-3196-6915-92bf-8369e0927a40" testName="TestImportPageShowsCapabilitiesAndUpdatesPreferences" computerName="MOE" duration="00:00:00.0940790" startTime="2026-07-29T23:09:27.0459657+08:00" endTime="2026-07-29T23:09:27.1400439+08:00" testType="13cdc9d9-ddb5-4fa4-a97d-d965ccfc6d4b" outcome="Passed" testListId="8c84fa94-04c1-424b-9868-57a2d4851a1d" relativeResultsDirectory="aa06e8f3-4aad-4214-8fa1-fb4468474f22">
      <Output>
        <StdOut>[runtime] 2026-07-29 15:09:27 [verbose]: \ud83d\udca8 Class: TestSceneSettingsScreen&#xD;
[runtime] 2026-07-29 15:09:27 [verbose]: \ud83d\udd36 Test:  TestImportPageShowsCapabilitiesAndUpdatesPreferences&#xD;
[runtime] 2026-07-29 15:09:27 [verbose]: \ud83d\udd38 Step #1 open Import&#xD;
[runtime] 2026-07-29 15:09:27 [verbose]: \ud83d\udd38 Step #2 capture Import&#xD;
[runtime] 2026-07-29 15:09:27 [verbose]: \ud83d\udd38 Step #3 all importer families shown&#xD;
[runtime] 2026-07-29 15:09:27 [verbose]: \ud83d\udd38 Step #4 all supported extensions shown&#xD;
[runtime] 2026-07-29 15:09:27 [verbose]: \ud83d\udd38 Step #5 disable keysounds&#xD;
[runtime] 2026-07-29 15:09:27 [verbose]: \ud83d\udd38 Step #6 keysounds disabled&#xD;
[runtime] 2026-07-29 15:09:27 [verbose]: \ud83d\udd38 Step #7 disable SSC preference&#xD;
[runtime] 2026-07-29 15:09:27 [verbose]: \ud83d\udd38 Step #8 SSC preference disabled&#xD;
[runtime] 2026-07-29 15:09:27 [verbose]: \ud83d\udd38 Step #9 disable warnings&#xD;
[runtime] 2026-07-29 15:09:27 [verbose]: \ud83d\udd38 Step #10 warnings disabled&#xD;
[runtime] 2026-07-29 15:09:27 [verbose]: \ud83d\udd38 Step #11 restore import defaults&#xD;
[runtime] 2026-07-29 15:09:27 [verbose]: \ud83d\udd38 Step #12 import defaults restored&#xD;
[runtime] 2026-07-29 15:09:27 [verbose]: ✅ TestSceneSettingsScreen completed</StdOut>
      </Output>
    </UnitTestResult>
    <UnitTestResult executionId="450c3184-bf62-4e78-a507-dfc3f31d94bc" testId="57d48b20-b5e3-fc4f-b965-58cc8be2f748" testName="TestCommonSettingsControlsSupportKeyboardFocus" computerName="MOE" duration="00:00:00.1143020" startTime="2026-07-29T23:09:26.1185131+08:00" endTime="2026-07-29T23:09:26.2328148+08:00" testType="13cdc9d9-ddb5-4fa4-a97d-d965ccfc6d4b" outcome="Passed" testListId="8c84fa94-04c1-424b-9868-57a2d4851a1d" relativeResultsDirectory="450c3184-bf62-4e78-a507-dfc3f31d94bc">
      <Output>
        <StdOut>[runtime] 2026-07-29 15:09:26 [verbose]: \ud83d\udca8 Class: TestSceneSettingsScreen&#xD;
[runtime] 2026-07-29 15:09:26 [verbose]: \ud83d\udd36 Test:  TestCommonSettingsControlsSupportKeyboardFocus&#xD;
[runtime] 2026-07-29 15:09:26 [verbose]: \ud83d\udd38 Step #1 open Display&#xD;
[runtime] 2026-07-29 15:09:26 [verbose]: \ud83d\udd38 Step #2 display selectors accept focus&#xD;
[runtime] 2026-07-29 15:09:26 [verbose]: \ud83d\udd38 Step #3 open Audio&#xD;
[runtime] 2026-07-29 15:09:26 [verbose]: \ud83d\udd38 Step #4 audio controls accept focus&#xD;
[runtime] 2026-07-29 15:09:26 [verbose]: \ud83d\udd38 Step #5 open Import&#xD;
[runtime] 2026-07-29 15:09:26 [verbose]: \ud83d\udd38 Step #6 import preferences accept focus&#xD;
[runtime] 2026-07-29 15:09:26 [verbose]: \ud83d\udd38 Step #7 open About&#xD;
[runtime] 2026-07-29 15:09:26 [verbose]: \ud83d\udd38 Step #8 placeholder sections accept focus&#xD;
[runtime] 2026-07-29 15:09:26 [verbose]: ✅ TestSceneSettingsScreen completed</StdOut>
      </Output>
    </UnitTestResult>
    <UnitTestResult executionId="220bde8d-d2ec-4dff-8a28-67d86defc8c3" testId="2f6ca366-ec48-789d-34e5-aa3489221074" testName="NullAudioEngineSupportsPlaybackControlsAsNoOps" computerName="MOE" duration="00:00:00.0069960" startTime="2026-07-29T23:09:24.0328105+08:00" endTime="2026-07-29T23:09:24.0398066+08:00" testType="13cdc9d9-ddb5-4fa4-a97d-d965ccfc6d4b" outcome="Passed" testListId="8c84fa94-04c1-424b-9868-57a2d4851a1d" relativeResultsDirectory="220bde8d-d2ec-4dff-8a28-67d86defc8c3" />
    <UnitTestResult executionId="d11f1c00-f626-4d28-9e04-0a2d2e39d0bb" testId="0d5275eb-0283-0f93-9219-7a0268274ab7" testName="RuntimeAudioStatusIsAValueSnapshot" computerName="MOE" duration="00:00:00.0002380" startTime="2026-07-29T23:09:24.0411108+08:00" endTime="2026-07-29T23:09:24.0413489+08:00" testType="13cdc9d9-ddb5-4fa4-a97d-d965ccfc6d4b" outcome="Passed" testListId="8c84fa94-04c1-424b-9868-57a2d4851a1d" relativeResultsDirectory="d11f1c00-f626-4d28-9e04-0a2d2e39d0bb" />
    <UnitTestResult executionId="7abe0b12-fd2a-4783-8159-9ff1d0575eb3" testId="be51449c-7d44-bb60-3704-c0c916dd9f63" testName="NativeEngineOpensARealAsioStream" computerName="MOE" duration="00:00:01.1086740" startTime="2026-07-29T23:09:24.2656569+08:00" endTime="2026-07-29T23:09:25.3743303+08:00" testType="13cdc9d9-ddb5-4fa4-a97d-d965ccfc6d4b" outcome="Passed" testListId="8c84fa94-04c1-424b-9868-57a2d4851a1d" relativeResultsDirectory="7abe0b12-fd2a-4783-8159-9ff1d0575eb3" />
    <UnitTestResult executionId="fe93ff1c-0dc1-466d-a40e-8d4e885e98a7" testId="3235654a-bdab-1474-e76a-6b9acd95026f" testName="TestAudioVolumeAndHitSoundsAreInteractive" computerName="MOE" duration="00:00:00.0939390" startTime="2026-07-29T23:09:26.0245362+08:00" endTime="2026-07-29T23:09:26.1184749+08:00" testType="13cdc9d9-ddb5-4fa4-a97d-d965ccfc6d4b" outcome="Passed" testListId="8c84fa94-04c1-424b-9868-57a2d4851a1d" relativeResultsDirectory="fe93ff1c-0dc1-466d-a40e-8d4e885e98a7">
      <Output>
        <StdOut>[runtime] 2026-07-29 15:09:26 [verbose]: \ud83d\udca8 Class: TestSceneSettingsScreen&#xD;
[runtime] 2026-07-29 15:09:26 [verbose]: \ud83d\udd36 Test:  TestAudioVolumeAndHitSoundsAreInteractive&#xD;
[runtime] 2026-07-29 15:09:26 [verbose]: \ud83d\udd38 Step #1 open Audio&#xD;
[runtime] 2026-07-29 15:09:26 [verbose]: \ud83d\udd38 Step #2 capture audio preferences&#xD;
[runtime] 2026-07-29 15:09:26 [verbose]: \ud83d\udd38 Step #3 set master volume to 65%&#xD;
[runtime] 2026-07-29 15:09:26 [verbose]: \ud83d\udd38 Step #4 master volume changed&#xD;
[runtime] 2026-07-29 15:09:26 [verbose]: \ud83d\udd38 Step #5 set music volume to 55%&#xD;
[runtime] 2026-07-29 15:09:26 [verbose]: \ud83d\udd38 Step #6 music volume changed&#xD;
[runtime] 2026-07-29 15:09:26 [verbose]: \ud83d\udd38 Step #7 set hitsound volume to 40%&#xD;
[runtime] 2026-07-29 15:09:26 [verbose]: \ud83d\udd38 Step #8 hitsound volume changed&#xD;
[runtime] 2026-07-29 15:09:26 [verbose]: \ud83d\udd38 Step #9 disable hitsounds&#xD;
[runtime] 2026-07-29 15:09:26 [verbose]: \ud83d\udd38 Step #10 hitsounds disabled&#xD;
[runtime] 2026-07-29 15:09:26 [verbose]: \ud83d\udd38 Step #11 three volume sliders are visible&#xD;
[runtime] 2026-07-29 15:09:26 [verbose]: \ud83d\udd38 Step #12 seven audio rows fit above footer&#xD;
[runtime] 2026-07-29 15:09:26 [verbose]: \ud83d\udd38 Step #13 restore audio preferences&#xD;
[runtime] 2026-07-29 15:09:26 [verbose]: ✅ TestSceneSettingsScreen completed</StdOut>
      </Output>
    </UnitTestResult>
    <UnitTestResult executionId="3ef08522-d605-4c31-b470-72fff3235ebe" testId="3380f949-4be6-7ea6-7c6b-311ca7981ef4" testName="VolumeSliderUsesOnePercentDragAndFivePercentWheelSteps" computerName="MOE" duration="00:00:00.0011460" startTime="2026-07-29T23:09:24.0935243+08:00" endTime="2026-07-29T23:09:24.0946700+08:00" testType="13cdc9d9-ddb5-4fa4-a97d-d965ccfc6d4b" outcome="Passed" testListId="8c84fa94-04c1-424b-9868-57a2d4851a1d" relativeResultsDirectory="3ef08522-d605-4c31-b470-72fff3235ebe" />
    <UnitTestResult executionId="8d2e6d54-c008-44db-8f57-062bb97651ff" testId="a5ec4764-70f6-ba72-3740-1b546e181768" testName="AudioPreferencesPersistAcrossConfigInstances" computerName="MOE" duration="00:00:00.0390210" startTime="2026-07-29T23:09:24.0468336+08:00" endTime="2026-07-29T23:09:24.0858543+08:00" testType="13cdc9d9-ddb5-4fa4-a97d-d965ccfc6d4b" outcome="Passed" testListId="8c84fa94-04c1-424b-9868-57a2d4851a1d" relativeResultsDirectory="8d2e6d54-c008-44db-8f57-062bb97651ff" />
    <UnitTestResult executionId="555616ef-a2f8-46d5-b2cf-01a2cb6ff434" testId="ff1982af-2a83-77b1-e06c-37cd30b8c3b8" testName="TestGameplayPreferencesAreInteractive" computerName="MOE" duration="00:00:00.1352790" startTime="2026-07-29T23:09:26.9106450+08:00" endTime="2026-07-29T23:09:27.0459236+08:00" testType="13cdc9d9-ddb5-4fa4-a97d-d965ccfc6d4b" outcome="Passed" testListId="8c84fa94-04c1-424b-9868-57a2d4851a1d" relativeResultsDirectory="555616ef-a2f8-46d5-b2cf-01a2cb6ff434">
      <Output>
        <StdOut>[runtime] 2026-07-29 15:09:26 [verbose]: \ud83d\udca8 Class: TestSceneSettingsScreen&#xD;
[runtime] 2026-07-29 15:09:26 [verbose]: \ud83d\udd36 Test:  TestGameplayPreferencesAreInteractive&#xD;
[runtime] 2026-07-29 15:09:26 [verbose]: \ud83d\udd38 Step #1 open Gameplay&#xD;
[runtime] 2026-07-29 15:09:26 [verbose]: \ud83d\udd38 Step #2 capture Gameplay preferences&#xD;
[runtime] 2026-07-29 15:09:26 [verbose]: \ud83d\udd38 Step #3 open timing&#xD;
[runtime] 2026-07-29 15:09:26 [verbose]: \ud83d\udd38 Step #4 timing selected&#xD;
[runtime] 2026-07-29 15:09:26 [verbose]: \ud83d\udd38 Step #5 set osu mania speed 26&#xD;
[runtime] 2026-07-29 15:09:26 [verbose]: \ud83d\udd38 Step #6 speed changed&#xD;
[runtime] 2026-07-29 15:09:26 [verbose]: \ud83d\udd38 Step #7 open feedback&#xD;
[runtime] 2026-07-29 15:09:26 [verbose]: \ud83d\udd38 Step #8 disable lane feedback&#xD;
[runtime] 2026-07-29 15:09:26 [verbose]: \ud83d\udd38 Step #9 feedback disabled&#xD;
[runtime] 2026-07-29 15:09:26 [verbose]: \ud83d\udd38 Step #10 disable gameplay keysounds&#xD;
[runtime] 2026-07-29 15:09:26 [verbose]: \ud83d\udd38 Step #11 gameplay keysounds disabled&#xD;
[runtime] 2026-07-29 15:09:26 [verbose]: \ud83d\udd38 Step #12 disable pause when unfocused&#xD;
[runtime] 2026-07-29 15:09:26 [verbose]: \ud83d\udd38 Step #13 pause when unfocused disabled&#xD;
[runtime] 2026-07-29 15:09:27 [verbose]: \ud83d\udd38 Step #14 open 7K bindings&#xD;
[runtime] 2026-07-29 15:09:27 [verbose]: \ud83d\udd38 Step #15 7K selected&#xD;
[runtime] 2026-07-29 15:09:27 [verbose]: \ud83d\udd38 Step #16 start binding capture&#xD;
[runtime] 2026-07-29 15:09:27 [verbose]: \ud83d\udd38 Step #17 bind centre lane&#xD;
[runtime] 2026-07-29 15:09:27 [verbose]: \ud83d\udd38 Step #18 capture completes&#xD;
[runtime] 2026-07-29 15:09:27 [verbose]: \ud83d\udd38 Step #19 restore preferences&#xD;
[runtime] 2026-07-29 15:09:27 [verbose]: ✅ TestSceneSettingsScreen completed</StdOut>
      </Output>
    </UnitTestResult>
    <UnitTestResult executionId="ef2ba205-8e95-41f5-bdd2-889c5f5526d8" testId="e59bc1b0-f2d5-21a0-02a1-d740cfd6528c" testName="DefaultsPreferLowestLatencyNativePath" computerName="MOE" duration="00:00:00.0011730" startTime="2026-07-29T23:09:24.0858893+08:00" endTime="2026-07-29T23:09:24.0870614+08:00" testType="13cdc9d9-ddb5-4fa4-a97d-d965ccfc6d4b" outcome="Passed" testListId="8c84fa94-04c1-424b-9868-57a2d4851a1d" relativeResultsDirectory="ef2ba205-8e95-41f5-bdd2-889c5f5526d8" />
    <UnitTestResult executionId="7acd637d-21eb-4874-97a5-a01589c2612b" testId="c8ffc071-0fba-608c-85a7-1e2bd75d41bd" testName="AvailableAudioBackendsAreOwnedByYokko" computerName="MOE" duration="00:00:00.0067730" startTime="2026-07-29T23:09:24.0248338+08:00" endTime="2026-07-29T23:09:24.0315674+08:00" testType="13cdc9d9-ddb5-4fa4-a97d-d965ccfc6d4b" outcome="Passed" testListId="8c84fa94-04c1-424b-9868-57a2d4851a1d" relativeResultsDirectory="7acd637d-21eb-4874-97a5-a01589c2612b" />
    <UnitTestResult executionId="acdeeea6-51f8-4437-a41f-05a5704296af" testId="1c054d33-85ac-7ed0-a29f-99f899091ea0" testName="TestAudioPreferencesApplyToSharedTruth" computerName="MOE" duration="00:00:00.1266490" startTime="2026-07-29T23:09:25.8978425+08:00" endTime="2026-07-29T23:09:26.0244915+08:00" testType="13cdc9d9-ddb5-4fa4-a97d-d965ccfc6d4b" outcome="Passed" testListId="8c84fa94-04c1-424b-9868-57a2d4851a1d" relativeResultsDirectory="acdeeea6-51f8-4437-a41f-05a5704296af">
      <Output>
        <StdOut>[runtime] 2026-07-29 15:09:25 [verbose]: \ud83d\udca8 Class: TestSceneSettingsScreen&#xD;
[runtime] 2026-07-29 15:09:25 [verbose]: \ud83d\udd36 Test:  TestAudioPreferencesApplyToSharedTruth&#xD;
[runtime] 2026-07-29 15:09:25 [verbose]: \ud83d\udd38 Step #1 open Audio&#xD;
[runtime] 2026-07-29 15:09:25 [verbose]: \ud83d\udd38 Step #2 capture Audio&#xD;
[runtime] 2026-07-29 15:09:25 [verbose]: \ud83d\udd38 Step #3 select shared output&#xD;
[runtime] 2026-07-29 15:09:25 [verbose]: \ud83d\udd38 Step #4 shared output selected&#xD;
[runtime] 2026-07-29 15:09:25 [verbose]: \ud83d\udd38 Step #5 select 256-frame profile&#xD;
[runtime] 2026-07-29 15:09:25 [verbose]: \ud83d\udd38 Step #6 256-frame profile selected&#xD;
[runtime] 2026-07-29 15:09:25 [verbose]: \ud83d\udd38 Step #7 set +12 ms offset&#xD;
[runtime] 2026-07-29 15:09:26 [verbose]: \ud83d\udd38 Step #8 offset selected&#xD;
[runtime] 2026-07-29 15:09:26 [verbose]: \ud83d\udd38 Step #9 restore audio preferences&#xD;
[runtime] 2026-07-29 15:09:26 [verbose]: ✅ TestSceneSettingsScreen completed</StdOut>
      </Output>
    </UnitTestResult>
    <UnitTestResult executionId="4d258201-c6d7-476f-80bf-9e3882233d93" testId="a09e4887-6173-bd36-52eb-a35ee7cfe1f0" testName="TestSidebarSearchAndKeyboardNavigation" computerName="MOE" duration="00:00:00.0844310" startTime="2026-07-29T23:09:27.5162038+08:00" endTime="2026-07-29T23:09:27.6006344+08:00" testType="13cdc9d9-ddb5-4fa4-a97d-d965ccfc6d4b" outcome="Passed" testListId="8c84fa94-04c1-424b-9868-57a2d4851a1d" relativeResultsDirectory="4d258201-c6d7-476f-80bf-9e3882233d93">
      <Output>
        <StdOut>[runtime] 2026-07-29 15:09:27 [verbose]: \ud83d\udca8 Class: TestSceneSettingsScreen&#xD;
[runtime] 2026-07-29 15:09:27 [verbose]: \ud83d\udd36 Test:  TestSidebarSearchAndKeyboardNavigation&#xD;
[runtime] 2026-07-29 15:09:27 [verbose]: \ud83d\udd38 Step #1 capture sidebar&#xD;
[runtime] 2026-07-29 15:09:27 [verbose]: \ud83d\udd38 Step #2 Ctrl+F focuses search&#xD;
[runtime] 2026-07-29 15:09:27 [debug]: Focus changed from nothing to SettingsSearchTextBox.&#xD;
[runtime] 2026-07-29 15:09:27 [verbose]: \ud83d\udd38 Step #3 search audio&#xD;
[runtime] 2026-07-29 15:09:27 [verbose]: \ud83d\udd38 Step #4 search narrows to audio&#xD;
[runtime] 2026-07-29 15:09:27 [verbose]: \ud83d\udd38 Step #5 Enter action opens first result&#xD;
[runtime] 2026-07-29 15:09:27 [debug]: Focus changed from SettingsSearchTextBox to SettingsNavItem.&#xD;
[runtime] 2026-07-29 15:09:27 [verbose]: \ud83d\udd38 Step #6 audio opens and search clears&#xD;
[runtime] 2026-07-29 15:09:27 [verbose]: \ud83d\udd38 Step #7 search for no result&#xD;
[runtime] 2026-07-29 15:09:27 [debug]: Focus on "SettingsNavItem" no longer valid as a result of unfocusIfNoLongerValid.&#xD;
[runtime] 2026-07-29 15:09:27 [debug]: Focus changed from SettingsNavItem to nothing.&#xD;
[runtime] 2026-07-29 15:09:27 [verbose]: \ud83d\udd38 Step #8 empty result cannot submit&#xD;
[runtime] 2026-07-29 15:09:27 [verbose]: \ud83d\udd38 Step #9 clear search&#xD;
[runtime] 2026-07-29 15:09:27 [verbose]: \ud83d\udd38 Step #10 down enters first navigation item&#xD;
[runtime] 2026-07-29 15:09:27 [debug]: Focus changed from nothing to SettingsNavItem.&#xD;
[runtime] 2026-07-29 15:09:27 [verbose]: \ud83d\udd38 Step #11 up wraps to last navigation item&#xD;
[runtime] 2026-07-29 15:09:27 [debug]: Focus changed from SettingsNavItem to SettingsNavItem.&#xD;
[runtime] 2026-07-29 15:09:27 [verbose]: ✅ TestSceneSettingsScreen completed&#xD;
[runtime] 2026-07-29 15:09:27 [debug]: Focus on "SettingsNavItem" no longer valid as a result of unfocusIfNoLongerValid.&#xD;
[runtime] 2026-07-29 15:09:27 [debug]: Focus changed from SettingsNavItem to nothing.</StdOut>
      </Output>
    </UnitTestResult>
    <UnitTestResult executionId="ceb9d0f8-a556-4ade-837a-a48d30cd7f70" testId="1a844c11-d205-c1b0-538b-2758d7badb8e" testName="TestGameplayInputMonitorPresetsAndCalibrationState" computerName="MOE" duration="00:00:00.1357279" startTime="2026-07-29T23:09:26.6805025+08:00" endTime="2026-07-29T23:09:26.8162299+08:00" testType="13cdc9d9-ddb5-4fa4-a97d-d965ccfc6d4b" outcome="Passed" testListId="8c84fa94-04c1-424b-9868-57a2d4851a1d" relativeResultsDirectory="ceb9d0f8-a556-4ade-837a-a48d30cd7f70">
      <Output>
        <StdOut>[runtime] 2026-07-29 15:09:26 [verbose]: \ud83d\udca8 Class: TestSceneSettingsScreen&#xD;
[runtime] 2026-07-29 15:09:26 [verbose]: \ud83d\udd36 Test:  TestGameplayInputMonitorPresetsAndCalibrationState&#xD;
[runtime] 2026-07-29 15:09:26 [verbose]: \ud83d\udd38 Step #1 open Gameplay input&#xD;
[runtime] 2026-07-29 15:09:26 [verbose]: \ud83d\udd38 Step #2 press a bound key&#xD;
[runtime] 2026-07-29 15:09:26 [verbose]: \ud83d\udd38 Step #3 live monitor tracks key down&#xD;
[runtime] 2026-07-29 15:09:26 [verbose]: \ud83d\udd38 Step #4 release the bound key&#xD;
[runtime] 2026-07-29 15:09:26 [verbose]: \ud83d\udd38 Step #5 live monitor clears key up&#xD;
[runtime] 2026-07-29 15:09:26 [verbose]: \ud83d\udd38 Step #6 bind lane one to lane two key&#xD;
[runtime] 2026-07-29 15:09:26 [verbose]: \ud83d\udd38 Step #7 duplicate binding swaps lanes&#xD;
[runtime] 2026-07-29 15:09:26 [verbose]: \ud83d\udd38 Step #8 apply split preset&#xD;
[runtime] 2026-07-29 15:09:26 [verbose]: \ud83d\udd38 Step #9 split preset applied&#xD;
[runtime] 2026-07-29 15:09:26 [verbose]: \ud83d\udd38 Step #10 copy 4K to 7K&#xD;
[runtime] 2026-07-29 15:09:26 [verbose]: \ud83d\udd38 Step #11 central lanes copied to 7K&#xD;
[runtime] 2026-07-29 15:09:26 [verbose]: \ud83d\udd38 Step #12 start calibration state&#xD;
[runtime] 2026-07-29 15:09:26 [verbose]: \ud83d\udd38 Step #13 calibration is active&#xD;
[runtime] 2026-07-29 15:09:26 [verbose]: \ud83d\udd38 Step #14 Esc layer cancels calibration&#xD;
[runtime] 2026-07-29 15:09:26 [verbose]: \ud83d\udd38 Step #15 calibration is cancelled&#xD;
[runtime] 2026-07-29 15:09:26 [verbose]: \ud83d\udd38 Step #16 restore original profiles&#xD;
[runtime] 2026-07-29 15:09:26 [verbose]: ✅ TestSceneSettingsScreen completed</StdOut>
      </Output>
    </UnitTestResult>
    <UnitTestResult executionId="181d0781-c0d1-4c05-a326-8836c855ad41" testId="6293a2e4-0692-8795-730f-b54c0494b707" testName="TestEverySettingsPageCanOpen" computerName="MOE" duration="00:00:00.1988030" startTime="2026-07-29T23:09:26.4814797+08:00" endTime="2026-07-29T23:09:26.6802817+08:00" testType="13cdc9d9-ddb5-4fa4-a97d-d965ccfc6d4b" outcome="Passed" testListId="8c84fa94-04c1-424b-9868-57a2d4851a1d" relativeResultsDirectory="181d0781-c0d1-4c05-a326-8836c855ad41">
      <Output>
        <StdOut>[runtime] 2026-07-29 15:09:26 [verbose]: \ud83d\udca8 Class: TestSceneSettingsScreen&#xD;
[runtime] 2026-07-29 15:09:26 [verbose]: \ud83d\udd36 Test:  TestEverySettingsPageCanOpen&#xD;
[runtime] 2026-07-29 15:09:26 [verbose]: \ud83d\udd38 Step #1 settings navigation supports keyboard focus&#xD;
[runtime] 2026-07-29 15:09:26 [verbose]: \ud83d\udd38 Step #2 open General&#xD;
[runtime] 2026-07-29 15:09:26 [verbose]: \ud83d\udd38 Step #3 General is current&#xD;
[runtime] 2026-07-29 15:09:26 [verbose]: \ud83d\udd38 Step #4 open Display&#xD;
[runtime] 2026-07-29 15:09:26 [verbose]: \ud83d\udd38 Step #5 Display is current&#xD;
[runtime] 2026-07-29 15:09:26 [verbose]: \ud83d\udd38 Step #6 open Audio&#xD;
[runtime] 2026-07-29 15:09:26 [verbose]: \ud83d\udd38 Step #7 Audio is current&#xD;
[runtime] 2026-07-29 15:09:26 [verbose]: \ud83d\udd38 Step #8 open Gameplay&#xD;
[runtime] 2026-07-29 15:09:26 [verbose]: \ud83d\udd38 Step #9 Gameplay is current&#xD;
[runtime] 2026-07-29 15:09:26 [verbose]: \ud83d\udd38 Step #10 open Shortcuts&#xD;
[runtime] 2026-07-29 15:09:26 [verbose]: \ud83d\udd38 Step #11 Shortcuts is current&#xD;
[runtime] 2026-07-29 15:09:26 [verbose]: \ud83d\udd38 Step #12 open Skins&#xD;
[runtime] 2026-07-29 15:09:26 [verbose]: \ud83d\udd38 Step #13 Skins is current&#xD;
[runtime] 2026-07-29 15:09:26 [verbose]: \ud83d\udd38 Step #14 open Editor&#xD;
[runtime] 2026-07-29 15:09:26 [verbose]: \ud83d\udd38 Step #15 Editor is current&#xD;
[runtime] 2026-07-29 15:09:26 [verbose]: \ud83d\udd38 Step #16 open Import&#xD;
[runtime] 2026-07-29 15:09:26 [verbose]: \ud83d\udd38 Step #17 Import is current&#xD;
[runtime] 2026-07-29 15:09:26 [verbose]: \ud83d\udd38 Step #18 open Accessibility&#xD;
[runtime] 2026-07-29 15:09:26 [verbose]: \ud83d\udd38 Step #19 Accessibility is current&#xD;
[runtime] 2026-07-29 15:09:26 [verbose]: \ud83d\udd38 Step #20 open About&#xD;
[runtime] 2026-07-29 15:09:26 [verbose]: \ud83d\udd38 Step #21 About is current&#xD;
[runtime] 2026-07-29 15:09:26 [verbose]: ✅ TestSceneSettingsScreen completed</StdOut>
      </Output>
    </UnitTestResult>
    <UnitTestResult executionId="f9a46ed9-55ba-4813-9a09-4e0b794ba940" testId="889a1db2-1317-4584-ba8d-a755ba5173f7" testName="TestEveryManiaKeyModeAndStandaloneShortcutsCanBeEdited" computerName="MOE" duration="00:00:00.2485800" startTime="2026-07-29T23:09:26.2328566+08:00" endTime="2026-07-29T23:09:26.4814358+08:00" testType="13cdc9d9-ddb5-4fa4-a97d-d965ccfc6d4b" outcome="Passed" testListId="8c84fa94-04c1-424b-9868-57a2d4851a1d" relativeResultsDirectory="f9a46ed9-55ba-4813-9a09-4e0b794ba940">
      <Output>
        <StdOut>[runtime] 2026-07-29 15:09:26 [verbose]: \ud83d\udca8 Class: TestSceneSettingsScreen&#xD;
[runtime] 2026-07-29 15:09:26 [verbose]: \ud83d\udd36 Test:  TestEveryManiaKeyModeAndStandaloneShortcutsCanBeEdited&#xD;
[runtime] 2026-07-29 15:09:26 [verbose]: \ud83d\udd38 Step #1 open Gameplay&#xD;
[runtime] 2026-07-29 15:09:26 [verbose]: \ud83d\udd38 Step #2 capture Gameplay&#xD;
[runtime] 2026-07-29 15:09:26 [verbose]: \ud83d\udd38 Step #3 select 10K + 10K&#xD;
[performance] 2026-07-29 15:09:26 [verbose]: TextureAtlas size exceeded 2 time(s); generating new texture (1024x1024)&#xD;
[runtime] 2026-07-29 15:09:26 [verbose]: \ud83d\udd38 Step #4 all dual-stage lanes are visible&#xD;
[runtime] 2026-07-29 15:09:26 [verbose]: \ud83d\udd38 Step #5 bind final dual-stage lane&#xD;
[runtime] 2026-07-29 15:09:26 [verbose]: \ud83d\udd38 Step #6 20K custom key saved&#xD;
[runtime] 2026-07-29 15:09:26 [verbose]: \ud83d\udd38 Step #7 next wraps to 1K&#xD;
[runtime] 2026-07-29 15:09:26 [verbose]: \ud83d\udd38 Step #8 mode picker wrapped&#xD;
[runtime] 2026-07-29 15:09:26 [verbose]: \ud83d\udd38 Step #9 restore 10K + 10K defaults&#xD;
[runtime] 2026-07-29 15:09:26 [verbose]: \ud83d\udd38 Step #10 open standalone Shortcuts&#xD;
[runtime] 2026-07-29 15:09:26 [verbose]: \ud83d\udd38 Step #11 capture Shortcuts&#xD;
[runtime] 2026-07-29 15:09:26 [verbose]: \ud83d\udd38 Step #12 shortcut controls support keyboard focus&#xD;
[runtime] 2026-07-29 15:09:26 [verbose]: \ud83d\udd38 Step #13 capture custom speed down key&#xD;
[runtime] 2026-07-29 15:09:26 [verbose]: \ud83d\udd38 Step #14 shortcut capture active&#xD;
[runtime] 2026-07-29 15:09:26 [verbose]: \ud83d\udd38 Step #15 bind speed down to F7&#xD;
[runtime] 2026-07-29 15:09:26 [verbose]: \ud83d\udd38 Step #16 custom Mania shortcut saved&#xD;
[runtime] 2026-07-29 15:09:26 [verbose]: \ud83d\udd38 Step #17 customise pause shortcut&#xD;
[runtime] 2026-07-29 15:09:26 [verbose]: \ud83d\udd38 Step #18 open results shortcuts&#xD;
[runtime] 2026-07-29 15:09:26 [verbose]: \ud83d\udd38 Step #19 results shortcut page selected&#xD;
[runtime] 2026-07-29 15:09:26 [verbose]: \ud83d\udd38 Step #20 customise replay shortcut&#xD;
[runtime] 2026-07-29 15:09:26 [verbose]: \ud83d\udd38 Step #21 restore replay shortcut only&#xD;
[runtime] 2026-07-29 15:09:26 [verbose]: \ud83d\udd38 Step #22 single shortcut restored&#xD;
[runtime] 2026-07-29 15:09:26 [verbose]: \ud83d\udd38 Step #23 custom shortcut count is visible to the page&#xD;
[runtime] 2026-07-29 15:09:26 [verbose]: \ud83d\udd38 Step #24 request restore all Mania shortcuts&#xD;
[runtime] 2026-07-29 15:09:26 [verbose]: \ud83d\udd38 Step #25 restore all waits for confirmation&#xD;
[runtime] 2026-07-29 15:09:26 [verbose]: \ud83d\udd38 Step #26 confirm restore all Mania shortcuts&#xD;
[runtime] 2026-07-29 15:09:26 [verbose]: \ud83d\udd38 Step #27 all shortcut defaults restored&#xD;
[runtime] 2026-07-29 15:09:26 [verbose]: \ud83d\udd38 Step #28 undo restore all&#xD;
[runtime] 2026-07-29 15:09:26 [verbose]: \ud83d\udd38 Step #29 custom shortcuts restored by undo&#xD;
[runtime] 2026-07-29 15:09:26 [verbose]: \ud83d\udd38 Step #30 restore all after undo&#xD;
[runtime] 2026-07-29 15:09:26 [verbose]: \ud83d\udd38 Step #31 final defaults restored&#xD;
[runtime] 2026-07-29 15:09:26 [verbose]: ✅ TestSceneSettingsScreen completed</StdOut>
      </Output>
    </UnitTestResult>
    <UnitTestResult executionId="18f6535f-53bd-420e-b1a9-d8880b3f31ee" testId="85619891-c7ed-ba8a-787d-03ecd13bfa5e" testName="GameplayRequestUsesCurrentSettingsTruth" computerName="MOE" duration="00:00:00.0003190" startTime="2026-07-29T23:09:24.0881261+08:00" endTime="2026-07-29T23:09:24.0884448+08:00" testType="13cdc9d9-ddb5-4fa4-a97d-d965ccfc6d4b" outcome="Passed" testListId="8c84fa94-04c1-424b-9868-57a2d4851a1d" relativeResultsDirectory="18f6535f-53bd-420e-b1a9-d8880b3f31ee" />
    <UnitTestResult executionId="c5399f4d-8c37-4e76-9faf-4199a17eb96d" testId="97695b9c-f149-b808-1430-4b4b348b5639" testName="RatedOutputClockReturnsAuthoritativeChartTime(1.5d,1750)" computerName="MOE" duration="00:00:00.0002060" startTime="2026-07-29T23:09:24.0398864+08:00" endTime="2026-07-29T23:09:24.0400921+08:00" testType="13cdc9d9-ddb5-4fa4-a97d-d965ccfc6d4b" outcome="Passed" testListId="8c84fa94-04c1-424b-9868-57a2d4851a1d" relativeResultsDirectory="c5399f4d-8c37-4e76-9faf-4199a17eb96d" />
    <UnitTestResult executionId="1b38c41b-f6ef-4fb7-afda-336d469b4727" testId="5850606b-daba-165f-9798-35876fb049e8" testName="GeneratedSignalsCanUseNativeOutput" computerName="MOE" duration="00:00:00.0106710" startTime="2026-07-29T23:09:24.1781304+08:00" endTime="2026-07-29T23:09:24.1888006+08:00" testType="13cdc9d9-ddb5-4fa4-a97d-d965ccfc6d4b" outcome="NotExecuted" testListId="8c84fa94-04c1-424b-9868-57a2d4851a1d" relativeResultsDirectory="1b38c41b-f6ef-4fb7-afda-336d469b4727">
      <Output>
        <StdOut>Set YOKKO_RUN_AUDIO_SETTINGS_OUTPUT_TEST=1 to run real output.</StdOut>
        <ErrorInfo>
          <Message>Set YOKKO_RUN_AUDIO_SETTINGS_OUTPUT_TEST=1 to run real output.</Message>
        </ErrorInfo>
      </Output>
    </UnitTestResult>
    <UnitTestResult executionId="71f261f1-c4d2-4674-8856-b412dff0dbe8" testId="c56618ff-b785-f8b1-b3a4-5b61ebd0d2c8" testName="TestSettingsTypographyHasReadableMinimumSize" computerName="MOE" duration="00:00:00.1661330" startTime="2026-07-29T23:09:27.3500329+08:00" endTime="2026-07-29T23:09:27.5161660+08:00" testType="13cdc9d9-ddb5-4fa4-a97d-d965ccfc6d4b" outcome="Passed" testListId="8c84fa94-04c1-424b-9868-57a2d4851a1d" relativeResultsDirectory="71f261f1-c4d2-4674-8856-b412dff0dbe8">
      <Output>
        <StdOut>[runtime] 2026-07-29 15:09:27 [verbose]: \ud83d\udca8 Class: TestSceneSettingsScreen&#xD;
[runtime] 2026-07-29 15:09:27 [verbose]: \ud83d\udd36 Test:  TestSettingsTypographyHasReadableMinimumSize&#xD;
[runtime] 2026-07-29 15:09:27 [verbose]: \ud83d\udd38 Step #1 open General&#xD;
[runtime] 2026-07-29 15:09:27 [verbose]: \ud83d\udd38 Step #2 General has no tiny text&#xD;
[runtime] 2026-07-29 15:09:27 [verbose]: \ud83d\udd38 Step #3 open Display&#xD;
[runtime] 2026-07-29 15:09:27 [verbose]: \ud83d\udd38 Step #4 Display has no tiny text&#xD;
[runtime] 2026-07-29 15:09:27 [verbose]: \ud83d\udd38 Step #5 open Audio&#xD;
[runtime] 2026-07-29 15:09:27 [verbose]: \ud83d\udd38 Step #6 Audio has no tiny text&#xD;
[runtime] 2026-07-29 15:09:27 [verbose]: \ud83d\udd38 Step #7 open Gameplay&#xD;
[runtime] 2026-07-29 15:09:27 [verbose]: \ud83d\udd38 Step #8 Gameplay has no tiny text&#xD;
[runtime] 2026-07-29 15:09:27 [verbose]: \ud83d\udd38 Step #9 open Shortcuts&#xD;
[runtime] 2026-07-29 15:09:27 [verbose]: \ud83d\udd38 Step #10 Shortcuts has no tiny text&#xD;
[runtime] 2026-07-29 15:09:27 [verbose]: \ud83d\udd38 Step #11 open Skins&#xD;
[runtime] 2026-07-29 15:09:27 [verbose]: \ud83d\udd38 Step #12 Skins has no tiny text&#xD;
[runtime] 2026-07-29 15:09:27 [verbose]: \ud83d\udd38 Step #13 open Editor&#xD;
[runtime] 2026-07-29 15:09:27 [verbose]: \ud83d\udd38 Step #14 Editor has no tiny text&#xD;
[runtime] 2026-07-29 15:09:27 [verbose]: \ud83d\udd38 Step #15 open Import&#xD;
[runtime] 2026-07-29 15:09:27 [verbose]: \ud83d\udd38 Step #16 Import has no tiny text&#xD;
[runtime] 2026-07-29 15:09:27 [verbose]: \ud83d\udd38 Step #17 open Accessibility&#xD;
[runtime] 2026-07-29 15:09:27 [verbose]: \ud83d\udd38 Step #18 Accessibility has no tiny text&#xD;
[runtime] 2026-07-29 15:09:27 [verbose]: \ud83d\udd38 Step #19 open About&#xD;
[runtime] 2026-07-29 15:09:27 [verbose]: \ud83d\udd38 Step #20 About has no tiny text&#xD;
[runtime] 2026-07-29 15:09:27 [verbose]: ✅ TestSceneSettingsScreen completed</StdOut>
      </Output>
    </UnitTestResult>
    <UnitTestResult executionId="cea57c04-ec4a-41bf-858d-beef42e2f1a1" testId="fa9fd9e9-98a3-80c4-6f8f-a7554e53d57e" testName="GameplayRequestCarriesModAudioPolicy" computerName="MOE" duration="00:00:00.0010120" startTime="2026-07-29T23:09:24.0870894+08:00" endTime="2026-07-29T23:09:24.0881008+08:00" testType="13cdc9d9-ddb5-4fa4-a97d-d965ccfc6d4b" outcome="Passed" testListId="8c84fa94-04c1-424b-9868-57a2d4851a1d" relativeResultsDirectory="cea57c04-ec4a-41bf-858d-beef42e2f1a1" />
    <UnitTestResult executionId="84c9b890-e133-490e-92a8-cb75f59079b6" testId="76b0f0c5-9eae-5f18-a806-81372fe3404e" testName="MasterVolumeAppliesToMusicAndOptionalHitSounds" computerName="MOE" duration="00:00:00.0006060" startTime="2026-07-29T23:09:24.0884586+08:00" endTime="2026-07-29T23:09:24.0890641+08:00" testType="13cdc9d9-ddb5-4fa4-a97d-d965ccfc6d4b" outcome="Passed" testListId="8c84fa94-04c1-424b-9868-57a2d4851a1d" relativeResultsDirectory="84c9b890-e133-490e-92a8-cb75f59079b6" />
    <UnitTestResult executionId="c6596347-a9c8-4f69-8aef-eee734d3e70b" testId="a926ba8c-5d53-6ca8-7420-864a64b84f40" testName="RatedOutputClockReturnsAuthoritativeChartTime(0.75d,1375)" computerName="MOE" duration="00:00:00.0002120" startTime="2026-07-29T23:09:24.0401048+08:00" endTime="2026-07-29T23:09:24.0403168+08:00" testType="13cdc9d9-ddb5-4fa4-a97d-d965ccfc6d4b" outcome="Passed" testListId="8c84fa94-04c1-424b-9868-57a2d4851a1d" relativeResultsDirectory="c6596347-a9c8-4f69-8aef-eee734d3e70b" />
    <UnitTestResult executionId="d51c23eb-079f-4c96-b9c8-e1ee9add2ae6" testId="4d0ccaf5-ccc3-e885-34d5-2ecc96665e4b" testName="TestTransientInteractionsDismissInOrder" computerName="MOE" duration="00:00:00.0972660" startTime="2026-07-29T23:09:27.6534886+08:00" endTime="2026-07-29T23:09:27.7507545+08:00" testType="13cdc9d9-ddb5-4fa4-a97d-d965ccfc6d4b" outcome="Passed" testListId="8c84fa94-04c1-424b-9868-57a2d4851a1d" relativeResultsDirectory="d51c23eb-079f-4c96-b9c8-e1ee9add2ae6">
      <Output>
        <StdOut>[runtime] 2026-07-29 15:09:27 [verbose]: \ud83d\udca8 Class: TestSceneSettingsScreen&#xD;
[runtime] 2026-07-29 15:09:27 [verbose]: \ud83d\udd36 Test:  TestTransientInteractionsDismissInOrder&#xD;
[runtime] 2026-07-29 15:09:27 [verbose]: \ud83d\udd38 Step #1 open Gameplay&#xD;
[runtime] 2026-07-29 15:09:27 [verbose]: \ud83d\udd38 Step #2 capture Gameplay&#xD;
[runtime] 2026-07-29 15:09:27 [verbose]: \ud83d\udd38 Step #3 capture first lane&#xD;
[runtime] 2026-07-29 15:09:27 [verbose]: \ud83d\udd38 Step #4 key capture active&#xD;
[runtime] 2026-07-29 15:09:27 [verbose]: \ud83d\udd38 Step #5 Esc layer dismisses capture&#xD;
[runtime] 2026-07-29 15:09:27 [verbose]: \ud83d\udd38 Step #6 key capture dismissed&#xD;
[runtime] 2026-07-29 15:09:27 [verbose]: \ud83d\udd38 Step #7 open Audio&#xD;
[runtime] 2026-07-29 15:09:27 [verbose]: \ud83d\udd38 Step #8 capture audio&#xD;
[runtime] 2026-07-29 15:09:27 [verbose]: \ud83d\udd38 Step #9 open device menu&#xD;
[runtime] 2026-07-29 15:09:27 [verbose]: \ud83d\udd38 Step #10 device menu open&#xD;
[runtime] 2026-07-29 15:09:27 [verbose]: \ud83d\udd38 Step #11 Esc layer dismisses menu&#xD;
[runtime] 2026-07-29 15:09:27 [verbose]: \ud83d\udd38 Step #12 device menu closed&#xD;
[runtime] 2026-07-29 15:09:27 [verbose]: ✅ TestSceneSettingsScreen completed</StdOut>
      </Output>
    </UnitTestResult>
    <UnitTestResult executionId="a6ce2bb6-51f9-470d-a80f-67c7135426ea" testId="04f6435f-ea5d-d993-57a0-256e4f21ced0" testName="TestStatusCardIconsAreCentred" computerName="MOE" duration="00:00:00.0527770" startTime="2026-07-29T23:09:27.6006689+08:00" endTime="2026-07-29T23:09:27.6534453+08:00" testType="13cdc9d9-ddb5-4fa4-a97d-d965ccfc6d4b" outcome="Passed" testListId="8c84fa94-04c1-424b-9868-57a2d4851a1d" relativeResultsDirectory="a6ce2bb6-51f9-470d-a80f-67c7135426ea">
      <Output>
        <StdOut>[runtime] 2026-07-29 15:09:27 [verbose]: \ud83d\udca8 Class: TestSceneSettingsScreen&#xD;
[runtime] 2026-07-29 15:09:27 [verbose]: \ud83d\udd36 Test:  TestStatusCardIconsAreCentred&#xD;
[runtime] 2026-07-29 15:09:27 [verbose]: \ud83d\udd38 Step #1 open Display&#xD;
[runtime] 2026-07-29 15:09:27 [verbose]: \ud83d\udd38 Step #2 display status icon is centred&#xD;
[runtime] 2026-07-29 15:09:27 [verbose]: \ud83d\udd38 Step #3 open Audio&#xD;
[runtime] 2026-07-29 15:09:27 [verbose]: \ud83d\udd38 Step #4 audio status icon is centred&#xD;
[runtime] 2026-07-29 15:09:27 [verbose]: \ud83d\udd38 Step #5 open General&#xD;
[runtime] 2026-07-29 15:09:27 [verbose]: \ud83d\udd38 Step #6 language status icon is centred&#xD;
[runtime] 2026-07-29 15:09:27 [verbose]: ✅ TestSceneSettingsScreen completed</StdOut>
      </Output>
    </UnitTestResult>
  </Results>
  <TestDefinitions>
    <UnitTest name="TestStatusCardIconsAreCentred" storage="c:\users\nyafa\appdata\local\temp\codex-yokko-asio-managed-final-20260729\bin\yokko.game.tests\debug\yokko.game.tests.dll" id="04f6435f-ea5d-d993-57a0-256e4f21ced0">
      <Execution id="a6ce2bb6-51f9-470d-a80f-67c7135426ea" />
      <TestMethod codeBase="C:\Users\nyafa\AppData\Local\Temp\codex-yokko-asio-managed-final-20260729\bin\Yokko.Game.Tests\debug\Yokko.Game.Tests.dll" adapterTypeName="executor://nunit3testexecutor/" className="Yokko.Game.Tests.Visual.TestSceneSettingsScreen" name="TestStatusCardIconsAreCentred" />
    </UnitTest>
    <UnitTest name="VolumeSliderUsesOnePercentDragAndFivePercentWheelSteps" storage="c:\users\nyafa\appdata\local\temp\codex-yokko-asio-managed-final-20260729\bin\yokko.game.tests\debug\yokko.game.tests.dll" id="3380f949-4be6-7ea6-7c6b-311ca7981ef4">
      <Execution id="3ef08522-d605-4c31-b470-72fff3235ebe" />
      <TestMethod codeBase="C:\Users\nyafa\AppData\Local\Temp\codex-yokko-asio-managed-final-20260729\bin\Yokko.Game.Tests\debug\Yokko.Game.Tests.dll" adapterTypeName="executor://nunit3testexecutor/" className="Yokko.Game.Tests.Core.AudioSettingsTest" name="VolumeSliderUsesOnePercentDragAndFivePercentWheelSteps" />
    </UnitTest>
    <UnitTest name="PausedHomeMusicPersistsWhenConfigIsDisposed" storage="c:\users\nyafa\appdata\local\temp\codex-yokko-asio-managed-final-20260729\bin\yokko.game.tests\debug\yokko.game.tests.dll" id="10a8d28b-eae7-da10-8f3d-7e66626b7048">
      <Execution id="e75d5276-85c7-4d41-8a5d-f95f2c9020ba" />
      <TestMethod codeBase="C:\Users\nyafa\AppData\Local\Temp\codex-yokko-asio-managed-final-20260729\bin\Yokko.Game.Tests\debug\Yokko.Game.Tests.dll" adapterTypeName="executor://nunit3testexecutor/" className="Yokko.Game.Tests.Core.AudioSettingsTest" name="PausedHomeMusicPersistsWhenConfigIsDisposed" />
    </UnitTest>
    <UnitTest name="TestGameplayInputMonitorPresetsAndCalibrationState" storage="c:\users\nyafa\appdata\local\temp\codex-yokko-asio-managed-final-20260729\bin\yokko.game.tests\debug\yokko.game.tests.dll" id="1a844c11-d205-c1b0-538b-2758d7badb8e">
      <Execution id="ceb9d0f8-a556-4ade-837a-a48d30cd7f70" />
      <TestMethod codeBase="C:\Users\nyafa\AppData\Local\Temp\codex-yokko-asio-managed-final-20260729\bin\Yokko.Game.Tests\debug\Yokko.Game.Tests.dll" adapterTypeName="executor://nunit3testexecutor/" className="Yokko.Game.Tests.Visual.TestSceneSettingsScreen" name="TestGameplayInputMonitorPresetsAndCalibrationState" />
    </UnitTest>
    <UnitTest name="AvailableAudioBackendsAreOwnedByYokko" storage="c:\users\nyafa\appdata\local\temp\codex-yokko-asio-managed-final-20260729\bin\yokko.game.tests\debug\yokko.game.tests.dll" id="c8ffc071-0fba-608c-85a7-1e2bd75d41bd">
      <Execution id="7acd637d-21eb-4874-97a5-a01589c2612b" />
      <TestMethod codeBase="C:\Users\nyafa\AppData\Local\Temp\codex-yokko-asio-managed-final-20260729\bin\Yokko.Game.Tests\debug\Yokko.Game.Tests.dll" adapterTypeName="executor://nunit3testexecutor/" className="Yokko.Game.Tests.Core.AudioEngineContractTest" name="AvailableAudioBackendsAreOwnedByYokko" />
    </UnitTest>
    <UnitTest name="GameplayRequestCarriesModAudioPolicy" storage="c:\users\nyafa\appdata\local\temp\codex-yokko-asio-managed-final-20260729\bin\yokko.game.tests\debug\yokko.game.tests.dll" id="fa9fd9e9-98a3-80c4-6f8f-a7554e53d57e">
      <Execution id="cea57c04-ec4a-41bf-858d-beef42e2f1a1" />
      <TestMethod codeBase="C:\Users\nyafa\AppData\Local\Temp\codex-yokko-asio-managed-final-20260729\bin\Yokko.Game.Tests\debug\Yokko.Game.Tests.dll" adapterTypeName="executor://nunit3testexecutor/" className="Yokko.Game.Tests.Core.AudioSettingsTest" name="GameplayRequestCarriesModAudioPolicy" />
    </UnitTest>
    <UnitTest name="TestEveryManiaKeyModeAndStandaloneShortcutsCanBeEdited" storage="c:\users\nyafa\appdata\local\temp\codex-yokko-asio-managed-final-20260729\bin\yokko.game.tests\debug\yokko.game.tests.dll" id="889a1db2-1317-4584-ba8d-a755ba5173f7">
      <Execution id="f9a46ed9-55ba-4813-9a09-4e0b794ba940" />
      <TestMethod codeBase="C:\Users\nyafa\AppData\Local\Temp\codex-yokko-asio-managed-final-20260729\bin\Yokko.Game.Tests\debug\Yokko.Game.Tests.dll" adapterTypeName="executor://nunit3testexecutor/" className="Yokko.Game.Tests.Visual.TestSceneSettingsScreen" name="TestEveryManiaKeyModeAndStandaloneShortcutsCanBeEdited" />
    </UnitTest>
    <UnitTest name="TestEverySettingsPageCanOpen" storage="c:\users\nyafa\appdata\local\temp\codex-yokko-asio-managed-final-20260729\bin\yokko.game.tests\debug\yokko.game.tests.dll" id="6293a2e4-0692-8795-730f-b54c0494b707">
      <Execution id="181d0781-c0d1-4c05-a326-8836c855ad41" />
      <TestMethod codeBase="C:\Users\nyafa\AppData\Local\Temp\codex-yokko-asio-managed-final-20260729\bin\Yokko.Game.Tests\debug\Yokko.Game.Tests.dll" adapterTypeName="executor://nunit3testexecutor/" className="Yokko.Game.Tests.Visual.TestSceneSettingsScreen" name="TestEverySettingsPageCanOpen" />
    </UnitTest>
    <UnitTest name="NativeEngineOpensARealAsioStream" storage="c:\users\nyafa\appdata\local\temp\codex-yokko-asio-managed-final-20260729\bin\yokko.game.tests\debug\yokko.game.tests.dll" id="be51449c-7d44-bb60-3704-c0c916dd9f63">
      <Execution id="7abe0b12-fd2a-4783-8159-9ff1d0575eb3" />
      <TestMethod codeBase="C:\Users\nyafa\AppData\Local\Temp\codex-yokko-asio-managed-final-20260729\bin\Yokko.Game.Tests\debug\Yokko.Game.Tests.dll" adapterTypeName="executor://nunit3testexecutor/" className="Yokko.Game.Tests.Core.NativeAudioEngineTest" name="NativeEngineOpensARealAsioStream" />
    </UnitTest>
    <UnitTest name="TestScrollSpeedCanBeAdjustedFromGeneral" storage="c:\users\nyafa\appdata\local\temp\codex-yokko-asio-managed-final-20260729\bin\yokko.game.tests\debug\yokko.game.tests.dll" id="2175ca21-910b-daa3-8cd8-60c2f3993d8f">
      <Execution id="786a5a3a-a5db-4aa9-a440-0620f0878ca7" />
      <TestMethod codeBase="C:\Users\nyafa\AppData\Local\Temp\codex-yokko-asio-managed-final-20260729\bin\Yokko.Game.Tests\debug\Yokko.Game.Tests.dll" adapterTypeName="executor://nunit3testexecutor/" className="Yokko.Game.Tests.Visual.TestSceneSettingsScreen" name="TestScrollSpeedCanBeAdjustedFromGeneral" />
    </UnitTest>
    <UnitTest name="TestSidebarSearchAndKeyboardNavigation" storage="c:\users\nyafa\appdata\local\temp\codex-yokko-asio-managed-final-20260729\bin\yokko.game.tests\debug\yokko.game.tests.dll" id="a09e4887-6173-bd36-52eb-a35ee7cfe1f0">
      <Execution id="4d258201-c6d7-476f-80bf-9e3882233d93" />
      <TestMethod codeBase="C:\Users\nyafa\AppData\Local\Temp\codex-yokko-asio-managed-final-20260729\bin\Yokko.Game.Tests\debug\Yokko.Game.Tests.dll" adapterTypeName="executor://nunit3testexecutor/" className="Yokko.Game.Tests.Visual.TestSceneSettingsScreen" name="TestSidebarSearchAndKeyboardNavigation" />
    </UnitTest>
    <UnitTest name="TestCommonSettingsControlsSupportKeyboardFocus" storage="c:\users\nyafa\appdata\local\temp\codex-yokko-asio-managed-final-20260729\bin\yokko.game.tests\debug\yokko.game.tests.dll" id="57d48b20-b5e3-fc4f-b965-58cc8be2f748">
      <Execution id="450c3184-bf62-4e78-a507-dfc3f31d94bc" />
      <TestMethod codeBase="C:\Users\nyafa\AppData\Local\Temp\codex-yokko-asio-managed-final-20260729\bin\Yokko.Game.Tests\debug\Yokko.Game.Tests.dll" adapterTypeName="executor://nunit3testexecutor/" className="Yokko.Game.Tests.Visual.TestSceneSettingsScreen" name="TestCommonSettingsControlsSupportKeyboardFocus" />
    </UnitTest>
    <UnitTest name="TestLanguageCanBeChangedImmediately" storage="c:\users\nyafa\appdata\local\temp\codex-yokko-asio-managed-final-20260729\bin\yokko.game.tests\debug\yokko.game.tests.dll" id="194cc5df-4cef-a9b6-4049-3029f4786900">
      <Execution id="76c7fa04-b48f-4537-8791-2281b5f87a20" />
      <TestMethod codeBase="C:\Users\nyafa\AppData\Local\Temp\codex-yokko-asio-managed-final-20260729\bin\Yokko.Game.Tests\debug\Yokko.Game.Tests.dll" adapterTypeName="executor://nunit3testexecutor/" className="Yokko.Game.Tests.Visual.TestSceneSettingsScreen" name="TestLanguageCanBeChangedImmediately" />
    </UnitTest>
    <UnitTest name="TestSignalsUseTheirRealMixBuses" storage="c:\users\nyafa\appdata\local\temp\codex-yokko-asio-managed-final-20260729\bin\yokko.game.tests\debug\yokko.game.tests.dll" id="7d1ec182-e4fb-cb1d-7928-56e01d38f109">
      <Execution id="a8321842-5fba-4306-a15c-2d61aa43a707" />
      <TestMethod codeBase="C:\Users\nyafa\AppData\Local\Temp\codex-yokko-asio-managed-final-20260729\bin\Yokko.Game.Tests\debug\Yokko.Game.Tests.dll" adapterTypeName="executor://nunit3testexecutor/" className="Yokko.Game.Tests.Core.AudioSettingsTestPlayerTest" name="TestSignalsUseTheirRealMixBuses" />
    </UnitTest>
    <UnitTest name="GeneratedSignalsCanUseNativeOutput" storage="c:\users\nyafa\appdata\local\temp\codex-yokko-asio-managed-final-20260729\bin\yokko.game.tests\debug\yokko.game.tests.dll" id="5850606b-daba-165f-9798-35876fb049e8">
      <Execution id="1b38c41b-f6ef-4fb7-afda-336d469b4727" />
      <TestMethod codeBase="C:\Users\nyafa\AppData\Local\Temp\codex-yokko-asio-managed-final-20260729\bin\Yokko.Game.Tests\debug\Yokko.Game.Tests.dll" adapterTypeName="executor://nunit3testexecutor/" className="Yokko.Game.Tests.Core.AudioSettingsTestPlayerTest" name="GeneratedSignalsCanUseNativeOutput" />
    </UnitTest>
    <UnitTest name="RuntimeAudioStatusIsAValueSnapshot" storage="c:\users\nyafa\appdata\local\temp\codex-yokko-asio-managed-final-20260729\bin\yokko.game.tests\debug\yokko.game.tests.dll" id="0d5275eb-0283-0f93-9219-7a0268274ab7">
      <Execution id="d11f1c00-f626-4d28-9e04-0a2d2e39d0bb" />
      <TestMethod codeBase="C:\Users\nyafa\AppData\Local\Temp\codex-yokko-asio-managed-final-20260729\bin\Yokko.Game.Tests\debug\Yokko.Game.Tests.dll" adapterTypeName="executor://nunit3testexecutor/" className="Yokko.Game.Tests.Core.AudioEngineContractTest" name="RuntimeAudioStatusIsAValueSnapshot" />
    </UnitTest>
    <UnitTest name="DisabledHitSoundsCannotBeTested" storage="c:\users\nyafa\appdata\local\temp\codex-yokko-asio-managed-final-20260729\bin\yokko.game.tests\debug\yokko.game.tests.dll" id="a52ff22b-efbc-e593-e00d-cff431469f4a">
      <Execution id="fe38bb64-e6c9-4cf6-9371-33798857bd09" />
      <TestMethod codeBase="C:\Users\nyafa\AppData\Local\Temp\codex-yokko-asio-managed-final-20260729\bin\Yokko.Game.Tests\debug\Yokko.Game.Tests.dll" adapterTypeName="executor://nunit3testexecutor/" className="Yokko.Game.Tests.Core.AudioSettingsTestPlayerTest" name="DisabledHitSoundsCannotBeTested" />
    </UnitTest>
    <UnitTest name="TestSettingsTypographyHasReadableMinimumSize" storage="c:\users\nyafa\appdata\local\temp\codex-yokko-asio-managed-final-20260729\bin\yokko.game.tests\debug\yokko.game.tests.dll" id="c56618ff-b785-f8b1-b3a4-5b61ebd0d2c8">
      <Execution id="71f261f1-c4d2-4674-8856-b412dff0dbe8" />
      <TestMethod codeBase="C:\Users\nyafa\AppData\Local\Temp\codex-yokko-asio-managed-final-20260729\bin\Yokko.Game.Tests\debug\Yokko.Game.Tests.dll" adapterTypeName="executor://nunit3testexecutor/" className="Yokko.Game.Tests.Visual.TestSceneSettingsScreen" name="TestSettingsTypographyHasReadableMinimumSize" />
    </UnitTest>
    <UnitTest name="TestSettingsScreen" storage="c:\users\nyafa\appdata\local\temp\codex-yokko-asio-managed-final-20260729\bin\yokko.game.tests\debug\yokko.game.tests.dll" id="c3e62ad2-3cc4-3c6b-4192-beb0e5a9369d">
      <Execution id="bb08b5f2-8043-422b-8d69-70b05cfa5fa8" />
      <TestMethod codeBase="C:\Users\nyafa\AppData\Local\Temp\codex-yokko-asio-managed-final-20260729\bin\Yokko.Game.Tests\debug\Yokko.Game.Tests.dll" adapterTypeName="executor://nunit3testexecutor/" className="Yokko.Game.Tests.Visual.TestSceneSettingsScreen" name="TestSettingsScreen" />
    </UnitTest>
    <UnitTest name="AsioDiscoveryIsPassiveAndUsesBackendScopedIds" storage="c:\users\nyafa\appdata\local\temp\codex-yokko-asio-managed-final-20260729\bin\yokko.game.tests\debug\yokko.game.tests.dll" id="4a61a3e7-8090-ada2-48b9-be19bf29fbcc">
      <Execution id="258c15aa-9885-436a-9224-841aceb84a6a" />
      <TestMethod codeBase="C:\Users\nyafa\AppData\Local\Temp\codex-yokko-asio-managed-final-20260729\bin\Yokko.Game.Tests\debug\Yokko.Game.Tests.dll" adapterTypeName="executor://nunit3testexecutor/" className="Yokko.Game.Tests.Core.NativeAudioInteropTest" name="AsioDiscoveryIsPassiveAndUsesBackendScopedIds" />
    </UnitTest>
    <UnitTest name="TestInterfaceScaleIsInteractive" storage="c:\users\nyafa\appdata\local\temp\codex-yokko-asio-managed-final-20260729\bin\yokko.game.tests\debug\yokko.game.tests.dll" id="16c81246-792a-6291-dd10-6068e8b3aaae">
      <Execution id="0f5a757c-504c-438f-abc1-6fad55c97c88" />
      <TestMethod codeBase="C:\Users\nyafa\AppData\Local\Temp\codex-yokko-asio-managed-final-20260729\bin\Yokko.Game.Tests\debug\Yokko.Game.Tests.dll" adapterTypeName="executor://nunit3testexecutor/" className="Yokko.Game.Tests.Visual.TestSceneSettingsScreen" name="TestInterfaceScaleIsInteractive" />
    </UnitTest>
    <UnitTest name="AsioUsesItsOwnRememberedDevice" storage="c:\users\nyafa\appdata\local\temp\codex-yokko-asio-managed-final-20260729\bin\yokko.game.tests\debug\yokko.game.tests.dll" id="c3483429-9122-27d0-8c5f-e284b93c8772">
      <Execution id="94ac3b36-4ce6-4b86-88ee-71512921a14b" />
      <TestMethod codeBase="C:\Users\nyafa\AppData\Local\Temp\codex-yokko-asio-managed-final-20260729\bin\Yokko.Game.Tests\debug\Yokko.Game.Tests.dll" adapterTypeName="executor://nunit3testexecutor/" className="Yokko.Game.Tests.Core.AudioSettingsTest" name="AsioUsesItsOwnRememberedDevice" />
    </UnitTest>
    <UnitTest name="AudioPreferencesPersistAcrossConfigInstances" storage="c:\users\nyafa\appdata\local\temp\codex-yokko-asio-managed-final-20260729\bin\yokko.game.tests\debug\yokko.game.tests.dll" id="a5ec4764-70f6-ba72-3740-1b546e181768">
      <Execution id="8d2e6d54-c008-44db-8f57-062bb97651ff" />
      <TestMethod codeBase="C:\Users\nyafa\AppData\Local\Temp\codex-yokko-asio-managed-final-20260729\bin\Yokko.Game.Tests\debug\Yokko.Game.Tests.dll" adapterTypeName="executor://nunit3testexecutor/" className="Yokko.Game.Tests.Core.AudioSettingsTest" name="AudioPreferencesPersistAcrossConfigInstances" />
    </UnitTest>
    <UnitTest name="TestGameplayKeysCanBeCapturedAsASequence" storage="c:\users\nyafa\appdata\local\temp\codex-yokko-asio-managed-final-20260729\bin\yokko.game.tests\debug\yokko.game.tests.dll" id="2a47721b-d424-b3d2-969a-59f8d105d77f">
      <Execution id="62fac98e-2e97-430f-b619-5f87cbda339f" />
      <TestMethod codeBase="C:\Users\nyafa\AppData\Local\Temp\codex-yokko-asio-managed-final-20260729\bin\Yokko.Game.Tests\debug\Yokko.Game.Tests.dll" adapterTypeName="executor://nunit3testexecutor/" className="Yokko.Game.Tests.Visual.TestSceneSettingsScreen" name="TestGameplayKeysCanBeCapturedAsASequence" />
    </UnitTest>
    <UnitTest name="TestConstructor" storage="c:\users\nyafa\appdata\local\temp\codex-yokko-asio-managed-final-20260729\bin\yokko.game.tests\debug\yokko.game.tests.dll" id="ff61aaf0-d864-8855-1ace-cb69dc8ac300">
      <Execution id="6de18f92-6dcd-4e9e-bdb9-e56225714697" />
      <TestMethod codeBase="C:\Users\nyafa\AppData\Local\Temp\codex-yokko-asio-managed-final-20260729\bin\Yokko.Game.Tests\debug\Yokko.Game.Tests.dll" adapterTypeName="executor://nunit3testexecutor/" className="Yokko.Game.Tests.Visual.TestSceneSettingsScreen" name="TestConstructor" />
    </UnitTest>
    <UnitTest name="GameplayRequestUsesCurrentSettingsTruth" storage="c:\users\nyafa\appdata\local\temp\codex-yokko-asio-managed-final-20260729\bin\yokko.game.tests\debug\yokko.game.tests.dll" id="85619891-c7ed-ba8a-787d-03ecd13bfa5e">
      <Execution id="18f6535f-53bd-420e-b1a9-d8880b3f31ee" />
      <TestMethod codeBase="C:\Users\nyafa\AppData\Local\Temp\codex-yokko-asio-managed-final-20260729\bin\Yokko.Game.Tests\debug\Yokko.Game.Tests.dll" adapterTypeName="executor://nunit3testexecutor/" className="Yokko.Game.Tests.Core.AudioSettingsTest" name="GameplayRequestUsesCurrentSettingsTruth" />
    </UnitTest>
    <UnitTest name="DefaultsPreferLowestLatencyNativePath" storage="c:\users\nyafa\appdata\local\temp\codex-yokko-asio-managed-final-20260729\bin\yokko.game.tests\debug\yokko.game.tests.dll" id="e59bc1b0-f2d5-21a0-02a1-d740cfd6528c">
      <Execution id="ef2ba205-8e95-41f5-bdd2-889c5f5526d8" />
      <TestMethod codeBase="C:\Users\nyafa\AppData\Local\Temp\codex-yokko-asio-managed-final-20260729\bin\Yokko.Game.Tests\debug\Yokko.Game.Tests.dll" adapterTypeName="executor://nunit3testexecutor/" className="Yokko.Game.Tests.Core.AudioSettingsTest" name="DefaultsPreferLowestLatencyNativePath" />
    </UnitTest>
    <UnitTest name="MasterVolumeAppliesToMusicAndOptionalHitSounds" storage="c:\users\nyafa\appdata\local\temp\codex-yokko-asio-managed-final-20260729\bin\yokko.game.tests\debug\yokko.game.tests.dll" id="76b0f0c5-9eae-5f18-a806-81372fe3404e">
      <Execution id="84c9b890-e133-490e-92a8-cb75f59079b6" />
      <TestMethod codeBase="C:\Users\nyafa\AppData\Local\Temp\codex-yokko-asio-managed-final-20260729\bin\Yokko.Game.Tests\debug\Yokko.Game.Tests.dll" adapterTypeName="executor://nunit3testexecutor/" className="Yokko.Game.Tests.Core.AudioSettingsTest" name="MasterVolumeAppliesToMusicAndOptionalHitSounds" />
    </UnitTest>
    <UnitTest name="TestAudioPreferencesApplyToSharedTruth" storage="c:\users\nyafa\appdata\local\temp\codex-yokko-asio-managed-final-20260729\bin\yokko.game.tests\debug\yokko.game.tests.dll" id="1c054d33-85ac-7ed0-a29f-99f899091ea0">
      <Execution id="acdeeea6-51f8-4437-a41f-05a5704296af" />
      <TestMethod codeBase="C:\Users\nyafa\AppData\Local\Temp\codex-yokko-asio-managed-final-20260729\bin\Yokko.Game.Tests\debug\Yokko.Game.Tests.dll" adapterTypeName="executor://nunit3testexecutor/" className="Yokko.Game.Tests.Visual.TestSceneSettingsScreen" name="TestAudioPreferencesApplyToSharedTruth" />
    </UnitTest>
    <UnitTest name="TestGameplayPreferencesAreInteractive" storage="c:\users\nyafa\appdata\local\temp\codex-yokko-asio-managed-final-20260729\bin\yokko.game.tests\debug\yokko.game.tests.dll" id="ff1982af-2a83-77b1-e06c-37cd30b8c3b8">
      <Execution id="555616ef-a2f8-46d5-b2cf-01a2cb6ff434" />
      <TestMethod codeBase="C:\Users\nyafa\AppData\Local\Temp\codex-yokko-asio-managed-final-20260729\bin\Yokko.Game.Tests\debug\Yokko.Game.Tests.dll" adapterTypeName="executor://nunit3testexecutor/" className="Yokko.Game.Tests.Visual.TestSceneSettingsScreen" name="TestGameplayPreferencesAreInteractive" />
    </UnitTest>
    <UnitTest name="TestImportPageShowsCapabilitiesAndUpdatesPreferences" storage="c:\users\nyafa\appdata\local\temp\codex-yokko-asio-managed-final-20260729\bin\yokko.game.tests\debug\yokko.game.tests.dll" id="44e5e125-3196-6915-92bf-8369e0927a40">
      <Execution id="aa06e8f3-4aad-4214-8fa1-fb4468474f22" />
      <TestMethod codeBase="C:\Users\nyafa\AppData\Local\Temp\codex-yokko-asio-managed-final-20260729\bin\Yokko.Game.Tests\debug\Yokko.Game.Tests.dll" adapterTypeName="executor://nunit3testexecutor/" className="Yokko.Game.Tests.Visual.TestSceneSettingsScreen" name="TestImportPageShowsCapabilitiesAndUpdatesPreferences" />
    </UnitTest>
    <UnitTest name="TestTransientInteractionsDismissInOrder" storage="c:\users\nyafa\appdata\local\temp\codex-yokko-asio-managed-final-20260729\bin\yokko.game.tests\debug\yokko.game.tests.dll" id="4d0ccaf5-ccc3-e885-34d5-2ecc96665e4b">
      <Execution id="d51c23eb-079f-4c96-b9c8-e1ee9add2ae6" />
      <TestMethod codeBase="C:\Users\nyafa\AppData\Local\Temp\codex-yokko-asio-managed-final-20260729\bin\Yokko.Game.Tests\debug\Yokko.Game.Tests.dll" adapterTypeName="executor://nunit3testexecutor/" className="Yokko.Game.Tests.Visual.TestSceneSettingsScreen" name="TestTransientInteractionsDismissInOrder" />
    </UnitTest>
    <UnitTest name="TestAudioVolumeAndHitSoundsAreInteractive" storage="c:\users\nyafa\appdata\local\temp\codex-yokko-asio-managed-final-20260729\bin\yokko.game.tests\debug\yokko.game.tests.dll" id="3235654a-bdab-1474-e76a-6b9acd95026f">
      <Execution id="fe93ff1c-0dc1-466d-a40e-8d4e885e98a7" />
      <TestMethod codeBase="C:\Users\nyafa\AppData\Local\Temp\codex-yokko-asio-managed-final-20260729\bin\Yokko.Game.Tests\debug\Yokko.Game.Tests.dll" adapterTypeName="executor://nunit3testexecutor/" className="Yokko.Game.Tests.Visual.TestSceneSettingsScreen" name="TestAudioVolumeAndHitSoundsAreInteractive" />
    </UnitTest>
    <UnitTest name="NullAudioEngineSupportsPlaybackControlsAsNoOps" storage="c:\users\nyafa\appdata\local\temp\codex-yokko-asio-managed-final-20260729\bin\yokko.game.tests\debug\yokko.game.tests.dll" id="2f6ca366-ec48-789d-34e5-aa3489221074">
      <Execution id="220bde8d-d2ec-4dff-8a28-67d86defc8c3" />
      <TestMethod codeBase="C:\Users\nyafa\AppData\Local\Temp\codex-yokko-asio-managed-final-20260729\bin\Yokko.Game.Tests\debug\Yokko.Game.Tests.dll" adapterTypeName="executor://nunit3testexecutor/" className="Yokko.Game.Tests.Core.AudioEngineContractTest" name="NullAudioEngineSupportsPlaybackControlsAsNoOps" />
    </UnitTest>
    <UnitTest name="RatedOutputClockReturnsAuthoritativeChartTime(0.75d,1375)" storage="c:\users\nyafa\appdata\local\temp\codex-yokko-asio-managed-final-20260729\bin\yokko.game.tests\debug\yokko.game.tests.dll" id="a926ba8c-5d53-6ca8-7420-864a64b84f40">
      <Execution id="c6596347-a9c8-4f69-8aef-eee734d3e70b" />
      <TestMethod codeBase="C:\Users\nyafa\AppData\Local\Temp\codex-yokko-asio-managed-final-20260729\bin\Yokko.Game.Tests\debug\Yokko.Game.Tests.dll" adapterTypeName="executor://nunit3testexecutor/" className="Yokko.Game.Tests.Core.AudioEngineContractTest" name="RatedOutputClockReturnsAuthoritativeChartTime(0.75d,1375)" />
    </UnitTest>
    <UnitTest name="RatedOutputClockReturnsAuthoritativeChartTime(1.5d,1750)" storage="c:\users\nyafa\appdata\local\temp\codex-yokko-asio-managed-final-20260729\bin\yokko.game.tests\debug\yokko.game.tests.dll" id="97695b9c-f149-b808-1430-4b4b348b5639">
      <Execution id="c5399f4d-8c37-4e76-9faf-4199a17eb96d" />
      <TestMethod codeBase="C:\Users\nyafa\AppData\Local\Temp\codex-yokko-asio-managed-final-20260729\bin\Yokko.Game.Tests\debug\Yokko.Game.Tests.dll" adapterTypeName="executor://nunit3testexecutor/" className="Yokko.Game.Tests.Core.AudioEngineContractTest" name="RatedOutputClockReturnsAuthoritativeChartTime(1.5d,1750)" />
    </UnitTest>
  </TestDefinitions>
  <TestEntries>
    <TestEntry testId="194cc5df-4cef-a9b6-4049-3029f4786900" executionId="76c7fa04-b48f-4537-8791-2281b5f87a20" testListId="8c84fa94-04c1-424b-9868-57a2d4851a1d" />
    <TestEntry testId="10a8d28b-eae7-da10-8f3d-7e66626b7048" executionId="e75d5276-85c7-4d41-8a5d-f95f2c9020ba" testListId="8c84fa94-04c1-424b-9868-57a2d4851a1d" />
    <TestEntry testId="a52ff22b-efbc-e593-e00d-cff431469f4a" executionId="fe38bb64-e6c9-4cf6-9371-33798857bd09" testListId="8c84fa94-04c1-424b-9868-57a2d4851a1d" />
    <TestEntry testId="7d1ec182-e4fb-cb1d-7928-56e01d38f109" executionId="a8321842-5fba-4306-a15c-2d61aa43a707" testListId="8c84fa94-04c1-424b-9868-57a2d4851a1d" />
    <TestEntry testId="ff61aaf0-d864-8855-1ace-cb69dc8ac300" executionId="6de18f92-6dcd-4e9e-bdb9-e56225714697" testListId="8c84fa94-04c1-424b-9868-57a2d4851a1d" />
    <TestEntry testId="2175ca21-910b-daa3-8cd8-60c2f3993d8f" executionId="786a5a3a-a5db-4aa9-a440-0620f0878ca7" testListId="8c84fa94-04c1-424b-9868-57a2d4851a1d" />
    <TestEntry testId="16c81246-792a-6291-dd10-6068e8b3aaae" executionId="0f5a757c-504c-438f-abc1-6fad55c97c88" testListId="8c84fa94-04c1-424b-9868-57a2d4851a1d" />
    <TestEntry testId="c3e62ad2-3cc4-3c6b-4192-beb0e5a9369d" executionId="bb08b5f2-8043-422b-8d69-70b05cfa5fa8" testListId="8c84fa94-04c1-424b-9868-57a2d4851a1d" />
    <TestEntry testId="2a47721b-d424-b3d2-969a-59f8d105d77f" executionId="62fac98e-2e97-430f-b619-5f87cbda339f" testListId="8c84fa94-04c1-424b-9868-57a2d4851a1d" />
    <TestEntry testId="c3483429-9122-27d0-8c5f-e284b93c8772" executionId="94ac3b36-4ce6-4b86-88ee-71512921a14b" testListId="8c84fa94-04c1-424b-9868-57a2d4851a1d" />
    <TestEntry testId="4a61a3e7-8090-ada2-48b9-be19bf29fbcc" executionId="258c15aa-9885-436a-9224-841aceb84a6a" testListId="8c84fa94-04c1-424b-9868-57a2d4851a1d" />
    <TestEntry testId="44e5e125-3196-6915-92bf-8369e0927a40" executionId="aa06e8f3-4aad-4214-8fa1-fb4468474f22" testListId="8c84fa94-04c1-424b-9868-57a2d4851a1d" />
    <TestEntry testId="57d48b20-b5e3-fc4f-b965-58cc8be2f748" executionId="450c3184-bf62-4e78-a507-dfc3f31d94bc" testListId="8c84fa94-04c1-424b-9868-57a2d4851a1d" />
    <TestEntry testId="2f6ca366-ec48-789d-34e5-aa3489221074" executionId="220bde8d-d2ec-4dff-8a28-67d86defc8c3" testListId="8c84fa94-04c1-424b-9868-57a2d4851a1d" />
    <TestEntry testId="0d5275eb-0283-0f93-9219-7a0268274ab7" executionId="d11f1c00-f626-4d28-9e04-0a2d2e39d0bb" testListId="8c84fa94-04c1-424b-9868-57a2d4851a1d" />
    <TestEntry testId="be51449c-7d44-bb60-3704-c0c916dd9f63" executionId="7abe0b12-fd2a-4783-8159-9ff1d0575eb3" testListId="8c84fa94-04c1-424b-9868-57a2d4851a1d" />
    <TestEntry testId="3235654a-bdab-1474-e76a-6b9acd95026f" executionId="fe93ff1c-0dc1-466d-a40e-8d4e885e98a7" testListId="8c84fa94-04c1-424b-9868-57a2d4851a1d" />
    <TestEntry testId="3380f949-4be6-7ea6-7c6b-311ca7981ef4" executionId="3ef08522-d605-4c31-b470-72fff3235ebe" testListId="8c84fa94-04c1-424b-9868-57a2d4851a1d" />
    <TestEntry testId="a5ec4764-70f6-ba72-3740-1b546e181768" executionId="8d2e6d54-c008-44db-8f57-062bb97651ff" testListId="8c84fa94-04c1-424b-9868-57a2d4851a1d" />
    <TestEntry testId="ff1982af-2a83-77b1-e06c-37cd30b8c3b8" executionId="555616ef-a2f8-46d5-b2cf-01a2cb6ff434" testListId="8c84fa94-04c1-424b-9868-57a2d4851a1d" />
    <TestEntry testId="e59bc1b0-f2d5-21a0-02a1-d740cfd6528c" executionId="ef2ba205-8e95-41f5-bdd2-889c5f5526d8" testListId="8c84fa94-04c1-424b-9868-57a2d4851a1d" />
    <TestEntry testId="c8ffc071-0fba-608c-85a7-1e2bd75d41bd" executionId="7acd637d-21eb-4874-97a5-a01589c2612b" testListId="8c84fa94-04c1-424b-9868-57a2d4851a1d" />
    <TestEntry testId="1c054d33-85ac-7ed0-a29f-99f899091ea0" executionId="acdeeea6-51f8-4437-a41f-05a5704296af" testListId="8c84fa94-04c1-424b-9868-57a2d4851a1d" />
    <TestEntry testId="a09e4887-6173-bd36-52eb-a35ee7cfe1f0" executionId="4d258201-c6d7-476f-80bf-9e3882233d93" testListId="8c84fa94-04c1-424b-9868-57a2d4851a1d" />
    <TestEntry testId="1a844c11-d205-c1b0-538b-2758d7badb8e" executionId="ceb9d0f8-a556-4ade-837a-a48d30cd7f70" testListId="8c84fa94-04c1-424b-9868-57a2d4851a1d" />
    <TestEntry testId="6293a2e4-0692-8795-730f-b54c0494b707" executionId="181d0781-c0d1-4c05-a326-8836c855ad41" testListId="8c84fa94-04c1-424b-9868-57a2d4851a1d" />
    <TestEntry testId="889a1db2-1317-4584-ba8d-a755ba5173f7" executionId="f9a46ed9-55ba-4813-9a09-4e0b794ba940" testListId="8c84fa94-04c1-424b-9868-57a2d4851a1d" />
    <TestEntry testId="85619891-c7ed-ba8a-787d-03ecd13bfa5e" executionId="18f6535f-53bd-420e-b1a9-d8880b3f31ee" testListId="8c84fa94-04c1-424b-9868-57a2d4851a1d" />
    <TestEntry testId="97695b9c-f149-b808-1430-4b4b348b5639" executionId="c5399f4d-8c37-4e76-9faf-4199a17eb96d" testListId="8c84fa94-04c1-424b-9868-57a2d4851a1d" />
    <TestEntry testId="5850606b-daba-165f-9798-35876fb049e8" executionId="1b38c41b-f6ef-4fb7-afda-336d469b4727" testListId="8c84fa94-04c1-424b-9868-57a2d4851a1d" />
    <TestEntry testId="c56618ff-b785-f8b1-b3a4-5b61ebd0d2c8" executionId="71f261f1-c4d2-4674-8856-b412dff0dbe8" testListId="8c84fa94-04c1-424b-9868-57a2d4851a1d" />
    <TestEntry testId="fa9fd9e9-98a3-80c4-6f8f-a7554e53d57e" executionId="cea57c04-ec4a-41bf-858d-beef42e2f1a1" testListId="8c84fa94-04c1-424b-9868-57a2d4851a1d" />
    <TestEntry testId="76b0f0c5-9eae-5f18-a806-81372fe3404e" executionId="84c9b890-e133-490e-92a8-cb75f59079b6" testListId="8c84fa94-04c1-424b-9868-57a2d4851a1d" />
    <TestEntry testId="a926ba8c-5d53-6ca8-7420-864a64b84f40" executionId="c6596347-a9c8-4f69-8aef-eee734d3e70b" testListId="8c84fa94-04c1-424b-9868-57a2d4851a1d" />
    <TestEntry testId="4d0ccaf5-ccc3-e885-34d5-2ecc96665e4b" executionId="d51c23eb-079f-4c96-b9c8-e1ee9add2ae6" testListId="8c84fa94-04c1-424b-9868-57a2d4851a1d" />
    <TestEntry testId="04f6435f-ea5d-d993-57a0-256e4f21ced0" executionId="a6ce2bb6-51f9-470d-a80f-67c7135426ea" testListId="8c84fa94-04c1-424b-9868-57a2d4851a1d" />
  </TestEntries>
  <TestLists>
    <TestList name="列表中未列出的结果" id="8c84fa94-04c1-424b-9868-57a2d4851a1d" />
    <TestList name="所有已加载的结果" id="19431567-8539-422a-85d7-44ee4e166bda" />
  </TestLists>
  <ResultSummary outcome="Completed">
    <Counters total="36" executed="35" passed="35" failed="0" error="0" timeout="0" aborted="0" inconclusive="0" passedButRunAborted="0" notRunnable="0" notExecuted="0" disconnected="0" warning="0" completed="0" inProgress="0" pending="0" />
    <Output>
      <StdOut>NUnit Adapter 4.4.0.0: Test execution started&#xD;
Running selected tests in C:\Users\nyafa\AppData\Local\Temp\codex-yokko-asio-managed-final-20260729\bin\Yokko.Game.Tests\debug\Yokko.Game.Tests.dll&#xD;
   NUnit3TestExecutor discovered 36 of 36 NUnit test cases using Current Discovery mode, Non-Explicit run&#xD;
GeneratedSignalsCanUseNativeOutput: Set YOKKO_RUN_AUDIO_SETTINGS_OUTPUT_TEST=1 to run real output.&#xD;
Matrix ASIO Driver: 48000 Hz, 64 frames, 1.500 ms, callbacks=750, workMisses=0, cadenceMisses=135, maxWork=0.006 ms, maxInterval=2.750 ms&#xD;
在测试运行中跳过测试“GeneratedSignalsCanUseNativeOutput”。&#xD;
NUnit Adapter 4.4.0.0: Test execution complete&#xD;
</StdOut>
    </Output>
    <RunInfos>
      <RunInfo computerName="MOE" outcome="Warning" timestamp="2026-07-29T23:09:25.8995708+08:00">
        <Text>[runtime] 2026-07-29 15:09:25 [verbose]: \ud83d\udca8 Class: TestSceneSettingsScreen&#xD;
[runtime] 2026-07-29 15:09:25 [verbose]: \ud83d\udd36 Test:  TestConstructor&#xD;
[performance] 2026-07-29 15:09:25 [verbose]: Texture requested (2520x3360) which exceeds TextureStore's atlas size (1024x1024) - bypassing atlasing. Consider using LargeTextureStore.&#xD;
[performance] 2026-07-29 15:09:25 [verbose]: Texture requested (1212x412) which exceeds TextureStore's atlas size (1024x1024) - bypassing atlasing. Consider using LargeTextureStore.&#xD;
[performance] 2026-07-29 15:09:25 [verbose]: TextureAtlas size exceeded 1 time(s); generating new texture (1024x1024)&#xD;
[runtime] 2026-07-29 15:09:25 [verbose]: \ud83d\udcfa ScreenStack#153(depth:1) entered SettingsScreen#410&#xD;
[runtime] 2026-07-29 15:09:25 [verbose]: ✅ TestSceneSettingsScreen completed&#xD;
</Text>
      </RunInfo>
      <RunInfo computerName="MOE" outcome="Warning" timestamp="2026-07-29T23:09:26.0256434+08:00">
        <Text>[runtime] 2026-07-29 15:09:25 [verbose]: \ud83d\udca8 Class: TestSceneSettingsScreen&#xD;
[runtime] 2026-07-29 15:09:25 [verbose]: \ud83d\udd36 Test:  TestAudioPreferencesApplyToSharedTruth&#xD;
[runtime] 2026-07-29 15:09:25 [verbose]: \ud83d\udd38 Step #1 open Audio&#xD;
[runtime] 2026-07-29 15:09:25 [verbose]: \ud83d\udd38 Step #2 capture Audio&#xD;
[runtime] 2026-07-29 15:09:25 [verbose]: \ud83d\udd38 Step #3 select shared output&#xD;
[runtime] 2026-07-29 15:09:25 [verbose]: \ud83d\udd38 Step #4 shared output selected&#xD;
[runtime] 2026-07-29 15:09:25 [verbose]: \ud83d\udd38 Step #5 select 256-frame profile&#xD;
[runtime] 2026-07-29 15:09:25 [verbose]: \ud83d\udd38 Step #6 256-frame profile selected&#xD;
[runtime] 2026-07-29 15:09:25 [verbose]: \ud83d\udd38 Step #7 set +12 ms offset&#xD;
[runtime] 2026-07-29 15:09:26 [verbose]: \ud83d\udd38 Step #8 offset selected&#xD;
[runtime] 2026-07-29 15:09:26 [verbose]: \ud83d\udd38 Step #9 restore audio preferences&#xD;
[runtime] 2026-07-29 15:09:26 [verbose]: ✅ TestSceneSettingsScreen completed&#xD;
</Text>
      </RunInfo>
      <RunInfo computerName="MOE" outcome="Warning" timestamp="2026-07-29T23:09:26.1196593+08:00">
        <Text>[runtime] 2026-07-29 15:09:26 [verbose]: \ud83d\udca8 Class: TestSceneSettingsScreen&#xD;
[runtime] 2026-07-29 15:09:26 [verbose]: \ud83d\udd36 Test:  TestAudioVolumeAndHitSoundsAreInteractive&#xD;
[runtime] 2026-07-29 15:09:26 [verbose]: \ud83d\udd38 Step #1 open Audio&#xD;
[runtime] 2026-07-29 15:09:26 [verbose]: \ud83d\udd38 Step #2 capture audio preferences&#xD;
[runtime] 2026-07-29 15:09:26 [verbose]: \ud83d\udd38 Step #3 set master volume to 65%&#xD;
[runtime] 2026-07-29 15:09:26 [verbose]: \ud83d\udd38 Step #4 master volume changed&#xD;
[runtime] 2026-07-29 15:09:26 [verbose]: \ud83d\udd38 Step #5 set music volume to 55%&#xD;
[runtime] 2026-07-29 15:09:26 [verbose]: \ud83d\udd38 Step #6 music volume changed&#xD;
[runtime] 2026-07-29 15:09:26 [verbose]: \ud83d\udd38 Step #7 set hitsound volume to 40%&#xD;
[runtime] 2026-07-29 15:09:26 [verbose]: \ud83d\udd38 Step #8 hitsound volume changed&#xD;
[runtime] 2026-07-29 15:09:26 [verbose]: \ud83d\udd38 Step #9 disable hitsounds&#xD;
[runtime] 2026-07-29 15:09:26 [verbose]: \ud83d\udd38 Step #10 hitsounds disabled&#xD;
[runtime] 2026-07-29 15:09:26 [verbose]: \ud83d\udd38 Step #11 three volume sliders are visible&#xD;
[runtime] 2026-07-29 15:09:26 [verbose]: \ud83d\udd38 Step #12 seven audio rows fit above footer&#xD;
[runtime] 2026-07-29 15:09:26 [verbose]: \ud83d\udd38 Step #13 restore audio preferences&#xD;
[runtime] 2026-07-29 15:09:26 [verbose]: ✅ TestSceneSettingsScreen completed&#xD;
</Text>
      </RunInfo>
      <RunInfo computerName="MOE" outcome="Warning" timestamp="2026-07-29T23:09:26.2337532+08:00">
        <Text>[runtime] 2026-07-29 15:09:26 [verbose]: \ud83d\udca8 Class: TestSceneSettingsScreen&#xD;
[runtime] 2026-07-29 15:09:26 [verbose]: \ud83d\udd36 Test:  TestCommonSettingsControlsSupportKeyboardFocus&#xD;
[runtime] 2026-07-29 15:09:26 [verbose]: \ud83d\udd38 Step #1 open Display&#xD;
[runtime] 2026-07-29 15:09:26 [verbose]: \ud83d\udd38 Step #2 display selectors accept focus&#xD;
[runtime] 2026-07-29 15:09:26 [verbose]: \ud83d\udd38 Step #3 open Audio&#xD;
[runtime] 2026-07-29 15:09:26 [verbose]: \ud83d\udd38 Step #4 audio controls accept focus&#xD;
[runtime] 2026-07-29 15:09:26 [verbose]: \ud83d\udd38 Step #5 open Import&#xD;
[runtime] 2026-07-29 15:09:26 [verbose]: \ud83d\udd38 Step #6 import preferences accept focus&#xD;
[runtime] 2026-07-29 15:09:26 [verbose]: \ud83d\udd38 Step #7 open About&#xD;
[runtime] 2026-07-29 15:09:26 [verbose]: \ud83d\udd38 Step #8 placeholder sections accept focus&#xD;
[runtime] 2026-07-29 15:09:26 [verbose]: ✅ TestSceneSettingsScreen completed&#xD;
</Text>
      </RunInfo>
      <RunInfo computerName="MOE" outcome="Warning" timestamp="2026-07-29T23:09:26.4825141+08:00">
[...]
[runtime] 2026-07-29 15:09:26 [verbose]: \ud83d\udd38 Step #31 final defaults restored&#xD;
[runtime] 2026-07-29 15:09:26 [verbose]: ✅ TestSceneSettingsScreen completed&#xD;
</Text>
      </RunInfo>
      <RunInfo computerName="MOE" outcome="Warning" timestamp="2026-07-29T23:09:26.6815635+08:00">
        <Text>[runtime] 2026-07-29 15:09:26 [verbose]: \ud83d\udca8 Class: TestSceneSettingsScreen&#xD;
[runtime] 2026-07-29 15:09:26 [verbose]: \ud83d\udd36 Test:  TestEverySettingsPageCanOpen&#xD;
[runtime] 2026-07-29 15:09:26 [verbose]: \ud83d\udd38 Step #1 settings navigation supports keyboard focus&#xD;
[runtime] 2026-07-29 15:09:26 [verbose]: \ud83d\udd38 Step #2 open General&#xD;
[runtime] 2026-07-29 15:09:26 [verbose]: \ud83d\udd38 Step #3 General is current&#xD;
[runtime] 2026-07-29 15:09:26 [verbose]: \ud83d\udd38 Step #4 open Display&#xD;
[runtime] 2026-07-29 15:09:26 [verbose]: \ud83d\udd38 Step #5 Display is current&#xD;
[runtime] 2026-07-29 15:09:26 [verbose]: \ud83d\udd38 Step #6 open Audio&#xD;
[runtime] 2026-07-29 15:09:26 [verbose]: \ud83d\udd38 Step #7 Audio is current&#xD;
[runtime] 2026-07-29 15:09:26 [verbose]: \ud83d\udd38 Step #8 open Gameplay&#xD;
[runtime] 2026-07-29 15:09:26 [verbose]: \ud83d\udd38 Step #9 Gameplay is current&#xD;
[runtime] 2026-07-29 15:09:26 [verbose]: \ud83d\udd38 Step #10 open Shortcuts&#xD;
[runtime] 2026-07-29 15:09:26 [verbose]: \ud83d\udd38 Step #11 Shortcuts is current&#xD;
[runtime] 2026-07-29 15:09:26 [verbose]: \ud83d\udd38 Step #12 open Skins&#xD;
[runtime] 2026-07-29 15:09:26 [verbose]: \ud83d\udd38 Step #13 Skins is current&#xD;
[runtime] 2026-07-29 15:09:26 [verbose]: \ud83d\udd38 Step #14 open Editor&#xD;
[runtime] 2026-07-29 15:09:26 [verbose]: \ud83d\udd38 Step #15 Editor is current&#xD;
[runtime] 2026-07-29 15:09:26 [verbose]: \ud83d\udd38 Step #16 open Import&#xD;
[runtime] 2026-07-29 15:09:26 [verbose]: \ud83d\udd38 Step #17 Import is current&#xD;
[runtime] 2026-07-29 15:09:26 [verbose]: \ud83d\udd38 Step #18 open Accessibility&#xD;
[runtime] 2026-07-29 15:09:26 [verbose]: \ud83d\udd38 Step #19 Accessibility is current&#xD;
[runtime] 2026-07-29 15:09:26 [verbose]: \ud83d\udd38 Step #20 open About&#xD;
[runtime] 2026-07-29 15:09:26 [verbose]: \ud83d\udd38 Step #21 About is current&#xD;
[runtime] 2026-07-29 15:09:26 [verbose]: ✅ TestSceneSettingsScreen completed&#xD;
</Text>
      </RunInfo>
      <RunInfo computerName="MOE" outcome="Warning" timestamp="2026-07-29T23:09:26.8172799+08:00">
        <Text>[runtime] 2026-07-29 15:09:26 [verbose]: \ud83d\udca8 Class: TestSceneSettingsScreen&#xD;
[runtime] 2026-07-29 15:09:26 [verbose]: \ud83d\udd36 Test:  TestGameplayInputMonitorPresetsAndCalibrationState&#xD;
[runtime] 2026-07-29 15:09:26 [verbose]: \ud83d\udd38 Step #1 open Gameplay input&#xD;
[runtime] 2026-07-29 15:09:26 [verbose]: \ud83d\udd38 Step #2 press a bound key&#xD;
[runtime] 2026-07-29 15:09:26 [verbose]: \ud83d\udd38 Step #3 live monitor tracks key down&#xD;
[runtime] 2026-07-29 15:09:26 [verbose]: \ud83d\udd38 Step #4 release the bound key&#xD;
[runtime] 2026-07-29 15:09:26 [verbose]: \ud83d\udd38 Step #5 live monitor clears key up&#xD;
[runtime] 2026-07-29 15:09:26 [verbose]: \ud83d\udd38 Step #6 bind lane one to lane two key&#xD;
[runtime] 2026-07-29 15:09:26 [verbose]: \ud83d\udd38 Step #7 duplicate binding swaps lanes&#xD;
[runtime] 2026-07-29 15:09:26 [verbose]: \ud83d\udd38 Step #8 apply split preset&#xD;
[runtime] 2026-07-29 15:09:26 [verbose]: \ud83d\udd38 Step #9 split preset applied&#xD;
[runtime] 2026-07-29 15:09:26 [verbose]: \ud83d\udd38 Step #10 copy 4K to 7K&#xD;
[runtime] 2026-07-29 15:09:26 [verbose]: \ud83d\udd38 Step #11 central lanes copied to 7K&#xD;
[runtime] 2026-07-29 15:09:26 [verbose]: \ud83d\udd38 Step #12 start calibration state&#xD;
[runtime] 2026-07-29 15:09:26 [verbose]: \ud83d\udd38 Step #13 calibration is active&#xD;
[runtime] 2026-07-29 15:09:26 [verbose]: \ud83d\udd38 Step #14 Esc layer cancels calibration&#xD;
[runtime] 2026-07-29 15:09:26 [verbose]: \ud83d\udd38 Step #15 calibration is cancelled&#xD;
[runtime] 2026-07-29 15:09:26 [verbose]: \ud83d\udd38 Step #16 restore original profiles&#xD;
[runtime] 2026-07-29 15:09:26 [verbose]: ✅ TestSceneSettingsScreen completed&#xD;
</Text>
      </RunInfo>
      <RunInfo computerName="MOE" outcome="Warning" timestamp="2026-07-29T23:09:26.9116056+08:00">
        <Text>[runtime] 2026-07-29 15:09:26 [verbose]: \ud83d\udca8 Class: TestSceneSettingsScreen&#xD;
[runtime] 2026-07-29 15:09:26 [verbose]: \ud83d\udd36 Test:  TestGameplayKeysCanBeCapturedAsASequence&#xD;
[runtime] 2026-07-29 15:09:26 [verbose]: \ud83d\udd38 Step #1 open Gameplay&#xD;
[runtime] 2026-07-29 15:09:26 [verbose]: \ud83d\udd38 Step #2 capture Gameplay&#xD;
[runtime] 2026-07-29 15:09:26 [verbose]: \ud83d\udd38 Step #3 select 4K&#xD;
[runtime] 2026-07-29 15:09:26 [verbose]: \ud83d\udd38 Step #4 start sequential capture&#xD;
[runtime] 2026-07-29 15:09:26 [verbose]: \ud83d\udd38 Step #5 sequence starts at first lane&#xD;
[runtime] 2026-07-29 15:09:26 [verbose]: \ud83d\udd38 Step #6 capture Z and X&#xD;
[runtime] 2026-07-29 15:09:26 [verbose]: \ud83d\udd38 Step #7 sequence advances to third lane&#xD;
[runtime] 2026-07-29 15:09:26 [verbose]: \ud83d\udd38 Step #8 duplicate key is ignored&#xD;
[runtime] 2026-07-29 15:09:26 [verbose]: \ud83d\udd38 Step #9 duplicate keeps current lane active&#xD;
[runtime] 2026-07-29 15:09:26 [verbose]: \ud83d\udd38 Step #10 finish with period and slash&#xD;
[runtime] 2026-07-29 15:09:26 [verbose]: \ud83d\udd38 Step #11 sequence completes&#xD;
[runtime] 2026-07-29 15:09:26 [verbose]: \ud83d\udd38 Step #12 whole profile saved in order&#xD;
[runtime] 2026-07-29 15:09:26 [verbose]: \ud83d\udd38 Step #13 restore 4K defaults&#xD;
[runtime] 2026-07-29 15:09:26 [verbose]: ✅ TestSceneSettingsScreen completed&#xD;
</Text>
      </RunInfo>
      <RunInfo computerName="MOE" outcome="Warning" timestamp="2026-07-29T23:09:27.0469614+08:00">
        <Text>[runtime] 2026-07-29 15:09:26 [verbose]: \ud83d\udca8 Class: TestSceneSettingsScreen&#xD;
[runtime] 2026-07-29 15:09:26 [verbose]: \ud83d\udd36 Test:  TestGameplayPreferencesAreInteractive&#xD;
[runtime] 2026-07-29 15:09:26 [verbose]: \ud83d\udd38 Step #1 open Gameplay&#xD;
[runtime] 2026-07-29 15:09:26 [verbose]: \ud83d\udd38 Step #2 capture Gameplay preferences&#xD;
[runtime] 2026-07-29 15:09:26 [verbose]: \ud83d\udd38 Step #3 open timing&#xD;
[runtime] 2026-07-29 15:09:26 [verbose]: \ud83d\udd38 Step #4 timing selected&#xD;
[runtime] 2026-07-29 15:09:26 [verbose]: \ud83d\udd38 Step #5 set osu mania speed 26&#xD;
[runtime] 2026-07-29 15:09:26 [verbose]: \ud83d\udd38 Step #6 speed changed&#xD;
[runtime] 2026-07-29 15:09:26 [verbose]: \ud83d\udd38 Step #7 open feedback&#xD;
[runtime] 2026-07-29 15:09:26 [verbose]: \ud83d\udd38 Step #8 disable lane feedback&#xD;
[runtime] 2026-07-29 15:09:26 [verbose]: \ud83d\udd38 Step #9 feedback disabled&#xD;
[runtime] 2026-07-29 15:09:26 [verbose]: \ud83d\udd38 Step #10 disable gameplay keysounds&#xD;
[runtime] 2026-07-29 15:09:26 [verbose]: \ud83d\udd38 Step #11 gameplay keysounds disabled&#xD;
[runtime] 2026-07-29 15:09:26 [verbose]: \ud83d\udd38 Step #12 disable pause when unfocused&#xD;
[runtime] 2026-07-29 15:09:26 [verbose]: \ud83d\udd38 Step #13 pause when unfocused disabled&#xD;
[runtime] 2026-07-29 15:09:27 [verbose]: \ud83d\udd38 Step #14 open 7K bindings&#xD;
[runtime] 2026-07-29 15:09:27 [verbose]: \ud83d\udd38 Step #15 7K selected&#xD;
[runtime] 2026-07-29 15:09:27 [verbose]: \ud83d\udd38 Step #16 start binding capture&#xD;
[runtime] 2026-07-29 15:09:27 [verbose]: \ud83d\udd38 Step #17 bind centre lane&#xD;
[runtime] 2026-07-29 15:09:27 [verbose]: \ud83d\udd38 Step #18 capture completes&#xD;
[runtime] 2026-07-29 15:09:27 [verbose]: \ud83d\udd38 Step #19 restore preferences&#xD;
[runtime] 2026-07-29 15:09:27 [verbose]: ✅ TestSceneSettingsScreen completed&#xD;
</Text>
      </RunInfo>
      <RunInfo computerName="MOE" outcome="Warning" timestamp="2026-07-29T23:09:27.1407863+08:00">
        <Text>[runtime] 2026-07-29 15:09:27 [verbose]: \ud83d\udca8 Class: TestSceneSettingsScreen&#xD;
[runtime] 2026-07-29 15:09:27 [verbose]: \ud83d\udd36 Test:  TestImportPageShowsCapabilitiesAndUpdatesPreferences&#xD;
[runtime] 2026-07-29 15:09:27 [verbose]: \ud83d\udd38 Step #1 open Import&#xD;
[runtime] 2026-07-29 15:09:27 [verbose]: \ud83d\udd38 Step #2 capture Import&#xD;
[runtime] 2026-07-29 15:09:27 [verbose]: \ud83d\udd38 Step #3 all importer families shown&#xD;
[runtime] 2026-07-29 15:09:27 [verbose]: \ud83d\udd38 Step #4 all supported extensions shown&#xD;
[runtime] 2026-07-29 15:09:27 [verbose]: \ud83d\udd38 Step #5 disable keysounds&#xD;
[runtime] 2026-07-29 15:09:27 [verbose]: \ud83d\udd38 Step #6 keysounds disabled&#xD;
[runtime] 2026-07-29 15:09:27 [verbose]: \ud83d\udd38 Step #7 disable SSC preference&#xD;
[runtime] 2026-07-29 15:09:27 [verbose]: \ud83d\udd38 Step #8 SSC preference disabled&#xD;
[runtime] 2026-07-29 15:09:27 [verbose]: \ud83d\udd38 Step #9 disable warnings&#xD;
[runtime] 2026-07-29 15:09:27 [verbose]: \ud83d\udd38 Step #10 warnings disabled&#xD;
[runtime] 2026-07-29 15:09:27 [verbose]: \ud83d\udd38 Step #11 restore import defaults&#xD;
[runtime] 2026-07-29 15:09:27 [verbose]: \ud83d\udd38 Step #12 import defaults restored&#xD;
[runtime] 2026-07-29 15:09:27 [verbose]: ✅ TestSceneSettingsScreen completed&#xD;
</Text>
      </RunInfo>
      <RunInfo computerName="MOE" outcome="Warning" timestamp="2026-07-29T23:09:27.2036951+08:00">
        <Text>[runtime] 2026-07-29 15:09:27 [verbose]: \ud83d\udca8 Class: TestSceneSettingsScreen&#xD;
[runtime] 2026-07-29 15:09:27 [verbose]: \ud83d\udd36 Test:  TestInterfaceScaleIsInteractive&#xD;
[runtime] 2026-07-29 15:09:27 [verbose]: \ud83d\udd38 Step #1 open Display&#xD;
[runtime] 2026-07-29 15:09:27 [verbose]: \ud83d\udd38 Step #2 capture display scale&#xD;
[runtime] 2026-07-29 15:09:27 [verbose]: \ud83d\udd38 Step #3 select large interface&#xD;
[runtime] 2026-07-29 15:09:27 [verbose]: \ud83d\udd38 Step #4 large interface selected&#xD;
[runtime] 2026-07-29 15:09:27 [verbose]: \ud83d\udd38 Step #5 five display rows fit above footer&#xD;
[runtime] 2026-07-29 15:09:27 [verbose]: \ud83d\udd38 Step #6 select compact interface&#xD;
[runtime] 2026-07-29 15:09:27 [verbose]: \ud83d\udd38 Step #7 compact interface selected&#xD;
[runtime] 2026-07-29 15:09:27 [verbose]: \ud83d\udd38 Step #8 restore interface scale&#xD;
[runtime] 2026-07-29 15:09:27 [verbose]: ✅ TestSceneSettingsScreen completed&#xD;
</Text>
      </RunInfo>
      <RunInfo computerName="MOE" outcome="Warning" timestamp="2026-07-29T23:09:27.2868810+08:00">
        <Text>[runtime] 2026-07-29 15:09:27 [verbose]: \ud83d\udca8 Class: TestSceneSettingsScreen&#xD;
[runtime] 2026-07-29 15:09:27 [verbose]: \ud83d\udd36 Test:  TestLanguageCanBeChangedImmediately&#xD;
[runtime] 2026-07-29 15:09:27 [verbose]: \ud83d\udd38 Step #1 open General&#xD;
[runtime] 2026-07-29 15:09:27 [verbose]: \ud83d\udd38 Step #2 capture General&#xD;
[runtime] 2026-07-29 15:09:27 [verbose]: \ud83d\udd38 Step #3 select English&#xD;
[runtime] 2026-07-29 15:09:27 [verbose]: \ud83d\udd38 Step #4 English selected&#xD;
[runtime] 2026-07-29 15:09:27 [verbose]: \ud83d\udd38 Step #5 select Chinese&#xD;
[runtime] 2026-07-29 15:09:27 [verbose]: \ud83d\udd38 Step #6 Chinese selected&#xD;
[runtime] 2026-07-29 15:09:27 [verbose]: \ud83d\udd38 Step #7 select Japanese&#xD;
[runtime] 2026-07-29 15:09:27 [verbose]: \ud83d\udd38 Step #8 Japanese selected&#xD;
[runtime] 2026-07-29 15:09:27 [verbose]: \ud83d\udd38 Step #9 restore English&#xD;
[runtime] 2026-07-29 15:09:27 [verbose]: \ud83d\udd38 Step #10 English restored&#xD;
[runtime] 2026-07-29 15:09:27 [verbose]: ✅ TestSceneSettingsScreen completed&#xD;
</Text>
      </RunInfo>
      <RunInfo computerName="MOE" outcome="Warning" timestamp="2026-07-29T23:09:27.3296658+08:00">
        <Text>[runtime] 2026-07-29 15:09:27 [verbose]: \ud83d\udca8 Class: TestSceneSettingsScreen&#xD;
[runtime] 2026-07-29 15:09:27 [verbose]: \ud83d\udd36 Test:  TestScrollSpeedCanBeAdjustedFromGeneral&#xD;
[runtime] 2026-07-29 15:09:27 [verbose]: \ud83d\udd38 Step #1 open General&#xD;
[runtime] 2026-07-29 15:09:27 [verbose]: \ud83d\udd38 Step #2 capture General&#xD;
[runtime] 2026-07-29 15:09:27 [verbose]: \ud83d\udd38 Step #3 set osu mania speed 24&#xD;
[runtime] 2026-07-29 15:09:27 [verbose]: \ud83d\udd38 Step #4 general speed changed&#xD;
[runtime] 2026-07-29 15:09:27 [verbose]: \ud83d\udd38 Step #5 restore speed&#xD;
[runtime] 2026-07-29 15:09:27 [verbose]: ✅ TestSceneSettingsScreen completed&#xD;
</Text>
      </RunInfo>
      <RunInfo computerName="MOE" outcome="Warning" timestamp="2026-07-29T23:09:27.3506689+08:00">
        <Text>[runtime] 2026-07-29 15:09:27 [verbose]: \ud83d\udca8 Class: TestSceneSettingsScreen&#xD;
[runtime] 2026-07-29 15:09:27 [verbose]: \ud83d\udd36 Test:  TestSettingsScreen&#xD;
[runtime] 2026-07-29 15:09:27 [verbose]: \ud83d\udd38 Step #1 settings screen is current&#xD;
[runtime] 2026-07-29 15:09:27 [verbose]: ✅ TestSceneSettingsScreen completed&#xD;
</Text>
      </RunInfo>
      <RunInfo computerName="MOE" outcome="Warning" timestamp="2026-07-29T23:09:27.5171378+08:00">
        <Text>[runtime] 2026-07-29 15:09:27 [verbose]: \ud83d\udca8 Class: TestSceneSettingsScreen&#xD;
[runtime] 2026-07-29 15:09:27 [verbose]: \ud83d\udd36 Test:  TestSettingsTypographyHasReadableMinimumSize&#xD;
[runtime] 2026-07-29 15:09:27 [verbose]: \ud83d\udd38 Step #1 open General&#xD;
[runtime] 2026-07-29 15:09:27 [verbose]: \ud83d\udd38 Step #2 General has no tiny text&#xD;
[runtime] 2026-07-29 15:09:27 [verbose]: \ud83d\udd38 Step #3 open Display&#xD;
[runtime] 2026-07-29 15:09:27 [verbose]: \ud83d\udd38 Step #4 Display has no tiny text&#xD;
[runtime] 2026-07-29 15:09:27 [verbose]: \ud83d\udd38 Step #5 open Audio&#xD;
[runtime] 2026-07-29 15:09:27 [verbose]: \ud83d\udd38 Step #6 Audio has no tiny text&#xD;
[runtime] 2026-07-29 15:09:27 [verbose]: \ud83d\udd38 Step #7 open Gameplay&#xD;
[runtime] 2026-07-29 15:09:27 [verbose]: \ud83d\udd38 Step #8 Gameplay has no tiny text&#xD;
[runtime] 2026-07-29 15:09:27 [verbose]: \ud83d\udd38 Step #9 open Shortcuts&#xD;
[runtime] 2026-07-29 15:09:27 [verbose]: \ud83d\udd38 Step #10 Shortcuts has no tiny text&#xD;
[runtime] 2026-07-29 15:09:27 [verbose]: \ud83d\udd38 Step #11 open Skins&#xD;
[runtime] 2026-07-29 15:09:27 [verbose]: \ud83d\udd38 Step #12 Skins has no tiny text&#xD;
[runtime] 2026-07-29 15:09:27 [verbose]: \ud83d\udd38 Step #13 open Editor&#xD;
[runtime] 2026-07-29 15:09:27 [verbose]: \ud83d\udd38 Step #14 Editor has no tiny text&#xD;
[runtime] 2026-07-29 15:09:27 [verbose]: \ud83d\udd38 Step #15 open Import&#xD;
[runtime] 2026-07-29 15:09:27 [verbose]: \ud83d\udd38 Step #16 Import has no tiny text&#xD;
[runtime] 2026-07-29 15:09:27 [verbose]: \ud83d\udd38 Step #17 open Accessibility&#xD;
[runtime] 2026-07-29 15:09:27 [verbose]: \ud83d\udd38 Step #18 Accessibility has no tiny text&#xD;
[runtime] 2026-07-29 15:09:27 [verbose]: \ud83d\udd38 Step #19 open About&#xD;
[runtime] 2026-07-29 15:09:27 [verbose]: \ud83d\udd38 Step #20 About has no tiny text&#xD;
[runtime] 2026-07-29 15:09:27 [verbose]: ✅ TestSceneSettingsScreen completed&#xD;
</Text>
      </RunInfo>
      <RunInfo computerName="MOE" outcome="Warning" timestamp="2026-07-29T23:09:27.6014745+08:00">
        <Text>[runtime] 2026-07-29 15:09:27 [verbose]: \ud83d\udca8 Class: TestSceneSettingsScreen&#xD;
[runtime] 2026-07-29 15:09:27 [verbose]: \ud83d\udd36 Test:  TestSidebarSearchAndKeyboardNavigation&#xD;
[runtime] 2026-07-29 15:09:27 [verbose]: \ud83d\udd38 Step #1 capture sidebar&#xD;
[runtime] 2026-07-29 15:09:27 [verbose]: \ud83d\udd38 Step #2 Ctrl+F focuses search&#xD;
[runtime] 2026-07-29 15:09:27 [debug]: Focus changed from nothing to SettingsSearchTextBox.&#xD;
[runtime] 2026-07-29 15:09:27 [verbose]: \ud83d\udd38 Step #3 search audio&#xD;
[runtime] 2026-07-29 15:09:27 [verbose]: \ud83d\udd38 Step #4 search narrows to audio&#xD;
[runtime] 2026-07-29 15:09:27 [verbose]: \ud83d\udd38 Step #5 Enter action opens first result&#xD;
[runtime] 2026-07-29 15:09:27 [debug]: Focus changed from SettingsSearchTextBox to SettingsNavItem.&#xD;
[runtime] 2026-07-29 15:09:27 [verbose]: \ud83d\udd38 Step #6 audio opens and search clears&#xD;
[runtime] 2026-07-29 15:09:27 [verbose]: \ud83d\udd38 Step #7 search for no result&#xD;
[runtime] 2026-07-29 15:09:27 [debug]: Focus on "SettingsNavItem" no longer valid as a result of unfocusIfNoLongerValid.&#xD;
[runtime] 2026-07-29 15:09:27 [debug]: Focus changed from SettingsNavItem to nothing.&#xD;
[runtime] 2026-07-29 15:09:27 [verbose]: \ud83d\udd38 Step #8 empty result cannot submit&#xD;
[runtime] 2026-07-29 15:09:27 [verbose]: \ud83d\udd38 Step #9 clear search&#xD;
[runtime] 2026-07-29 15:09:27 [verbose]: \ud83d\udd38 Step #10 down enters first navigation item&#xD;
[runtime] 2026-07-29 15:09:27 [debug]: Focus changed from nothing to SettingsNavItem.&#xD;
[runtime] 2026-07-29 15:09:27 [verbose]: \ud83d\udd38 Step #11 up wraps to last navigation item&#xD;
[runtime] 2026-07-29 15:09:27 [debug]: Focus changed from SettingsNavItem to SettingsNavItem.&#xD;
[runtime] 2026-07-29 15:09:27 [verbose]: ✅ TestSceneSettingsScreen completed&#xD;
[runtime] 2026-07-29 15:09:27 [debug]: Focus on "SettingsNavItem" no longer valid as a result of unfocusIfNoLongerValid.&#xD;
[runtime] 2026-07-29 15:09:27 [debug]: Focus changed from SettingsNavItem to nothing.&#xD;
</Text>
      </RunInfo>
      <RunInfo computerName="MOE" outcome="Warning" timestamp="2026-07-29T23:09:27.6542198+08:00">
        <Text>[runtime] 2026-07-29 15:09:27 [verbose]: \ud83d\udca8 Class: TestSceneSettingsScreen&#xD;
[runtime] 2026-07-29 15:09:27 [verbose]: \ud83d\udd36 Test:  TestStatusCardIconsAreCentred&#xD;
[runtime] 2026-07-29 15:09:27 [verbose]: \ud83d\udd38 Step #1 open Display&#xD;
[runtime] 2026-07-29 15:09:27 [verbose]: \ud83d\udd38 Step #2 display status icon is centred&#xD;
[runtime] 2026-07-29 15:09:27 [verbose]: \ud83d\udd38 Step #3 open Audio&#xD;
[runtime] 2026-07-29 15:09:27 [verbose]: \ud83d\udd38 Step #4 audio status icon is centred&#xD;
[runtime] 2026-07-29 15:09:27 [verbose]: \ud83d\udd38 Step #5 open General&#xD;
[runtime] 2026-07-29 15:09:27 [verbose]: \ud83d\udd38 Step #6 language status icon is centred&#xD;
[runtime] 2026-07-29 15:09:27 [verbose]: ✅ TestSceneSettingsScreen completed&#xD;
</Text>
      </RunInfo>
      <RunInfo computerName="MOE" outcome="Warning" timestamp="2026-07-29T23:09:27.7517907+08:00">
        <Text>[runtime] 2026-07-29 15:09:27 [verbose]: \ud83d\udca8 Class: TestSceneSettingsScreen&#xD;
[runtime] 2026-07-29 15:09:27 [verbose]: \ud83d\udd36 Test:  TestTransientInteractionsDismissInOrder&#xD;
[runtime] 2026-07-29 15:09:27 [verbose]: \ud83d\udd38 Step #1 open Gameplay&#xD;
[runtime] 2026-07-29 15:09:27 [verbose]: \ud83d\udd38 Step #2 capture Gameplay&#xD;
[runtime] 2026-07-29 15:09:27 [verbose]: \ud83d\udd38 Step #3 capture first lane&#xD;
[runtime] 2026-07-29 15:09:27 [verbose]: \ud83d\udd38 Step #4 key capture active&#xD;
[runtime] 2026-07-29 15:09:27 [verbose]: \ud83d\udd38 Step #5 Esc layer dismisses capture&#xD;
[runtime] 2026-07-29 15:09:27 [verbose]: \ud83d\udd38 Step #6 key capture dismissed&#xD;
[runtime] 2026-07-29 15:09:27 [verbose]: \ud83d\udd38 Step #7 open Audio&#xD;
[runtime] 2026-07-29 15:09:27 [verbose]: \ud83d\udd38 Step #8 capture audio&#xD;
[runtime] 2026-07-29 15:09:27 [verbose]: \ud83d\udd38 Step #9 open device menu&#xD;
[runtime] 2026-07-29 15:09:27 [verbose]: \ud83d\udd38 Step #10 device menu open&#xD;
[runtime] 2026-07-29 15:09:27 [verbose]: \ud83d\udd38 Step #11 Esc layer dismisses menu&#xD;
[runtime] 2026-07-29 15:09:27 [verbose]: \ud83d\udd38 Step #12 device menu closed&#xD;
[runtime] 2026-07-29 15:09:27 [verbose]: ✅ TestSceneSettingsScreen completed&#xD;
</Text>
      </RunInfo>
    </RunInfos>
  </ResultSummary>
</TestRun>