<?xml version="1.0" encoding="utf-8"?>
<TestRun id="3d3b49ec-e077-451f-947f-15d3c653ff6f" name="nyafa@MOE 2026-07-30 08:29:21" runUser="MOE\nyafa" xmlns="http://microsoft.com/schemas/VisualStudio/TeamTest/2010">
  <Times creation="2026-07-30T08:29:21.6284084+08:00" queuing="2026-07-30T08:29:21.6284089+08:00" start="2026-07-30T08:29:20.8380227+08:00" finish="2026-07-30T08:29:28.0332097+08:00" />
  <TestSettings name="default" id="c5cf1d1c-716c-4227-a0fc-11a0494314cd">
    <Deployment runDeploymentRoot="nyafa_MOE_2026-07-30_08_29_21" />
  </TestSettings>
  <Results>
    <UnitTestResult executionId="a1df87d5-801a-48f9-abec-f8927931226c" testId="b6a49711-f2c1-c550-aeb9-5052d1880606" testName="FolderWithoutManiaSkinIsRejected" computerName="MOE" duration="00:00:00.0052060" startTime="2026-07-30T08:29:21.6306281+08:00" endTime="2026-07-30T08:29:21.6358329+08:00" testType="13cdc9d9-ddb5-4fa4-a97d-d965ccfc6d4b" outcome="Passed" testListId="8c84fa94-04c1-424b-9868-57a2d4851a1d" relativeResultsDirectory="a1df87d5-801a-48f9-abec-f8927931226c" />
    <UnitTestResult executionId="27b1a6a0-c036-4e22-9535-f5b58b00cf85" testId="e5aa043a-52a4-88c4-6590-be080f4726ae" testName="TestDualSevenKeyGameplayBuildsTwoStages" computerName="MOE" duration="00:00:00.0437780" startTime="2026-07-30T08:29:24.0172887+08:00" endTime="2026-07-30T08:29:24.0610595+08:00" testType="13cdc9d9-ddb5-4fa4-a97d-d965ccfc6d4b" outcome="Passed" testListId="8c84fa94-04c1-424b-9868-57a2d4851a1d" relativeResultsDirectory="27b1a6a0-c036-4e22-9535-f5b58b00cf85">
      <Output>
        <StdOut>[runtime] 2026-07-30 00:29:24 [verbose]: \ud83d\udca8 Class: TestSceneGameplayScreen&#xD;
[runtime] 2026-07-30 00:29:24 [verbose]: \ud83d\udd36 Test:  TestDualSevenKeyGameplayBuildsTwoStages&#xD;
[runtime] 2026-07-30 00:29:24 [verbose]: \ud83d\udd38 Step #1 open dual 7K gameplay&#xD;
[runtime] 2026-07-30 00:29:24 [verbose]: \ud83d\udcfa ScreenStack#302(depth:13) suspended GameplayScreen#293 (waiting on GameplayScreen#516)&#xD;
[runtime] 2026-07-30 00:29:24 [verbose]: \ud83d\udcfa ScreenStack#302(depth:14) loading GameplayScreen#516&#xD;
[runtime] 2026-07-30 00:29:24 [verbose]: \ud83d\udd38 Step #2 dual playfield loaded&#xD;
[runtime] 2026-07-30 00:29:24 [verbose]: \ud83d\udcfa ScreenStack#302(depth:14) entered GameplayScreen#516&#xD;
[runtime] 2026-07-30 00:29:24 [verbose]: \ud83d\udd38 Step #3 two stages retain their 7-key split&#xD;
[runtime] 2026-07-30 00:29:24 [verbose]: ✅ TestSceneGameplayScreen completed</StdOut>
      </Output>
    </UnitTestResult>
    <UnitTestResult executionId="1ff57b5f-e161-479f-a41d-8a2f0a015fce" testId="3562e584-574b-b117-eaaa-69e42c20dadc" testName="TestWindUpAdvancesFrameClockAndHudRate" computerName="MOE" duration="00:00:00.0854490" startTime="2026-07-30T08:29:27.7462185+08:00" endTime="2026-07-30T08:29:27.8316674+08:00" testType="13cdc9d9-ddb5-4fa4-a97d-d965ccfc6d4b" outcome="Passed" testListId="8c84fa94-04c1-424b-9868-57a2d4851a1d" relativeResultsDirectory="1ff57b5f-e161-479f-a41d-8a2f0a015fce">
      <Output>
        <StdOut>[runtime] 2026-07-30 00:29:27 [verbose]: \ud83d\udca8 Class: TestSceneGameplayScreen&#xD;
[runtime] 2026-07-30 00:29:27 [verbose]: \ud83d\udd36 Test:  TestWindUpAdvancesFrameClockAndHudRate&#xD;
[runtime] 2026-07-30 00:29:27 [verbose]: \ud83d\udd38 Step #1 open Wind Up gameplay&#xD;
[runtime] 2026-07-30 00:29:27 [verbose]: \ud83d\udcfa ScreenStack#302(depth:44) suspended GameplayScreen#161 (waiting on GameplayScreen#631)&#xD;
[runtime] 2026-07-30 00:29:27 [verbose]: \ud83d\udcfa ScreenStack#302(depth:45) loading GameplayScreen#631&#xD;
[runtime] 2026-07-30 00:29:27 [error]: The audio engine could not start playback.&#xD;
[runtime] 2026-07-30 00:29:27 [error]: Yokko.Audio.Native.NativeAudioException: WASAPI Exclusive and Shared fallback both failed. Exclusive: Native audio operation 'open WasapiExclusive' failed with BackendUnavailable (HRESULT 0x8889000A, stage 5). Shared: Native audio operation 'open WasapiShared' failed with BackendUnavailable (HRESULT 0x8889000A, stage 5).&#xD;
[runtime] 2026-07-30 00:29:27 [error]: ---&gt; Yokko.Audio.Native.NativeAudioException: Native audio operation 'open WasapiShared' failed with BackendUnavailable (HRESULT 0x8889000A, stage 5).&#xD;
[runtime] 2026-07-30 00:29:27 [error]: at Yokko.Audio.Native.NativeAudioCore.OpenWasapi(NativeAudioBackendMode backend, String deviceId, UInt32 preferredBufferFrames) in D:\YOKKO\Yokko.Audio\Native\NativeAudioCore.cs:line 205&#xD;
[runtime] 2026-07-30 00:29:27 [error]: at Yokko.Audio.NativeAudioEngine.startFromCurrentPositionAsync(CancellationToken cancellationToken) in D:\YOKKO\Yokko.Audio\NativeAudioEngine.cs:line 681&#xD;
[runtime] 2026-07-30 00:29:27 [error]: --- End of inner exception stack trace ---&#xD;
[runtime] 2026-07-30 00:29:27 [error]: at Yokko.Audio.NativeAudioEngine.startFromCurrentPositionAsync(CancellationToken cancellationToken) in D:\YOKKO\Yokko.Audio\NativeAudioEngine.cs:line 689&#xD;
[runtime] 2026-07-30 00:29:27 [error]: at Yokko.Audio.NativeAudioEngine.StartAsync(AudioEngineStartRequest request, CancellationToken cancellationToken) in D:\YOKKO\Yokko.Audio\NativeAudioEngine.cs:line 248&#xD;
[runtime] 2026-07-30 00:29:27 [error]: at Yokko.Audio.NativeAudioEngine.StartAsync(AudioEngineStartRequest request, CancellationToken cancellationToken) in D:\YOKKO\Yokko.Audio\NativeAudioEngine.cs:line 254&#xD;
[runtime] 2026-07-30 00:29:27 [error]: at Yokko.Game.Screens.Gameplay.GameplayScreen.startAudioAsync() in D:\YOKKO\Yokko.Game\Screens\Gameplay\GameplayScreen.cs:line 809&#xD;
[runtime] 2026-07-30 00:29:27 [verbose]: \ud83d\udd38 Step #2 Wind Up keeps lazer Mania hit windows unchanged&#xD;
[runtime] 2026-07-30 00:29:27 [verbose]: \ud83d\udcfa ScreenStack#302(depth:45) entered GameplayScreen#631&#xD;
[runtime] 2026-07-30 00:29:27 [verbose]: \ud83d\udd38 Step #3 Wind Up rate begins increasing&#xD;
[runtime] 2026-07-30 00:29:27 [error]: The audio engine could not start playback.&#xD;
[runtime] 2026-07-30 00:29:27 [error]: Yokko.Audio.Native.NativeAudioException: WASAPI Exclusive and Shared fallback both failed. Exclusive: Native audio operation 'open WasapiExclusive' failed with BackendUnavailable (HRESULT 0x8889000A, stage 5). Shared: Native audio operation 'open WasapiShared' failed with BackendUnavailable (HRESULT 0x8889000A, stage 5).&#xD;
[runtime] 2026-07-30 00:29:27 [error]: ---&gt; Yokko.Audio.Native.NativeAudioException: Native audio operation 'open WasapiShared' failed with BackendUnavailable (HRESULT 0x8889000A, stage 5).&#xD;
[runtime] 2026-07-30 00:29:27 [error]: at Yokko.Audio.Native.NativeAudioCore.OpenWasapi(NativeAudioBackendMode backend, String deviceId, UInt32 preferredBufferFrames) in D:\YOKKO\Yokko.Audio\Native\NativeAudioCore.cs:line 205&#xD;
[runtime] 2026-07-30 00:29:27 [error]: at Yokko.Audio.NativeAudioEngine.startFromCurrentPositionAsync(CancellationToken cancellationToken) in D:\YOKKO\Yokko.Audio\NativeAudioEngine.cs:line 681&#xD;
[runtime] 2026-07-30 00:29:27 [error]: --- End of inner exception stack trace ---&#xD;
[runtime] 2026-07-30 00:29:27 [error]: at Yokko.Audio.NativeAudioEngine.startFromCurrentPositionAsync(CancellationToken cancellationToken) in D:\YOKKO\Yokko.Audio\NativeAudioEngine.cs:line 689&#xD;
[runtime] 2026-07-30 00:29:27 [error]: at Yokko.Audio.NativeAudioEngine.StartAsync(AudioEngineStartRequest request, CancellationToken cancellationToken) in D:\YOKKO\Yokko.Audio\NativeAudioEngine.cs:line 248&#xD;
[runtime] 2026-07-30 00:29:27 [error]: at Yokko.Audio.NativeAudioEngine.StartAsync(AudioEngineStartRequest request, CancellationToken cancellationToken) in D:\YOKKO\Yokko.Audio\NativeAudioEngine.cs:line 254&#xD;
[runtime] 2026-07-30 00:29:27 [error]: at Yokko.Game.Screens.Gameplay.GameplayScreen.startAudioAsync() in D:\YOKKO\Yokko.Game\Screens\Gameplay\GameplayScreen.cs:line 809&#xD;
[runtime] 2026-07-30 00:29:27 [verbose]: ✔️ 7 repetitions&#xD;
[runtime] 2026-07-30 00:29:27 [verbose]: \ud83d\udd38 Step #4 frame clock advances through ramp&#xD;
[runtime] 2026-07-30 00:29:27 [verbose]: ✅ TestSceneGameplayScreen completed</StdOut>
      </Output>
    </UnitTestResult>
    <UnitTestResult executionId="44bdc097-be39-4513-b41a-aa734b3f1c55" testId="1fd1a202-360e-336c-296c-7b4e23417594" testName="TestManualPlaybackRateCompletesAsPractice" computerName="MOE" duration="00:00:00.1472600" startTime="2026-07-30T08:29:25.1938750+08:00" endTime="2026-07-30T08:29:25.3411348+08:00" testType="13cdc9d9-ddb5-4fa4-a97d-d965ccfc6d4b" outcome="Passed" testListId="8c84fa94-04c1-424b-9868-57a2d4851a1d" relativeResultsDirectory="44bdc097-be39-4513-b41a-aa734b3f1c55">
      <Output>
        <StdOut>[runtime] 2026-07-30 00:29:25 [verbose]: \ud83d\udca8 Class: TestSceneGameplayScreen&#xD;
[runtime] 2026-07-30 00:29:25 [verbose]: \ud83d\udd36 Test:  TestManualPlaybackRateCompletesAsPractice&#xD;
[runtime] 2026-07-30 00:29:25 [verbose]: \ud83d\udd38 Step #1 open short rate practice&#xD;
[runtime] 2026-07-30 00:29:25 [verbose]: \ud83d\udcfa ScreenStack#302(depth:25) suspended GameplayScreen#422 (waiting on GameplayScreen#372)&#xD;
[runtime] 2026-07-30 00:29:25 [verbose]: \ud83d\udcfa ScreenStack#302(depth:26) loading GameplayScreen#372&#xD;
[runtime] 2026-07-30 00:29:25 [verbose]: \ud83d\udcfa ScreenStack#302(depth:26) entered GameplayScreen#372&#xD;
[runtime] 2026-07-30 00:29:25 [verbose]: \ud83d\udd38 Step #2 rate practice loaded&#xD;
[runtime] 2026-07-30 00:29:25 [verbose]: \ud83d\udd38 Step #3 adjust rate before completion&#xD;
[runtime] 2026-07-30 00:29:25 [verbose]: \ud83d\udd38 Step #4 rate practice completes&#xD;
[runtime] 2026-07-30 00:29:25 [verbose]: ✔️ 5 repetitions&#xD;
[runtime] 2026-07-30 00:29:25 [verbose]: \ud83d\udd38 Step #5 practice does not replace best score&#xD;
[runtime] 2026-07-30 00:29:25 [verbose]: \ud83d\udd38 Step #6 result identifies practice session&#xD;
[runtime] 2026-07-30 00:29:25 [verbose]: ✅ TestSceneGameplayScreen completed</StdOut>
      </Output>
    </UnitTestResult>
    <UnitTestResult executionId="3a0f2a7f-c187-45d8-9c39-2ea2cb55ca35" testId="9b240c0e-2b2a-8182-0cab-9780ecec3d88" testName="TestLegacyManiaComboBurstAtHundredCombo" computerName="MOE" duration="00:00:00.0643500" startTime="2026-07-30T08:29:24.4628372+08:00" endTime="2026-07-30T08:29:24.5271866+08:00" testType="13cdc9d9-ddb5-4fa4-a97d-d965ccfc6d4b" outcome="Passed" testListId="8c84fa94-04c1-424b-9868-57a2d4851a1d" relativeResultsDirectory="3a0f2a7f-c187-45d8-9c39-2ea2cb55ca35">
      <Output>
        <StdOut>[runtime] 2026-07-30 00:29:24 [verbose]: \ud83d\udca8 Class: TestSceneGameplayScreen&#xD;
[runtime] 2026-07-30 00:29:24 [verbose]: \ud83d\udd36 Test:  TestLegacyManiaComboBurstAtHundredCombo&#xD;
[runtime] 2026-07-30 00:29:24 [verbose]: \ud83d\udd38 Step #1 load combo burst skin&#xD;
[performance] 2026-07-30 00:29:24 [verbose]: TextureAtlas initialised (1024x1024)&#xD;
[runtime] 2026-07-30 00:29:24 [error]: The audio engine could not start playback.&#xD;
[runtime] 2026-07-30 00:29:24 [error]: Yokko.Audio.Native.NativeAudioException: WASAPI Exclusive and Shared fallback both failed. Exclusive: Native audio operation 'open WasapiExclusive' failed with BackendUnavailable (HRESULT 0x8889000A, stage 5). Shared: Native audio operation 'open WasapiShared' failed with BackendUnavailable (HRESULT 0x8889000A, stage 5).&#xD;
[runtime] 2026-07-30 00:29:24 [error]: ---&gt; Yokko.Audio.Native.NativeAudioException: Native audio operation 'open WasapiShared' failed with BackendUnavailable (HRESULT 0x8889000A, stage 5).&#xD;
[runtime] 2026-07-30 00:29:24 [error]: at Yokko.Audio.Native.NativeAudioCore.OpenWasapi(NativeAudioBackendMode backend, String deviceId, UInt32 preferredBufferFrames) in D:\YOKKO\Yokko.Audio\Native\NativeAudioCore.cs:line 205&#xD;
[runtime] 2026-07-30 00:29:24 [error]: at Yokko.Audio.NativeAudioEngine.startFromCurrentPositionAsync(CancellationToken cancellationToken) in D:\YOKKO\Yokko.Audio\NativeAudioEngine.cs:line 681&#xD;
[runtime] 2026-07-30 00:29:24 [error]: --- End of inner exception stack trace ---&#xD;
[runtime] 2026-07-30 00:29:24 [error]: at Yokko.Audio.NativeAudioEngine.startFromCurrentPositionAsync(CancellationToken cancellationToken) in D:\YOKKO\Yokko.Audio\NativeAudioEngine.cs:line 689&#xD;
[runtime] 2026-07-30 00:29:24 [error]: at Yokko.Audio.NativeAudioEngine.StartAsync(AudioEngineStartRequest request, CancellationToken cancellationToken) in D:\YOKKO\Yokko.Audio\NativeAudioEngine.cs:line 248&#xD;
[runtime] 2026-07-30 00:29:24 [error]: at Yokko.Audio.NativeAudioEngine.StartAsync(AudioEngineStartRequest request, CancellationToken cancellationToken) in D:\YOKKO\Yokko.Audio\NativeAudioEngine.cs:line 254&#xD;
[runtime] 2026-07-30 00:29:24 [error]: at Yokko.Game.Screens.Gameplay.GameplayScreen.startAudioAsync() in D:\YOKKO\Yokko.Game\Screens\Gameplay\GameplayScreen.cs:line 809&#xD;
[runtime] 2026-07-30 00:29:24 [verbose]: \ud83d\udd38 Step #2 combo burst playfield loaded&#xD;
[runtime] 2026-07-30 00:29:24 [verbose]: \ud83d\udd38 Step #3 reach 100 combo&#xD;
[runtime] 2026-07-30 00:29:24 [verbose]: \ud83d\udd38 Step #4 left combo burst is emitted once&#xD;
[runtime] 2026-07-30 00:29:24 [verbose]: \ud83d\udd38 Step #5 remove combo burst fixture&#xD;
[runtime] 2026-07-30 00:29:24 [verbose]: ✅ TestSceneGameplayScreen completed</StdOut>
      </Output>
    </UnitTestResult>
    <UnitTestResult executionId="32796d2e-6aac-4c7b-8a93-e27b1446bad5" testId="5a5ea651-77cf-2f22-5782-f449548d1c5c" testName="TestRetryWaitsForAudioReleaseAndReplacesGameplay" computerName="MOE" duration="00:00:00.1228930" startTime="2026-07-30T08:29:26.9339007+08:00" endTime="2026-07-30T08:29:27.0567931+08:00" testType="13cdc9d9-ddb5-4fa4-a97d-d965ccfc6d4b" outcome="Passed" testListId="8c84fa94-04c1-424b-9868-57a2d4851a1d" relativeResultsDirectory="32796d2e-6aac-4c7b-8a93-e27b1446bad5">
      <Output>
        <StdOut>[runtime] 2026-07-30 00:29:26 [verbose]: \ud83d\udca8 Class: TestSceneGameplayScreen&#xD;
[runtime] 2026-07-30 00:29:26 [verbose]: \ud83d\udd36 Test:  TestRetryWaitsForAudioReleaseAndReplacesGameplay&#xD;
[runtime] 2026-07-30 00:29:26 [verbose]: \ud83d\udd38 Step #1 open gameplay session&#xD;
[runtime] 2026-07-30 00:29:26 [verbose]: \ud83d\udcfa ScreenStack#302(depth:37) suspended GameplayScreen#210 (waiting on GameplaySessionScreen#665)&#xD;
[runtime] 2026-07-30 00:29:26 [verbose]: \ud83d\udcfa ScreenStack#302(depth:38) loading GameplaySessionScreen#665&#xD;
[runtime] 2026-07-30 00:29:26 [verbose]: \ud83d\udcfa ScreenStack#485(depth:1) scheduling push GameplaySessionRootScreen#250&#xD;
[runtime] 2026-07-30 00:29:26 [verbose]: \ud83d\udd38 Step #2 gameplay is current&#xD;
[runtime] 2026-07-30 00:29:26 [verbose]: \ud83d\udcfa ScreenStack#302(depth:38) entered GameplaySessionScreen#665&#xD;
[runtime] 2026-07-30 00:29:26 [verbose]: \ud83d\udcfa ScreenStack#485(depth:1) entered GameplaySessionRootScreen#250&#xD;
[runtime] 2026-07-30 00:29:26 [verbose]: \ud83d\udcfa ScreenStack#485(depth:1) suspended GameplaySessionRootScreen#250 (waiting on GameplayScreen#247)&#xD;
[runtime] 2026-07-30 00:29:26 [verbose]: \ud83d\udcfa ScreenStack#485(depth:2) loading GameplayScreen#247&#xD;
[runtime] 2026-07-30 00:29:26 [verbose]: \ud83d\udcfa ScreenStack#485(depth:2) entered GameplayScreen#247&#xD;
[runtime] 2026-07-30 00:29:26 [verbose]: ✔️ 3 repetitions&#xD;
[runtime] 2026-07-30 00:29:26 [verbose]: \ud83d\udd38 Step #3 request retry twice&#xD;
[runtime] 2026-07-30 00:29:26 [verbose]: \ud83d\udd38 Step #4 retry waits and coalesces&#xD;
[runtime] 2026-07-30 00:29:26 [verbose]: \ud83d\udd38 Step #5 release old audio session&#xD;
[runtime] 2026-07-30 00:29:26 [verbose]: Gameplay input timing: SDL window fallback; captured=0, pending=0, dropped=0; no scored input samples&#xD;
[runtime] 2026-07-30 00:29:26 [verbose]: \ud83d\udcfa ScreenStack#485(depth:1) exit from GameplayScreen#247&#xD;
[runtime] 2026-07-30 00:29:26 [verbose]: \ud83d\udcfa ScreenStack#485(depth:1) resume to GameplaySessionRootScreen#250&#xD;
[runtime] 2026-07-30 00:29:26 [verbose]: \ud83d\udcfa ScreenStack#485(depth:1) suspended GameplaySessionRootScreen#250 (waiting on GameplayScreen#603)&#xD;
[runtime] 2026-07-30 00:29:26 [verbose]: \ud83d\udcfa ScreenStack#485(depth:2) loading GameplayScreen#603&#xD;
[runtime] 2026-07-30 00:29:26 [verbose]: \ud83d\udd38 Step #6 retry animation starts&#xD;
[runtime] 2026-07-30 00:29:27 [verbose]: \ud83d\udd38 Step #7 replacement gameplay is current&#xD;
[runtime] 2026-07-30 00:29:27 [verbose]: \ud83d\udcfa ScreenStack#485(depth:2) entered GameplayScreen#603&#xD;
[runtime] 2026-07-30 00:29:27 [verbose]: ✔️ 2 repetitions&#xD;
[runtime] 2026-07-30 00:29:27 [verbose]: \ud83d\udd38 Step #8 replacement stays inside gameplay session&#xD;
[runtime] 2026-07-30 00:29:27 [verbose]: \ud83d\udd38 Step #9 retry reveal animation completes&#xD;
[runtime] 2026-07-30 00:29:27 [verbose]: \ud83d\udd38 Step #10 exit replacement gameplay&#xD;
[runtime] 2026-07-30 00:29:27 [verbose]: Gameplay input timing: SDL window fallback; captured=0, pending=0, dropped=0; no scored input samples&#xD;
[runtime] 2026-07-30 00:29:27 [verbose]: \ud83d\udcfa ScreenStack#485(depth:1) exit from GameplayScreen#603&#xD;
[runtime] 2026-07-30 00:29:27 [verbose]: \ud83d\udcfa ScreenStack#485(depth:1) resume to GameplaySessionRootScreen#250&#xD;
[runtime] 2026-07-30 00:29:27 [verbose]: \ud83d\udcfa ScreenStack#302(depth:37) exit from GameplaySessionScreen#665&#xD;
[runtime] 2026-07-30 00:29:27 [verbose]: \ud83d\udcfa ScreenStack#302(depth:37) resume to GameplayScreen#210&#xD;
[runtime] 2026-07-30 00:29:27 [verbose]: \ud83d\udd38 Step #11 gameplay session exits with its gameplay&#xD;
[runtime] 2026-07-30 00:29:27 [verbose]: ✅ TestSceneGameplayScreen completed</StdOut>
      </Output>
    </UnitTestResult>
    <UnitTestResult executionId="ad0bd3cd-2530-4c57-a5cf-478d07df97f2" testId="e99bc9c6-2a54-02d2-0ab1-768977e8cf97" testName="TestLoadsRealThrowStyleSkinBodyWithoutStretching" computerName="MOE" duration="00:00:00.0114540" startTime="2026-07-30T08:29:24.8381031+08:00" endTime="2026-07-30T08:29:24.8495562+08:00" testType="13cdc9d9-ddb5-4fa4-a97d-d965ccfc6d4b" outcome="NotExecuted" testListId="8c84fa94-04c1-424b-9868-57a2d4851a1d" relativeResultsDirectory="ad0bd3cd-2530-4c57-a5cf-478d07df97f2">
      <Output>
        <StdOut>[runtime] 2026-07-30 00:29:24 [verbose]: \ud83d\udca8 Class: TestSceneGameplayScreen&#xD;
[runtime] 2026-07-30 00:29:24 [verbose]: \ud83d\udd36 Test:  TestLoadsRealThrowStyleSkinBodyWithoutStretching&#xD;
[runtime] 2026-07-30 00:29:24 [verbose]: ✅ TestSceneGameplayScreen completed&#xD;
&#xD;
Set YOKKO_OSU_MANIA_THROW_SKIN_SAMPLE to a real throw-style skin package.</StdOut>
        <ErrorInfo>
          <Message>Set YOKKO_OSU_MANIA_THROW_SKIN_SAMPLE to a real throw-style skin package.</Message>
        </ErrorInfo>
      </Output>
    </UnitTestResult>
    <UnitTestResult executionId="5dbd6896-7ef5-4593-829c-c87502f57c7e" testId="fac4c8bb-aac3-0f98-fcc9-2b969f3e98ca" testName="SpecialStyleSelectsStableFallbackAssets(&quot;Right&quot;,[&quot;mania-note1&quot;, &quot;mania-note2&quot;, &quot;mania-note1&quot;, &quot;mania-note2&quot;, &quot;mania-note1&quot;, ...])" computerName="MOE" duration="00:00:00.0001970" startTime="2026-07-30T08:29:21.5708906+08:00" endTime="2026-07-30T08:29:21.5710871+08:00" testType="13cdc9d9-ddb5-4fa4-a97d-d965ccfc6d4b" outcome="Passed" testListId="8c84fa94-04c1-424b-9868-57a2d4851a1d" relativeResultsDirectory="5dbd6896-7ef5-4593-829c-c87502f57c7e" />
    <UnitTestResult executionId="b8afa74e-8af9-4425-8c30-6e6db8a60052" testId="2ce7f5b0-f3ec-7f2d-0b65-cc95c056acf1" testName="TestPauseOverlayStopsAndResumesAudio" computerName="MOE" duration="00:00:00.5607660" startTime="2026-07-30T08:29:25.9118206+08:00" endTime="2026-07-30T08:29:26.4725864+08:00" testType="13cdc9d9-ddb5-4fa4-a97d-d965ccfc6d4b" outcome="Passed" testListId="8c84fa94-04c1-424b-9868-57a2d4851a1d" relativeResultsDirectory="b8afa74e-8af9-4425-8c30-6e6db8a60052">
      <Output>
        <StdOut>[runtime] 2026-07-30 00:29:25 [verbose]: \ud83d\udca8 Class: TestSceneGameplayScreen&#xD;
[runtime] 2026-07-30 00:29:25 [verbose]: \ud83d\udd36 Test:  TestPauseOverlayStopsAndResumesAudio&#xD;
[runtime] 2026-07-30 00:29:25 [verbose]: \ud83d\udd38 Step #1 open gameplay with audio&#xD;
[runtime] 2026-07-30 00:29:25 [verbose]: \ud83d\udcfa ScreenStack#302(depth:30) suspended GameplayScreen#610 (waiting on GameplayScreen#508)&#xD;
[runtime] 2026-07-30 00:29:25 [verbose]: \ud83d\udcfa ScreenStack#302(depth:31) loading GameplayScreen#508&#xD;
[runtime] 2026-07-30 00:29:25 [verbose]: \ud83d\udd38 Step #2 audio starts&#xD;
[runtime] 2026-07-30 00:29:25 [verbose]: \ud83d\udcfa ScreenStack#302(depth:31) entered GameplayScreen#508&#xD;
[runtime] 2026-07-30 00:29:25 [verbose]: ✔️ 6 repetitions&#xD;
[runtime] 2026-07-30 00:29:25 [verbose]: \ud83d\udd38 Step #3 pause gameplay&#xD;
[runtime] 2026-07-30 00:29:26 [verbose]: \ud83d\udd38 Step #4 pause completes&#xD;
[runtime] 2026-07-30 00:29:26 [verbose]: \ud83d\udd38 Step #5 gameplay remains current screen&#xD;
[runtime] 2026-07-30 00:29:26 [verbose]: \ud83d\udd38 Step #6 pause overlay is visible with resume selected&#xD;
[runtime] 2026-07-30 00:29:26 [verbose]: \ud83d\udd38 Step #7 capture pause screen when requested&#xD;
[runtime] 2026-07-30 00:29:26 [verbose]: \ud83d\udd38 Step #8 old menu key is ignored&#xD;
[runtime] 2026-07-30 00:29:26 [verbose]: \ud83d\udd38 Step #9 selection remains on resume&#xD;
[runtime] 2026-07-30 00:29:26 [verbose]: \ud83d\udd38 Step #10 custom menu key moves selection&#xD;
[runtime] 2026-07-30 00:29:26 [verbose]: \ud83d\udd38 Step #11 restart becomes selected&#xD;
[runtime] 2026-07-30 00:29:26 [verbose]: \ud83d\udd38 Step #12 old pause key is ignored&#xD;
[runtime] 2026-07-30 00:29:26 [verbose]: \ud83d\udd38 Step #13 gameplay stays paused&#xD;
[runtime] 2026-07-30 00:29:26 [verbose]: \ud83d\udd38 Step #14 custom pause key resumes gameplay&#xD;
[runtime] 2026-07-30 00:29:26 [verbose]: \ud83d\udd38 Step #15 resume completes&#xD;
[runtime] 2026-07-30 00:29:26 [verbose]: \ud83d\udd38 Step #16 pause overlay is removed&#xD;
[runtime] 2026-07-30 00:29:26 [verbose]: \ud83d\udd38 Step #17 audio is running again&#xD;
[runtime] 2026-07-30 00:29:26 [verbose]: \ud83d\udd38 Step #18 restore pause shortcuts&#xD;
[runtime] 2026-07-30 00:29:26 [verbose]: ✅ TestSceneGameplayScreen completed</StdOut>
      </Output>
    </UnitTestResult>
    <UnitTestResult executionId="84e73fcd-ff16-4874-8790-5043aa4d8138" testId="15e10e48-afed-9c0b-84e6-75159910d128" testName="TestControlScrollResizesPlayfieldWidthOnly" computerName="MOE" duration="00:00:00.1048770" startTime="2026-07-30T08:29:23.4593870+08:00" endTime="2026-07-30T08:29:23.5642636+08:00" testType="13cdc9d9-ddb5-4fa4-a97d-d965ccfc6d4b" outcome="Passed" testListId="8c84fa94-04c1-424b-9868-57a2d4851a1d" relativeResultsDirectory="84e73fcd-ff16-4874-8790-5043aa4d8138">
      <Output>
        <StdOut>[runtime] 2026-07-30 00:29:23 [verbose]: \ud83d\udca8 Class: TestSceneGameplayScreen&#xD;
[runtime] 2026-07-30 00:29:23 [verbose]: \ud83d\udd36 Test:  TestControlScrollResizesPlayfieldWidthOnly&#xD;
[runtime] 2026-07-30 00:29:23 [verbose]: \ud83d\udd38 Step #1 gameplay layout loaded&#xD;
[runtime] 2026-07-30 00:29:23 [verbose]: \ud83d\udd38 Step #2 capture default geometry&#xD;
[runtime] 2026-07-30 00:29:23 [verbose]: \ud83d\udd38 Step #3 plain scroll is ignored&#xD;
[runtime] 2026-07-30 00:29:23 [verbose]: \ud83d\udd38 Step #4 plain scroll keeps width&#xD;
[runtime] 2026-07-30 00:29:23 [verbose]: \ud83d\udd38 Step #5 control scroll up is handled&#xD;
[runtime] 2026-07-30 00:29:23 [verbose]: \ud83d\udd38 Step #6 only playfield width becomes larger&#xD;
[runtime] 2026-07-30 00:29:23 [verbose]: \ud83d\udd38 Step #7 note keeps its aspect ratio&#xD;
[runtime] 2026-07-30 00:29:23 [verbose]: \ud83d\udd38 Step #8 control scroll down is handled&#xD;
[runtime] 2026-07-30 00:29:23 [verbose]: \ud83d\udd38 Step #9 playfield returns to default width&#xD;
[runtime] 2026-07-30 00:29:23 [verbose]: \ud83d\udd38 Step #10 scroll repeatedly towards maximum&#xD;
[runtime] 2026-07-30 00:29:23 [verbose]: \ud83d\udd38 Step #11 zoom stops at 250 percent&#xD;
[runtime] 2026-07-30 00:29:23 [verbose]: \ud83d\udd38 Step #12 scroll repeatedly towards minimum&#xD;
[runtime] 2026-07-30 00:29:23 [verbose]: \ud83d\udd38 Step #13 zoom stops safely at 20 percent&#xD;
[runtime] 2026-07-30 00:29:23 [verbose]: \ud83d\udd38 Step #14 restore default zoom&#xD;
[runtime] 2026-07-30 00:29:23 [verbose]: \ud83d\udd38 Step #15 zoom returns exactly to default&#xD;
[runtime] 2026-07-30 00:29:23 [verbose]: ✅ TestSceneGameplayScreen completed</StdOut>
      </Output>
    </UnitTestResult>
    <UnitTestResult executionId="8f099cd4-00ff-44cb-99dd-5815f6d4da2e" testId="05e37695-a0a9-50e6-c53c-03193038dcf9" testName="TestSplitLegacySkinRepeatsPerStageDecorations" computerName="MOE" duration="00:00:00.0381779" startTime="2026-07-30T08:29:27.5476220+08:00" endTime="2026-07-30T08:29:27.5857992+08:00" testType="13cdc9d9-ddb5-4fa4-a97d-d965ccfc6d4b" outcome="Passed" testListId="8c84fa94-04c1-424b-9868-57a2d4851a1d" relativeResultsDirectory="8f099cd4-00ff-44cb-99dd-5815f6d4da2e">
      <Output>
        <StdOut>[runtime] 2026-07-30 00:29:27 [verbose]: \ud83d\udca8 Class: TestSceneGameplayScreen&#xD;
[runtime] 2026-07-30 00:29:27 [verbose]: \ud83d\udd36 Test:  TestSplitLegacySkinRepeatsPerStageDecorations&#xD;
[runtime] 2026-07-30 00:29:27 [verbose]: \ud83d\udd38 Step #1 open forced split-stage skin&#xD;
[runtime] 2026-07-30 00:29:27 [verbose]: \ud83d\udcfa ScreenStack#302(depth:40) suspended GameplayScreen#521 (waiting on GameplayScreen#427)&#xD;
[runtime] 2026-07-30 00:29:27 [verbose]: \ud83d\udcfa ScreenStack#302(depth:41) loading GameplayScreen#427&#xD;
[performance] 2026-07-30 00:29:27 [verbose]: TextureAtlas initialised (1024x1024)&#xD;
[runtime] 2026-07-30 00:29:27 [verbose]: \ud83d\udd38 Step #2 split-stage playfield loaded&#xD;
[runtime] 2026-07-30 00:29:27 [verbose]: ✔️ 2 repetitions&#xD;
[runtime] 2026-07-30 00:29:27 [verbose]: ✅ TestSceneGameplayScreen completed&#xD;
[runtime] 2026-07-30 00:29:27 [verbose]: \ud83d\udcfa ScreenStack#302(depth:41) entered GameplayScreen#427</StdOut>
      </Output>
    </UnitTestResult>
    <UnitTestResult executionId="15907558-4370-429b-887b-6a7f241c723b" testId="45455ab5-cabe-4491-a11e-f47cdf3169c7" testName="TestLoadsRealOsuManiaSkinSample" computerName="MOE" duration="00:00:00.0211510" startTime="2026-07-30T08:29:24.8169097+08:00" endTime="2026-07-30T08:29:24.8380608+08:00" testType="13cdc9d9-ddb5-4fa4-a97d-d965ccfc6d4b" outcome="NotExecuted" testListId="8c84fa94-04c1-424b-9868-57a2d4851a1d" relativeResultsDirectory="15907558-4370-429b-887b-6a7f241c723b">
      <Output>
        <StdOut>[runtime] 2026-07-30 00:29:24 [verbose]: \ud83d\udca8 Class: TestSceneGameplayScreen&#xD;
[runtime] 2026-07-30 00:29:24 [verbose]: \ud83d\udd36 Test:  TestLoadsRealOsuManiaSkinSample&#xD;
[runtime] 2026-07-30 00:29:24 [verbose]: ✅ TestSceneGameplayScreen completed&#xD;
&#xD;
Set YOKKO_OSU_MANIA_SKIN_SAMPLE to a real osu! skin package.</StdOut>
        <ErrorInfo>
          <Message>Set YOKKO_OSU_MANIA_SKIN_SAMPLE to a real osu! skin package.</Message>
        </ErrorInfo>
      </Output>
    </UnitTestResult>
    <UnitTestResult executionId="ebe237b4-48f3-4183-95a4-b5789297a951" testId="04d9d16e-5d88-e375-abfa-4065d8ce8735" testName="WrappedAssetsOnlyFolderResolvesTexturesFromItsContentRoot" computerName="MOE" duration="00:00:00.0095890" startTime="2026-07-30T08:29:21.7154301+08:00" endTime="2026-07-30T08:29:21.7250183+08:00" testType="13cdc9d9-ddb5-4fa4-a97d-d965ccfc6d4b" outcome="Passed" testListId="8c84fa94-04c1-424b-9868-57a2d4851a1d" relativeResultsDirectory="ebe237b4-48f3-4183-95a4-b5789297a951" />
    <UnitTestResult executionId="1cabf0ac-ed69-4c46-991f-88621c27bae9" testId="f78b0e88-08db-9e24-5114-a3e279d1e891" testName="DecodesLegacyCompatibilityFieldsAndInvalidLightRate" computerName="MOE" duration="00:00:00.0236860" startTime="2026-07-30T08:29:21.5327806+08:00" endTime="2026-07-30T08:29:21.5564243+08:00" testType="13cdc9d9-ddb5-4fa4-a97d-d965ccfc6d4b" outcome="Passed" testListId="8c84fa94-04c1-424b-9868-57a2d4851a1d" relativeResultsDirectory="1cabf0ac-ed69-4c46-991f-88621c27bae9" />
    <UnitTestResult executionId="dcaed0bb-4b04-47ef-b88e-2ffdb5e7ed66" testId="5efeb45c-8c4a-2020-5cec-5483a691d105" testName="TestDenseChartOnlyUpdatesVisibleNotes" computerName="MOE" duration="00:00:00.1731080" startTime="2026-07-30T08:29:23.6278057+08:00" endTime="2026-07-30T08:29:23.8009130+08:00" testType="13cdc9d9-ddb5-4fa4-a97d-d965ccfc6d4b" outcome="Passed" testListId="8c84fa94-04c1-424b-9868-57a2d4851a1d" relativeResultsDirectory="dcaed0bb-4b04-47ef-b88e-2ffdb5e7ed66">
      <Output>
        <StdOut>[runtime] 2026-07-30 00:29:23 [verbose]: \ud83d\udca8 Class: TestSceneGameplayScreen&#xD;
[runtime] 2026-07-30 00:29:23 [verbose]: \ud83d\udd36 Test:  TestDenseChartOnlyUpdatesVisibleNotes&#xD;
[runtime] 2026-07-30 00:29:23 [verbose]: \ud83d\udd38 Step #1 create dense chart&#xD;
[runtime] 2026-07-30 00:29:23 [verbose]: \ud83d\udd38 Step #2 dense playfield loaded&#xD;
[runtime] 2026-07-30 00:29:23 [verbose]: \ud83d\udd38 Step #3 update dense chart&#xD;
[runtime] 2026-07-30 00:29:23 [verbose]: \ud83d\udd38 Step #4 only the visible window was updated&#xD;
[runtime] 2026-07-30 00:29:23 [verbose]: \ud83d\udd38 Step #5 scene graph only contains visible notes&#xD;
[runtime] 2026-07-30 00:29:23 [verbose]: \ud83d\udd38 Step #6 seek dense chart forward&#xD;
[runtime] 2026-07-30 00:29:23 [verbose]: \ud83d\udd38 Step #7 forward seek replaces active notes&#xD;
[runtime] 2026-07-30 00:29:23 [verbose]: \ud83d\udd38 Step #8 rewind dense chart&#xD;
[runtime] 2026-07-30 00:29:23 [verbose]: \ud83d\udd38 Step #9 rewind reuses preloaded notes&#xD;
[runtime] 2026-07-30 00:29:23 [verbose]: \ud83d\udd38 Step #10 remove dense playfield&#xD;
[runtime] 2026-07-30 00:29:23 [verbose]: ✅ TestSceneGameplayScreen completed</StdOut>
      </Output>
    </UnitTestResult>
    <UnitTestResult executionId="bca2088b-a4ef-47f0-b41f-f8eee1592f04" testId="dd284014-02fd-3015-955a-6c8bd83102da" testName="TestRetryKeepsManualPlaybackRate" computerName="MOE" duration="00:00:00.0761100" startTime="2026-07-30T08:29:26.8576360+08:00" endTime="2026-07-30T08:29:26.9337463+08:00" testType="13cdc9d9-ddb5-4fa4-a97d-d965ccfc6d4b" outcome="Passed" testListId="8c84fa94-04c1-424b-9868-57a2d4851a1d" relativeResultsDirectory="bca2088b-a4ef-47f0-b41f-f8eee1592f04">
      <Output>
        <StdOut>[runtime] 2026-07-30 00:29:26 [verbose]: \ud83d\udca8 Class: TestSceneGameplayScreen&#xD;
[runtime] 2026-07-30 00:29:26 [verbose]: \ud83d\udd36 Test:  TestRetryKeepsManualPlaybackRate&#xD;
[runtime] 2026-07-30 00:29:26 [verbose]: \ud83d\udd38 Step #1 open gameplay for rate-preserving retry&#xD;
[runtime] 2026-07-30 00:29:26 [verbose]: \ud83d\udcfa ScreenStack#302(depth:35) suspended GameplayScreen#236 (waiting on GameplayScreen#507)&#xD;
[runtime] 2026-07-30 00:29:26 [verbose]: \ud83d\udcfa ScreenStack#302(depth:36) loading GameplayScreen#507&#xD;
[runtime] 2026-07-30 00:29:26 [verbose]: \ud83d\udd38 Step #2 gameplay loaded&#xD;
[runtime] 2026-07-30 00:29:26 [verbose]: \ud83d\udcfa ScreenStack#302(depth:36) entered GameplayScreen#507&#xD;
[runtime] 2026-07-30 00:29:26 [verbose]: ✔️ 2 repetitions&#xD;
[runtime] 2026-07-30 00:29:26 [verbose]: \ud83d\udd38 Step #3 set 1.05x before retry&#xD;
[runtime] 2026-07-30 00:29:26 [verbose]: \ud83d\udd38 Step #4 original uses 1.05x&#xD;
[runtime] 2026-07-30 00:29:26 [verbose]: \ud83d\udd38 Step #5 retry gameplay&#xD;
[runtime] 2026-07-30 00:29:26 [verbose]: \ud83d\udcfa ScreenStack#302(depth:36) suspended GameplayScreen#507 (waiting on GameplayScreen#210)&#xD;
[runtime] 2026-07-30 00:29:26 [verbose]: \ud83d\udcfa ScreenStack#302(depth:37) loading GameplayScreen#210&#xD;
[runtime] 2026-07-30 00:29:26 [verbose]: \ud83d\udd38 Step #6 replacement gameplay is active&#xD;
[runtime] 2026-07-30 00:29:26 [verbose]: \ud83d\udcfa ScreenStack#302(depth:37) entered GameplayScreen#210&#xD;
[runtime] 2026-07-30 00:29:26 [verbose]: ✔️ 2 repetitions&#xD;
[runtime] 2026-07-30 00:29:26 [verbose]: \ud83d\udd38 Step #7 replacement keeps 1.05x&#xD;
[runtime] 2026-07-30 00:29:26 [verbose]: ✅ TestSceneGameplayScreen completed</StdOut>
      </Output>
    </UnitTestResult>
    <UnitTestResult executionId="35418fa5-3853-4db8-ad72-adffb01c5498" testId="06de176d-c5a4-0782-1845-9b13954eca8e" testName="ImportsConfiguredRealSkinCorpus" computerName="MOE" duration="00:00:00.0149150" startTime="2026-07-30T08:29:21.6424493+08:00" endTime="2026-07-30T08:29:21.6573638+08:00" testType="13cdc9d9-ddb5-4fa4-a97d-d965ccfc6d4b" outcome="NotExecuted" testListId="8c84fa94-04c1-424b-9868-57a2d4851a1d" relativeResultsDirectory="35418fa5-3853-4db8-ad72-adffb01c5498">
      <Output>
        <StdOut>Set YOKKO_OSU_MANIA_SKIN_CORPUS to a directory containing real osu! skins.</StdOut>
        <ErrorInfo>
          <Message>Set YOKKO_OSU_MANIA_SKIN_CORPUS to a directory containing real osu! skins.</Message>
        </ErrorInfo>
      </Output>
    </UnitTestResult>
    <UnitTestResult executionId="f224181d-e3ee-422e-b38a-933120d17ab2" testId="baed74b6-8a9f-55d7-dd07-2b21158bab15" testName="SpecialStyleFlipsAcrossDualStages(&quot;Right&quot;,5,6)" computerName="MOE" duration="00:00:00.0003089" startTime="2026-07-30T08:29:21.5693448+08:00" endTime="2026-07-30T08:29:21.5696539+08:00" testType="13cdc9d9-ddb5-4fa4-a97d-d965ccfc6d4b" outcome="Passed" testListId="8c84fa94-04c1-424b-9868-57a2d4851a1d" relativeResultsDirectory="f224181d-e3ee-422e-b38a-933120d17ab2" />
    <UnitTestResult executionId="56d707d1-cc17-4ab7-86c4-32f29e95abeb" testId="edf64d33-ee46-56c2-e553-af0061233306" testName="SpecialStyleFlipsAcrossDualStages(&quot;Left&quot;,0,11)" computerName="MOE" duration="00:00:00.0004510" startTime="2026-07-30T08:29:21.5688830+08:00" endTime="2026-07-30T08:29:21.5693336+08:00" testType="13cdc9d9-ddb5-4fa4-a97d-d965ccfc6d4b" outcome="Passed" testListId="8c84fa94-04c1-424b-9868-57a2d4851a1d" relativeResultsDirectory="56d707d1-cc17-4ab7-86c4-32f29e95abeb" />
    <UnitTestResult executionId="0d29785a-3676-4031-af5f-1f5439a8d9d5" testId="abea7482-0c68-73ea-2e7a-976ffea9683b" testName="DecodesRepeatedManiaSectionsAndPerLaneAssets" computerName="MOE" duration="00:00:00.0061820" startTime="2026-07-30T08:29:21.5574684+08:00" endTime="2026-07-30T08:29:21.5636533+08:00" testType="13cdc9d9-ddb5-4fa4-a97d-d965ccfc6d4b" outcome="Passed" testListId="8c84fa94-04c1-424b-9868-57a2d4851a1d" relativeResultsDirectory="0d29785a-3676-4031-af5f-1f5439a8d9d5" />
    <UnitTestResult executionId="2861abad-51fe-4eb6-a6d7-de82afe23743" testId="a888eea8-dfc8-64cc-cc9f-c75438eb4cb5" testName="TestUpsideDownSkinFlipsArrowElements" computerName="MOE" duration="00:00:00.0569940" startTime="2026-07-30T08:29:27.6891852+08:00" endTime="2026-07-30T08:29:27.7461786+08:00" testType="13cdc9d9-ddb5-4fa4-a97d-d965ccfc6d4b" outcome="Passed" testListId="8c84fa94-04c1-424b-9868-57a2d4851a1d" relativeResultsDirectory="2861abad-51fe-4eb6-a6d7-de82afe23743">
      <Output>
        <StdOut>[runtime] 2026-07-30 00:29:27 [verbose]: \ud83d\udca8 Class: TestSceneGameplayScreen&#xD;
[runtime] 2026-07-30 00:29:27 [verbose]: \ud83d\udd36 Test:  TestUpsideDownSkinFlipsArrowElements&#xD;
[runtime] 2026-07-30 00:29:27 [verbose]: \ud83d\udd38 Step #1 open upside-down skin&#xD;
[runtime] 2026-07-30 00:29:27 [verbose]: \ud83d\udcfa ScreenStack#302(depth:43) suspended GameplayScreen#323 (waiting on GameplayScreen#161)&#xD;
[runtime] 2026-07-30 00:29:27 [verbose]: \ud83d\udcfa ScreenStack#302(depth:44) loading GameplayScreen#161&#xD;
[performance] 2026-07-30 00:29:27 [verbose]: TextureAtlas initialised (1024x1024)&#xD;
[runtime] 2026-07-30 00:29:27 [verbose]: \ud83d\udd38 Step #2 upscroll geometry applied&#xD;
[runtime] 2026-07-30 00:29:27 [verbose]: ✔️ 2 repetitions&#xD;
[runtime] 2026-07-30 00:29:27 [verbose]: \ud83d\udcfa ScreenStack#302(depth:44) entered GameplayScreen#161&#xD;
[runtime] 2026-07-30 00:29:27 [verbose]: \ud83d\udd38 Step #3 notes and receptors flipped&#xD;
[runtime] 2026-07-30 00:29:27 [verbose]: \ud83d\udd38 Step #4 timing bar stays at the screen bottom&#xD;
[runtime] 2026-07-30 00:29:27 [verbose]: ✅ TestSceneGameplayScreen completed</StdOut>
      </Output>
    </UnitTestResult>
    <UnitTestResult executionId="9113411f-d856-4ee9-b270-826dbd0f8905" testId="951fca95-43bb-c6d0-4cb2-b83211fd8477" testName="TestTimingBarStaysAtBottomWithTallSkinReceptors" computerName="MOE" duration="00:00:00.0608360" startTime="2026-07-30T08:29:27.6283098+08:00" endTime="2026-07-30T08:29:27.6891455+08:00" testType="13cdc9d9-ddb5-4fa4-a97d-d965ccfc6d4b" outcome="Passed" testListId="8c84fa94-04c1-424b-9868-57a2d4851a1d" relativeResultsDirectory="9113411f-d856-4ee9-b270-826dbd0f8905">
      <Output>
        <StdOut>[runtime] 2026-07-30 00:29:27 [verbose]: \ud83d\udca8 Class: TestSceneGameplayScreen&#xD;
[runtime] 2026-07-30 00:29:27 [verbose]: \ud83d\udd36 Test:  TestTimingBarStaysAtBottomWithTallSkinReceptors&#xD;
[runtime] 2026-07-30 00:29:27 [verbose]: \ud83d\udd38 Step #1 open tall receptor skin&#xD;
[runtime] 2026-07-30 00:29:27 [verbose]: \ud83d\udcfa ScreenStack#302(depth:42) suspended GameplayScreen#557 (waiting on GameplayScreen#323)&#xD;
[runtime] 2026-07-30 00:29:27 [verbose]: \ud83d\udcfa ScreenStack#302(depth:43) loading GameplayScreen#323&#xD;
[performance] 2026-07-30 00:29:27 [verbose]: TextureAtlas initialised (1024x1024)&#xD;
[runtime] 2026-07-30 00:29:27 [verbose]: \ud83d\udd38 Step #2 tall receptor feedback loaded&#xD;
[runtime] 2026-07-30 00:29:27 [verbose]: \ud83d\udcfa ScreenStack#302(depth:43) entered GameplayScreen#323&#xD;
[runtime] 2026-07-30 00:29:27 [verbose]: ✔️ 3 repetitions&#xD;
[runtime] 2026-07-30 00:29:27 [verbose]: \ud83d\udd38 Step #3 tall receptors do not move the timing bar&#xD;
[runtime] 2026-07-30 00:29:27 [verbose]: ✅ TestSceneGameplayScreen completed</StdOut>
      </Output>
    </UnitTestResult>
    <UnitTestResult executionId="c8e247b0-92f9-4c29-9e79-5349385e7115" testId="8f2890be-4a99-2ba5-5219-050859caa8fd" testName="TestLazerModMultiplierIsAppliedToGameplayScore" computerName="MOE" duration="00:00:00.1154530" startTime="2026-07-30T08:29:24.1817937+08:00" endTime="2026-07-30T08:29:24.2972460+08:00" testType="13cdc9d9-ddb5-4fa4-a97d-d965ccfc6d4b" outcome="Passed" testListId="8c84fa94-04c1-424b-9868-57a2d4851a1d" relativeResultsDirectory="c8e247b0-92f9-4c29-9e79-5349385e7115">
      <Output>
        <StdOut>[runtime] 2026-07-30 00:29:24 [verbose]: \ud83d\udca8 Class: TestSceneGameplayScreen&#xD;
[runtime] 2026-07-30 00:29:24 [verbose]: \ud83d\udd36 Test:  TestLazerModMultiplierIsAppliedToGameplayScore&#xD;
[runtime] 2026-07-30 00:29:24 [verbose]: \ud83d\udd38 Step #1 open Easy autoplay gameplay&#xD;
[runtime] 2026-07-30 00:29:24 [verbose]: \ud83d\udcfa ScreenStack#302(depth:15) suspended GameplayScreen#644 (waiting on GameplayScreen#666)&#xD;
[runtime] 2026-07-30 00:29:24 [verbose]: \ud83d\udcfa ScreenStack#302(depth:16) loading GameplayScreen#666&#xD;
[runtime] 2026-07-30 00:29:24 [verbose]: \ud83d\udd38 Step #2 gameplay completes&#xD;
[runtime] 2026-07-30 00:29:24 [verbose]: \ud83d\udcfa ScreenStack#302(depth:16) entered GameplayScreen#666&#xD;
[runtime] 2026-07-30 00:29:24 [verbose]: ✔️ 6 repetitions&#xD;
[runtime] 2026-07-30 00:29:24 [verbose]: \ud83d\udd38 Step #3 Easy applies lazer 0.5x score multiplier&#xD;
[runtime] 2026-07-30 00:29:24 [verbose]: ✅ TestSceneGameplayScreen completed</StdOut>
      </Output>
    </UnitTestResult>
    <UnitTestResult executionId="9a147a40-287e-4e5f-bf8f-da3d6e400583" testId="00de2017-a95b-f306-64c6-0ca0c9e9e56e" testName="ExistingTopLevelSkinIsMigratedIntoResourceDirectory" computerName="MOE" duration="00:00:00.0066990" startTime="2026-07-30T08:29:21.6238919+08:00" endTime="2026-07-30T08:29:21.6305904+08:00" testType="13cdc9d9-ddb5-4fa4-a97d-d965ccfc6d4b" outcome="Passed" testListId="8c84fa94-04c1-424b-9868-57a2d4851a1d" relativeResultsDirectory="9a147a40-287e-4e5f-bf8f-da3d6e400583" />
    <UnitTestResult executionId="160ccbdb-ae91-4372-93be-8bdf64626456" testId="64df15b6-fedb-216d-9cf4-4774826dabec" testName="TestDifficultyAdjustAndConstantSpeedRuntime" computerName="MOE" duration="00:00:00.0424880" startTime="2026-07-30T08:29:23.9747597+08:00" endTime="2026-07-30T08:29:24.0172469+08:00" testType="13cdc9d9-ddb5-4fa4-a97d-d965ccfc6d4b" outcome="Passed" testListId="8c84fa94-04c1-424b-9868-57a2d4851a1d" relativeResultsDirectory="160ccbdb-ae91-4372-93be-8bdf64626456">
      <Output>
        <StdOut>[runtime] 2026-07-30 00:29:23 [verbose]: \ud83d\udca8 Class: TestSceneGameplayScreen&#xD;
[runtime] 2026-07-30 00:29:23 [verbose]: \ud83d\udd36 Test:  TestDifficultyAdjustAndConstantSpeedRuntime&#xD;
[runtime] 2026-07-30 00:29:23 [verbose]: \ud83d\udd38 Step #1 open DA CS gameplay&#xD;
[runtime] 2026-07-30 00:29:23 [verbose]: \ud83d\udcfa ScreenStack#302(depth:12) suspended GameplayScreen#568 (waiting on GameplayScreen#293)&#xD;
[runtime] 2026-07-30 00:29:23 [verbose]: \ud83d\udcfa ScreenStack#302(depth:13) loading GameplayScreen#293&#xD;
[runtime] 2026-07-30 00:29:23 [verbose]: \ud83d\udcfa ScreenStack#302(depth:13) entered GameplayScreen#293&#xD;
[runtime] 2026-07-30 00:29:23 [verbose]: \ud83d\udd38 Step #2 DA CS runtime is loaded&#xD;
[runtime] 2026-07-30 00:29:23 [verbose]: \ud83d\udd38 Step #3 DA overrides HP and extended OD&#xD;
[runtime] 2026-07-30 00:29:24 [verbose]: \ud83d\udd38 Step #4 CS uses linear chart-time positions&#xD;
[runtime] 2026-07-30 00:29:24 [verbose]: \ud83d\udd38 Step #5 HUD presents both active rules&#xD;
[runtime] 2026-07-30 00:29:24 [verbose]: ✅ TestSceneGameplayScreen completed</StdOut>
      </Output>
    </UnitTestResult>
    <UnitTestResult executionId="aa18d79f-ba7f-4d67-bef2-ace3e3b1956c" testId="870a4a8c-e97d-5e08-442e-2ff3facaeb22" testName="TestAdaptiveSpeedRespondsToMisses" computerName="MOE" duration="00:00:00.1191620" startTime="2026-07-30T08:29:22.2834120+08:00" endTime="2026-07-30T08:29:22.4025733+08:00" testType="13cdc9d9-ddb5-4fa4-a97d-d965ccfc6d4b" outcome="Passed" testListId="8c84fa94-04c1-424b-9868-57a2d4851a1d" relativeResultsDirectory="aa18d79f-ba7f-4d67-bef2-ace3e3b1956c">
      <Output>
        <StdOut>[runtime] 2026-07-30 00:29:22 [verbose]: \ud83d\udca8 Class: TestSceneGameplayScreen&#xD;
[runtime] 2026-07-30 00:29:22 [verbose]: \ud83d\udd36 Test:  TestAdaptiveSpeedRespondsToMisses&#xD;
[runtime] 2026-07-30 00:29:22 [verbose]: \ud83d\udd38 Step #1 open Adaptive Speed gameplay&#xD;
[runtime] 2026-07-30 00:29:22 [verbose]: \ud83d\udcfa ScreenStack#302(depth:1) suspended GameplayScreen#191 (waiting on GameplayScreen#342)&#xD;
[runtime] 2026-07-30 00:29:22 [verbose]: \ud83d\udcfa ScreenStack#302(depth:2) loading GameplayScreen#342&#xD;
[runtime] 2026-07-30 00:29:22 [verbose]: \ud83d\udd38 Step #2 misses reduce Adaptive Speed&#xD;
[runtime] 2026-07-30 00:29:22 [verbose]: \ud83d\udcfa ScreenStack#302(depth:2) entered GameplayScreen#342&#xD;
[runtime] 2026-07-30 00:29:22 [verbose]: ✔️ 10 repetitions&#xD;
[runtime] 2026-07-30 00:29:22 [verbose]: \ud83d\udd38 Step #3 adaptive frame clock remains live&#xD;
[runtime] 2026-07-30 00:29:22 [verbose]: ✅ TestSceneGameplayScreen completed</StdOut>
      </Output>
    </UnitTestResult>
    <UnitTestResult executionId="4ae414a7-321f-4ea2-aaef-9bcd370e7744" testId="0c4c189f-d8e2-83ce-aa73-340994e71e2a" testName="SelectedSkinPersistsAndDeletingItClearsSelection" computerName="MOE" duration="00:00:00.0437130" startTime="2026-07-30T08:29:21.6574952+08:00" endTime="2026-07-30T08:29:21.7012074+08:00" testType="13cdc9d9-ddb5-4fa4-a97d-d965ccfc6d4b" outcome="Passed" testListId="8c84fa94-04c1-424b-9868-57a2d4851a1d" relativeResultsDirectory="4ae414a7-321f-4ea2-aaef-9bcd370e7744" />
    <UnitTestResult executionId="a2ab0db1-58e9-4193-b6cc-b152769e3704" testId="f6e3835e-5019-ec4b-f079-ecabaa712d78" testName="UserFolderAlwaysUsesLatestSkinVersion" computerName="MOE" duration="00:00:00.0057810" startTime="2026-07-30T08:29:21.7096147+08:00" endTime="2026-07-30T08:29:21.7153950+08:00" testType="13cdc9d9-ddb5-4fa4-a97d-d965ccfc6d4b" outcome="Passed" testListId="8c84fa94-04c1-424b-9868-57a2d4851a1d" relativeResultsDirectory="a2ab0db1-58e9-4193-b6cc-b152769e3704" />
    <UnitTestResult executionId="018ac21c-bdfc-4712-9ab4-8a683511d3b5" testId="05e0d049-6fa3-cbd5-4f2f-48af389e02c7" testName="TestControlScrollKeepsSkinnedGameplayFullHeight" computerName="MOE" duration="00:00:00.1250390" startTime="2026-07-30T08:29:23.3343081+08:00" endTime="2026-07-30T08:29:23.4593469+08:00" testType="13cdc9d9-ddb5-4fa4-a97d-d965ccfc6d4b" outcome="Passed" testListId="8c84fa94-04c1-424b-9868-57a2d4851a1d" relativeResultsDirectory="018ac21c-bdfc-4712-9ab4-8a683511d3b5">
      <Output>
        <StdOut>[runtime] 2026-07-30 00:29:23 [verbose]: \ud83d\udca8 Class: TestSceneGameplayScreen&#xD;
[runtime] 2026-07-30 00:29:23 [verbose]: \ud83d\udd36 Test:  TestControlScrollKeepsSkinnedGameplayFullHeight&#xD;
[runtime] 2026-07-30 00:29:23 [verbose]: \ud83d\udd38 Step #1 open skinned gameplay&#xD;
[runtime] 2026-07-30 00:29:23 [verbose]: \ud83d\udcfa ScreenStack#302(depth:10) suspended GameplayScreen#248 (waiting on GameplayScreen#234)&#xD;
[runtime] 2026-07-30 00:29:23 [verbose]: \ud83d\udcfa ScreenStack#302(depth:11) loading GameplayScreen#234&#xD;
[runtime] 2026-07-30 00:29:23 [verbose]: \ud83d\udd38 Step #2 skinned geometry loaded&#xD;
[performance] 2026-07-30 00:29:23 [verbose]: TextureAtlas initialised (1024x1024)&#xD;
[runtime] 2026-07-30 00:29:23 [verbose]: \ud83d\udcfa ScreenStack#302(depth:11) entered GameplayScreen#234&#xD;
[runtime] 2026-07-30 00:29:23 [verbose]: ✔️ 7 repetitions&#xD;
[runtime] 2026-07-30 00:29:23 [verbose]: \ud83d\udd38 Step #3 capture skinned geometry&#xD;
[runtime] 2026-07-30 00:29:23 [verbose]: \ud83d\udd38 Step #4 widen skinned playfield&#xD;
[runtime] 2026-07-30 00:29:23 [verbose]: \ud83d\udd38 Step #5 skinned gameplay remains full height&#xD;
[runtime] 2026-07-30 00:29:23 [verbose]: \ud83d\udd38 Step #6 skinned note stays proportional&#xD;
[runtime] 2026-07-30 00:29:23 [verbose]: \ud83d\udd38 Step #7 restore skinned width&#xD;
[runtime] 2026-07-30 00:29:23 [verbose]: ✅ TestSceneGameplayScreen completed</StdOut>
      </Output>
    </UnitTestResult>
    <UnitTestResult executionId="4a053cd0-1a73-48f6-8131-93400d833848" testId="e03cc80f-01f9-f7a9-ce14-6285986e96f1" testName="TestPerfectFailureShowsDedicatedFailOverlay" computerName="MOE" duration="00:00:00.0732759" startTime="2026-07-30T08:29:26.4726321+08:00" endTime="2026-07-30T08:29:26.5459069+08:00" testType="13cdc9d9-ddb5-4fa4-a97d-d965ccfc6d4b" outcome="Passed" testListId="8c84fa94-04c1-424b-9868-57a2d4851a1d" relativeResultsDirectory="4a053cd0-1a73-48f6-8131-93400d833848">
      <Output>
        <StdOut>[runtime] 2026-07-30 00:29:26 [verbose]: \ud83d\udca8 Class: TestSceneGameplayScreen&#xD;
[runtime] 2026-07-30 00:29:26 [verbose]: \ud83d\udd36 Test:  TestPerfectFailureShowsDedicatedFailOverlay&#xD;
[runtime] 2026-07-30 00:29:26 [verbose]: \ud83d\udd38 Step #1 open Perfect gameplay&#xD;
[runtime] 2026-07-30 00:29:26 [verbose]: \ud83d\udcfa ScreenStack#302(depth:31) suspended GameplayScreen#508 (waiting on GameplayScreen#459)&#xD;
[runtime] 2026-07-30 00:29:26 [verbose]: \ud83d\udcfa ScreenStack#302(depth:32) loading GameplayScreen#459&#xD;
[runtime] 2026-07-30 00:29:26 [verbose]: \ud83d\udd38 Step #2 Perfect run fails on miss&#xD;
[runtime] 2026-07-30 00:29:26 [verbose]: \ud83d\udcfa ScreenStack#302(depth:32) entered GameplayScreen#459&#xD;
[runtime] 2026-07-30 00:29:26 [verbose]: ✔️ 7 repetitions&#xD;
[runtime] 2026-07-30 00:29:26 [verbose]: \ud83d\udd38 Step #3 result is not saved after failure&#xD;
[runtime] 2026-07-30 00:29:26 [verbose]: \ud83d\udd38 Step #4 dedicated fail overlay identifies Perfect&#xD;
[runtime] 2026-07-30 00:29:26 [verbose]: ✅ TestSceneGameplayScreen completed</StdOut>
      </Output>
    </UnitTestResult>
    <UnitTestResult executionId="d9b71a84-7d33-4acd-823e-26af60dd7801" testId="89bafa30-782a-4797-d8ac-7849322e79bd" testName="TestOsuManiaScrollSpeedShortcuts" computerName="MOE" duration="00:00:00.2691430" startTime="2026-07-30T08:29:25.3917894+08:00" endTime="2026-07-30T08:29:25.6609318+08:00" testType="13cdc9d9-ddb5-4fa4-a97d-d965ccfc6d4b" outcome="Passed" testListId="8c84fa94-04c1-424b-9868-57a2d4851a1d" relativeResultsDirectory="d9b71a84-7d33-4acd-823e-26af60dd7801">
      <Output>
        <StdOut>[runtime] 2026-07-30 00:29:25 [verbose]: \ud83d\udca8 Class: TestSceneGameplayScreen&#xD;
[runtime] 2026-07-30 00:29:25 [verbose]: \ud83d\udd36 Test:  TestOsuManiaScrollSpeedShortcuts&#xD;
[runtime] 2026-07-30 00:29:25 [verbose]: \ud83d\udd38 Step #1 save and open fresh gameplay&#xD;
[runtime] 2026-07-30 00:29:25 [verbose]: \ud83d\udcfa ScreenStack#302(depth:27) suspended GameplayScreen#621 (waiting on GameplayScreen#462)&#xD;
[runtime] 2026-07-30 00:29:25 [verbose]: \ud83d\udcfa ScreenStack#302(depth:28) loading GameplayScreen#462&#xD;
[runtime] 2026-07-30 00:29:25 [verbose]: \ud83d\udcfa ScreenStack#302(depth:28) entered GameplayScreen#462&#xD;
[runtime] 2026-07-30 00:29:25 [verbose]: \ud83d\udd38 Step #2 speed overlay loaded&#xD;
[runtime] 2026-07-30 00:29:25 [verbose]: \ud83d\udd38 Step #3 speed overlay uses compact upper-left ticket&#xD;
[runtime] 2026-07-30 00:29:25 [verbose]: \ud83d\udd38 Step #4 plain plus is ignored&#xD;
[runtime] 2026-07-30 00:29:25 [verbose]: \ud83d\udd38 Step #5 plain plus keeps speed 8&#xD;
[runtime] 2026-07-30 00:29:25 [verbose]: \ud83d\udd38 Step #6 ctrl plus increases speed&#xD;
[runtime] 2026-07-30 00:29:25 [verbose]: \ud83d\udd38 Step #7 speed is 9&#xD;
[runtime] 2026-07-30 00:29:25 [verbose]: \ud83d\udd38 Step #8 speed overlay shows value and time range&#xD;
[runtime] 2026-07-30 00:29:25 [verbose]: \ud83d\udd38 Step #9 let speed ticket settle 0/8&#xD;
[runtime] 2026-07-30 00:29:25 [verbose]: ✔️ 8 repetitions&#xD;
[runtime] 2026-07-30 00:29:25 [verbose]: \ud83d\udd38 Step #10 capture speed ticket when requested&#xD;
[runtime] 2026-07-30 00:29:25 [verbose]: \ud83d\udd38 Step #11 playfield uses osu time range&#xD;
[runtime] 2026-07-30 00:29:25 [verbose]: \ud83d\udd38 Step #12 ctrl minus decreases speed&#xD;
[runtime] 2026-07-30 00:29:25 [verbose]: \ud83d\udd38 Step #13 speed is 8 again&#xD;
[runtime] 2026-07-30 00:29:25 [verbose]: \ud83d\udd38 Step #14 F4 matches osu gameplay shortcut&#xD;
[runtime] 2026-07-30 00:29:25 [verbose]: \ud83d\udd38 Step #15 F4 speed is 9&#xD;
[runtime] 2026-07-30 00:29:25 [verbose]: \ud83d\udd38 Step #16 F3 restores speed 8&#xD;
[runtime] 2026-07-30 00:29:25 [verbose]: \ud83d\udd38 Step #17 F3 speed is 8&#xD;
[runtime] 2026-07-30 00:29:25 [verbose]: \ud83d\udd38 Step #18 customise Mania speed shortcuts&#xD;
[runtime] 2026-07-30 00:29:25 [verbose]: \ud83d\udd38 Step #19 old F4 is ignored&#xD;
[runtime] 2026-07-30 00:29:25 [verbose]: \ud83d\udd38 Step #20 old key keeps speed 8&#xD;
[runtime] 2026-07-30 00:29:25 [verbose]: \ud83d\udd38 Step #21 custom F8 increases speed&#xD;
[runtime] 2026-07-30 00:29:25 [verbose]: \ud83d\udd38 Step #22 custom increase reaches 9&#xD;
[runtime] 2026-07-30 00:29:25 [verbose]: \ud83d\udd38 Step #23 custom F7 decreases speed&#xD;
[runtime] 2026-07-30 00:29:25 [verbose]: \ud83d\udd38 Step #24 custom decrease restores 8&#xD;
[runtime] 2026-07-30 00:29:25 [verbose]: \ud83d\udd38 Step #25 attempt late gameplay adjustment&#xD;
[runtime] 2026-07-30 00:29:25 [verbose]: \ud83d\udd38 Step #26 late adjustment is locked&#xD;
[runtime] 2026-07-30 00:29:25 [verbose]: \ud83d\udd38 Step #27 speed overlay exits smoothly&#xD;
[runtime] 2026-07-30 00:29:25 [verbose]: ✔️ 5 repetitions&#xD;
[runtime] 2026-07-30 00:29:25 [verbose]: \ud83d\udd38 Step #28 restore scroll speed and shortcuts&#xD;
[runtime] 2026-07-30 00:29:25 [verbose]: ✅ TestSceneGameplayScreen completed</StdOut>
      </Output>
    </UnitTestResult>
    <UnitTestResult executionId="b87c794b-bb9d-4839-98e5-1f7364967869" testId="9a6d14ad-55f4-9d78-ab10-550de3f49ad4" testName="MissingKeyModeUsesRequestedDualStageDefaults" computerName="MOE" duration="00:00:00.0001240" startTime="2026-07-30T08:29:21.5679718+08:00" endTime="2026-07-30T08:29:21.5680962+08:00" testType="13cdc9d9-ddb5-4fa4-a97d-d965ccfc6d4b" outcome="Passed" testListId="8c84fa94-04c1-424b-9868-57a2d4851a1d" relativeResultsDirectory="b87c794b-bb9d-4839-98e5-1f7364967869" />
    <UnitTestResult executionId="b1d7f3b0-f2b7-4beb-b70d-d82646ce3114" testId="d60d17a7-7f68-45c0-7176-75169d9b218a" testName="TestCompletedLivePlayPersistsExactNativeReplay" computerName="MOE" duration="00:00:00.1569640" startTime="2026-07-30T08:29:23.0278887+08:00" endTime="2026-07-30T08:29:23.1848524+08:00" testType="13cdc9d9-ddb5-4fa4-a97d-d965ccfc6d4b" outcome="Passed" testListId="8c84fa94-04c1-424b-9868-57a2d4851a1d" relativeResultsDirectory="b1d7f3b0-f2b7-4beb-b70d-d82646ce3114">
      <Output>
        <StdOut>[runtime] 2026-07-30 00:29:23 [verbose]: \ud83d\udca8 Class: TestSceneGameplayScreen&#xD;
[runtime] 2026-07-30 00:29:23 [verbose]: \ud83d\udd36 Test:  TestCompletedLivePlayPersistsExactNativeReplay&#xD;
[runtime] 2026-07-30 00:29:23 [verbose]: \ud83d\udd38 Step #1 open configured live gameplay&#xD;
[runtime] 2026-07-30 00:29:23 [verbose]: \ud83d\udcfa ScreenStack#302(depth:7) suspended GameplayScreen#274 (waiting on GameplayScreen#170)&#xD;
[runtime] 2026-07-30 00:29:23 [verbose]: \ud83d\udcfa ScreenStack#302(depth:8) loading GameplayScreen#170&#xD;
[runtime] 2026-07-30 00:29:23 [verbose]: \ud83d\udd38 Step #2 configured live play completes&#xD;
[runtime] 2026-07-30 00:29:23 [verbose]: \ud83d\udcfa ScreenStack#302(depth:8) entered GameplayScreen#170&#xD;
[runtime] 2026-07-30 00:29:23 [verbose]: ✔️ 8 repetitions&#xD;
[runtime] 2026-07-30 00:29:23 [verbose]: \ud83d\udd38 Step #3 native replay was persisted&#xD;
[runtime] 2026-07-30 00:29:23 [verbose]: \ud83d\udd38 Step #4 persisted replay restores exact session&#xD;
[runtime] 2026-07-30 00:29:23 [verbose]: \ud83d\udd38 Step #5 remove native replay fixture&#xD;
[runtime] 2026-07-30 00:29:23 [verbose]: ✅ TestSceneGameplayScreen completed</StdOut>
      </Output>
    </UnitTestResult>
    <UnitTestResult executionId="e5438627-9cf3-4222-92aa-324bdfa18ccf" testId="8697e26d-2539-3fe4-49c7-dcaba1690acd" testName="TestOversizedHoldBodyIsConstrainedBeforeUpload" computerName="MOE" duration="00:00:00.1791690" startTime="2026-07-30T08:29:25.7326103+08:00" endTime="2026-07-30T08:29:25.9117790+08:00" testType="13cdc9d9-ddb5-4fa4-a97d-d965ccfc6d4b" outcome="Passed" testListId="8c84fa94-04c1-424b-9868-57a2d4851a1d" relativeResultsDirectory="e5438627-9cf3-4222-92aa-324bdfa18ccf">
      <Output>
        <StdOut>[runtime] 2026-07-30 00:29:25 [verbose]: \ud83d\udca8 Class: TestSceneGameplayScreen&#xD;
[runtime] 2026-07-30 00:29:25 [verbose]: \ud83d\udd36 Test:  TestOversizedHoldBodyIsConstrainedBeforeUpload&#xD;
[runtime] 2026-07-30 00:29:25 [verbose]: \ud83d\udd38 Step #1 create oversized hold body&#xD;
[runtime] 2026-07-30 00:29:25 [verbose]: \ud83d\udd38 Step #2 open chart with oversized hold body&#xD;
[runtime] 2026-07-30 00:29:25 [verbose]: \ud83d\udcfa ScreenStack#302(depth:29) suspended GameplayScreen#457 (waiting on GameplayScreen#610)&#xD;
[runtime] 2026-07-30 00:29:25 [verbose]: \ud83d\udcfa ScreenStack#302(depth:30) loading GameplayScreen#610&#xD;
[performance] 2026-07-30 00:29:25 [verbose]: TextureAtlas initialised (1024x1024)&#xD;
[runtime] 2026-07-30 00:29:25 [verbose]: \ud83d\udd38 Step #3 hold body is safe for renderer&#xD;
[runtime] 2026-07-30 00:29:25 [error]: The audio engine could not start playback.&#xD;
[runtime] 2026-07-30 00:29:25 [error]: Yokko.Audio.Native.NativeAudioException: WASAPI Exclusive and Shared fallback both failed. Exclusive: Native audio operation 'open WasapiExclusive' failed with BackendUnavailable (HRESULT 0x8889000A, stage 5). Shared: Native audio operation 'open WasapiShared' failed with BackendUnavailable (HRESULT 0x8889000A, stage 5).&#xD;
[runtime] 2026-07-30 00:29:25 [error]: ---&gt; Yokko.Audio.Native.NativeAudioException: Native audio operation 'open WasapiShared' failed with BackendUnavailable (HRESULT 0x8889000A, stage 5).&#xD;
[runtime] 2026-07-30 00:29:25 [error]: at Yokko.Audio.Native.NativeAudioCore.OpenWasapi(NativeAudioBackendMode backend, String deviceId, UInt32 preferredBufferFrames) in D:\YOKKO\Yokko.Audio\Native\NativeAudioCore.cs:line 205&#xD;
[runtime] 2026-07-30 00:29:25 [error]: at Yokko.Audio.NativeAudioEngine.startFromCurrentPositionAsync(CancellationToken cancellationToken) in D:\YOKKO\Yokko.Audio\NativeAudioEngine.cs:line 681&#xD;
[runtime] 2026-07-30 00:29:25 [error]: --- End of inner exception stack trace ---&#xD;
[runtime] 2026-07-30 00:29:25 [error]: at Yokko.Audio.NativeAudioEngine.startFromCurrentPositionAsync(CancellationToken cancellationToken) in D:\YOKKO\Yokko.Audio\NativeAudioEngine.cs:line 689&#xD;
[runtime] 2026-07-30 00:29:25 [error]: at Yokko.Audio.NativeAudioEngine.StartAsync(AudioEngineStartRequest request, CancellationToken cancellationToken) in D:\YOKKO\Yokko.Audio\NativeAudioEngine.cs:line 248&#xD;
[runtime] 2026-07-30 00:29:25 [error]: at Yokko.Audio.NativeAudioEngine.StartAsync(AudioEngineStartRequest request, CancellationToken cancellationToken) in D:\YOKKO\Yokko.Audio\NativeAudioEngine.cs:line 254&#xD;
[runtime] 2026-07-30 00:29:25 [error]: at Yokko.Game.Screens.Gameplay.GameplayScreen.startAudioAsync() in D:\YOKKO\Yokko.Game\Screens\Gameplay\GameplayScreen.cs:line 809&#xD;
[runtime] 2026-07-30 00:29:25 [important]: Resized oversized osu! skin texture 'hold-body.png' from 8x20000 to 8x4096 for the renderer's 4096px texture limit while preserving long-note body width.&#xD;
[performance] 2026-07-30 00:29:25 [verbose]: Texture requested (8x4096) which exceeds TextureStore's atlas size (1024x1024) - bypassing atlasing. Consider using LargeTextureStore.&#xD;
[runtime] 2026-07-30 00:29:25 [verbose]: ✔️ 17 repetitions&#xD;
[runtime] 2026-07-30 00:29:25 [verbose]: ✅ TestSceneGameplayScreen completed&#xD;
[runtime] 2026-07-30 00:29:25 [verbose]: \ud83d\udcfa ScreenStack#302(depth:30) entered GameplayScreen#610</StdOut>
      </Output>
    </UnitTestResult>
    <UnitTestResult executionId="3a061933-8869-4717-bf80-0add023367c2" testId="d12edf3c-51ee-197a-81f5-7555b5f8e60b" testName="TestLongHoldBodyConnectsBehindRoundEndpoints" computerName="MOE" duration="00:00:00.0422540" startTime="2026-07-30T08:29:24.8497008+08:00" endTime="2026-07-30T08:29:24.8919548+08:00" testType="13cdc9d9-ddb5-4fa4-a97d-d965ccfc6d4b" outcome="Passed" testListId="8c84fa94-04c1-424b-9868-57a2d4851a1d" relativeResultsDirectory="3a061933-8869-4717-bf80-0add023367c2">
      <Output>
        <StdOut>[runtime] 2026-07-30 00:29:24 [verbose]: \ud83d\udca8 Class: TestSceneGameplayScreen&#xD;
[runtime] 2026-07-30 00:29:24 [verbose]: \ud83d\udd36 Test:  TestLongHoldBodyConnectsBehindRoundEndpoints&#xD;
[runtime] 2026-07-30 00:29:24 [verbose]: \ud83d\udd38 Step #1 create long hold body&#xD;
[runtime] 2026-07-30 00:29:24 [error]: The audio engine could not start playback.&#xD;
[runtime] 2026-07-30 00:29:24 [error]: Yokko.Audio.Native.NativeAudioException: WASAPI Exclusive and Shared fallback both failed. Exclusive: Native audio operation 'open WasapiExclusive' failed with BackendUnavailable (HRESULT 0x8889000A, stage 5). Shared: Native audio operation 'open WasapiShared' failed with BackendUnavailable (HRESULT 0x8889000A, stage 5).&#xD;
[runtime] 2026-07-30 00:29:24 [error]: ---&gt; Yokko.Audio.Native.NativeAudioException: Native audio operation 'open WasapiShared' failed with BackendUnavailable (HRESULT 0x8889000A, stage 5).&#xD;
[runtime] 2026-07-30 00:29:24 [error]: at Yokko.Audio.Native.NativeAudioCore.OpenWasapi(NativeAudioBackendMode backend, String deviceId, UInt32 preferredBufferFrames) in D:\YOKKO\Yokko.Audio\Native\NativeAudioCore.cs:line 205&#xD;
[runtime] 2026-07-30 00:29:24 [error]: at Yokko.Audio.NativeAudioEngine.startFromCurrentPositionAsync(CancellationToken cancellationToken) in D:\YOKKO\Yokko.Audio\NativeAudioEngine.cs:line 681&#xD;
[runtime] 2026-07-30 00:29:24 [error]: --- End of inner exception stack trace ---&#xD;
[runtime] 2026-07-30 00:29:24 [error]: at Yokko.Audio.NativeAudioEngine.startFromCurrentPositionAsync(CancellationToken cancellationToken) in D:\YOKKO\Yokko.Audio\NativeAudioEngine.cs:line 689&#xD;
[runtime] 2026-07-30 00:29:24 [error]: at Yokko.Audio.NativeAudioEngine.StartAsync(AudioEngineStartRequest request, CancellationToken cancellationToken) in D:\YOKKO\Yokko.Audio\NativeAudioEngine.cs:line 248&#xD;
[runtime] 2026-07-30 00:29:24 [error]: at Yokko.Audio.NativeAudioEngine.StartAsync(AudioEngineStartRequest request, CancellationToken cancellationToken) in D:\YOKKO\Yokko.Audio\NativeAudioEngine.cs:line 254&#xD;
[runtime] 2026-07-30 00:29:24 [error]: at Yokko.Game.Screens.Gameplay.GameplayScreen.startAudioAsync() in D:\YOKKO\Yokko.Game\Screens\Gameplay\GameplayScreen.cs:line 809&#xD;
[runtime] 2026-07-30 00:29:24 [verbose]: \ud83d\udd38 Step #2 open chart with long hold body&#xD;
[runtime] 2026-07-30 00:29:24 [verbose]: \ud83d\udcfa ScreenStack#302(depth:23) suspended GameplayScreen#499 (waiting on GameplayScreen#632)&#xD;
[runtime] 2026-07-30 00:29:24 [verbose]: \ud83d\udcfa ScreenStack#302(depth:24) loading GameplayScreen#632&#xD;
[performance] 2026-07-30 00:29:24 [verbose]: TextureAtlas initialised (1024x1024)&#xD;
[runtime] 2026-07-30 00:29:24 [verbose]: \ud83d\udd38 Step #3 long hold geometry loaded&#xD;
[runtime] 2026-07-30 00:29:24 [verbose]: ✅ TestSceneGameplayScreen completed&#xD;
[runtime] 2026-07-30 00:29:24 [verbose]: \ud83d\udcfa ScreenStack#302(depth:24) entered GameplayScreen#632</StdOut>
      </Output>
    </UnitTestResult>
    <UnitTestResult executionId="d5b2901e-6923-452a-83e5-13b7e92259b5" testId="32c9f17e-54a3-743d-b4c6-d67187536b58" testName="TestAltPlusMinusAdjustsPlaybackRateAndLiveStats" computerName="MOE" duration="00:00:00.3559880" startTime="2026-07-30T08:29:22.4026199+08:00" endTime="2026-07-30T08:29:22.7586071+08:00" testType="13cdc9d9-ddb5-4fa4-a97d-d965ccfc6d4b" outcome="Passed" testListId="8c84fa94-04c1-424b-9868-57a2d4851a1d" relativeResultsDirectory="d5b2901e-6923-452a-83e5-13b7e92259b5">
      <Output>
        <StdOut>[runtime] 2026-07-30 00:29:22 [verbose]: \ud83d\udca8 Class: TestSceneGameplayScreen&#xD;
[runtime] 2026-07-30 00:29:22 [verbose]: \ud83d\udd36 Test:  TestAltPlusMinusAdjustsPlaybackRateAndLiveStats&#xD;
[performance] 2026-07-30 00:29:22 [verbose]: TextureAtlas size exceeded 1 time(s); generating new texture (1024x1024)&#xD;
[runtime] 2026-07-30 00:29:22 [verbose]: \ud83d\udd38 Step #1 open rate-adjustable gameplay&#xD;
[runtime] 2026-07-30 00:29:22 [verbose]: \ud83d\udcfa ScreenStack#302(depth:2) suspended GameplayScreen#342 (waiting on GameplayScreen#856)&#xD;
[runtime] 2026-07-30 00:29:22 [verbose]: \ud83d\udcfa ScreenStack#302(depth:3) loading GameplayScreen#856&#xD;
[runtime] 2026-07-30 00:29:22 [verbose]: \ud83d\udcfa ScreenStack#302(depth:3) entered GameplayScreen#856&#xD;
[runtime] 2026-07-30 00:29:22 [verbose]: \ud83d\udd38 Step #2 rate overlay and hud loaded&#xD;
[runtime] 2026-07-30 00:29:22 [verbose]: \ud83d\udd38 Step #3 plain plus is not a rate shortcut&#xD;
[runtime] 2026-07-30 00:29:22 [verbose]: \ud83d\udd38 Step #4 audio starts with dynamic rate enabled&#xD;
[runtime] 2026-07-30 00:29:22 [verbose]: ✔️ 4 repetitions&#xD;
[runtime] 2026-07-30 00:29:22 [verbose]: \ud83d\udd38 Step #5 alt plus raises playback rate&#xD;
[runtime] 2026-07-30 00:29:22 [verbose]: \ud83d\udd38 Step #6 audio receives 1.05x&#xD;
[runtime] 2026-07-30 00:29:22 [verbose]: \ud83d\udd38 Step #7 overlay shows rate bpm and difficulty&#xD;
[runtime] 2026-07-30 00:29:22 [verbose]: \ud83d\udd38 Step #8 hud keeps live rate stats visible&#xD;
[runtime] 2026-07-30 00:29:22 [verbose]: \ud83d\udd38 Step #9 alt keypad minus restores normal rate&#xD;
[runtime] 2026-07-30 00:29:22 [verbose]: \ud83d\udd38 Step #10 audio returns to 1x&#xD;
[runtime] 2026-07-30 00:29:22 [verbose]: \ud83d\udd38 Step #11 restored rate is shown immediately&#xD;
[runtime] 2026-07-30 00:29:22 [verbose]: \ud83d\udd38 Step #12 restored rate keeps practice status&#xD;
[runtime] 2026-07-30 00:29:22 [verbose]: ✅ TestSceneGameplayScreen completed</StdOut>
      </Output>
    </UnitTestResult>
    <UnitTestResult executionId="bf4044d3-c01b-42f2-8eec-c51342039475" testId="09a2c79b-7fcb-7adb-808e-3acd66bc7d01" testName="DefaultDualStageAssetsRepeatPerStage" computerName="MOE" duration="00:00:00.0002509" startTime="2026-07-30T08:29:21.5637024+08:00" endTime="2026-07-30T08:29:21.5639530+08:00" testType="13cdc9d9-ddb5-4fa4-a97d-d965ccfc6d4b" outcome="Passed" testListId="8c84fa94-04c1-424b-9868-57a2d4851a1d" relativeResultsDirectory="bf4044d3-c01b-42f2-8eec-c51342039475" />
    <UnitTestResult executionId="a3b4868a-9553-47bf-9370-68a5c62a47f1" testId="be0a7f12-17a6-e1dc-805a-a8d02203de1d" testName="ProvidesDefaultLayoutWhenKeySectionIsMissing" computerName="MOE" duration="00:00:00.0002180" startTime="2026-07-30T08:29:21.5681067+08:00" endTime="2026-07-30T08:29:21.5683240+08:00" testType="13cdc9d9-ddb5-4fa4-a97d-d965ccfc6d4b" outcome="Passed" testListId="8c84fa94-04c1-424b-9868-57a2d4851a1d" relativeResultsDirectory="a3b4868a-9553-47bf-9370-68a5c62a47f1" />
    <UnitTestResult executionId="65ccf660-b19f-482b-846a-8fed5e89d3d7" testId="fe037982-b91b-a32b-1e8d-95234d50af65" testName="TestClassicConvertedChartUsesLazerConvertWindows" computerName="MOE" duration="00:00:00.0320970" startTime="2026-07-30T08:29:22.9957517+08:00" endTime="2026-07-30T08:29:23.0278486+08:00" testType="13cdc9d9-ddb5-4fa4-a97d-d965ccfc6d4b" outcome="Passed" testListId="8c84fa94-04c1-424b-9868-57a2d4851a1d" relativeResultsDirectory="65ccf660-b19f-482b-846a-8fed5e89d3d7">
      <Output>
        <StdOut>[runtime] 2026-07-30 00:29:22 [verbose]: \ud83d\udca8 Class: TestSceneGameplayScreen&#xD;
[runtime] 2026-07-30 00:29:22 [verbose]: \ud83d\udd36 Test:  TestClassicConvertedChartUsesLazerConvertWindows&#xD;
[runtime] 2026-07-30 00:29:23 [verbose]: \ud83d\udd38 Step #1 open Classic converted gameplay&#xD;
[runtime] 2026-07-30 00:29:23 [verbose]: \ud83d\udcfa ScreenStack#302(depth:6) suspended GameplayScreen#604 (waiting on GameplayScreen#274)&#xD;
[runtime] 2026-07-30 00:29:23 [verbose]: \ud83d\udcfa ScreenStack#302(depth:7) loading GameplayScreen#274&#xD;
[runtime] 2026-07-30 00:29:23 [verbose]: \ud83d\udcfa ScreenStack#302(depth:7) entered GameplayScreen#274&#xD;
[runtime] 2026-07-30 00:29:23 [verbose]: \ud83d\udd38 Step #2 lazer convert windows are selected&#xD;
[runtime] 2026-07-30 00:29:23 [verbose]: ✅ TestSceneGameplayScreen completed</StdOut>
      </Output>
    </UnitTestResult>
    <UnitTestResult executionId="8d2700fd-08db-405d-bb23-35fa7db8b60e" testId="f88b34c4-c551-19fe-cbf9-ebda75f1d013" testName="TestHardRockAndAccuracyChallengeRuntime" computerName="MOE" duration="00:00:00.0730940" startTime="2026-07-30T08:29:24.1086624+08:00" endTime="2026-07-30T08:29:24.1817559+08:00" testType="13cdc9d9-ddb5-4fa4-a97d-d965ccfc6d4b" outcome="Passed" testListId="8c84fa94-04c1-424b-9868-57a2d4851a1d" relativeResultsDirectory="8d2700fd-08db-405d-bb23-35fa7db8b60e">
      <Output>
        <StdOut>[runtime] 2026-07-30 00:29:24 [verbose]: \ud83d\udca8 Class: TestSceneGameplayScreen&#xD;
[runtime] 2026-07-30 00:29:24 [verbose]: \ud83d\udd36 Test:  TestHardRockAndAccuracyChallengeRuntime&#xD;
[runtime] 2026-07-30 00:29:24 [verbose]: \ud83d\udd38 Step #1 open HR AC gameplay&#xD;
[runtime] 2026-07-30 00:29:24 [verbose]: \ud83d\udcfa ScreenStack#302(depth:14) suspended GameplayScreen#516 (waiting on GameplayScreen#644)&#xD;
[runtime] 2026-07-30 00:29:24 [verbose]: \ud83d\udcfa ScreenStack#302(depth:15) loading GameplayScreen#644&#xD;
[runtime] 2026-07-30 00:29:24 [verbose]: \ud83d\udcfa ScreenStack#302(depth:15) entered GameplayScreen#644&#xD;
[runtime] 2026-07-30 00:29:24 [verbose]: \ud83d\udd38 Step #2 HR runtime is loaded&#xD;
[runtime] 2026-07-30 00:29:24 [verbose]: \ud83d\udd38 Step #3 HR caps HP drain and tightens windows&#xD;
[runtime] 2026-07-30 00:29:24 [verbose]: \ud83d\udd38 Step #4 AC fails when target is unrecoverable&#xD;
[runtime] 2026-07-30 00:29:24 [verbose]: ✔️ 4 repetitions&#xD;
[runtime] 2026-07-30 00:29:24 [verbose]: \ud83d\udd38 Step #5 AC failure reason is presented&#xD;
[runtime] 2026-07-30 00:29:24 [verbose]: ✅ TestSceneGameplayScreen completed</StdOut>
      </Output>
    </UnitTestResult>
    <UnitTestResult executionId="c7be844c-590f-446f-946d-6e9182c247fa" testId="8386203d-7ef1-5a1f-7888-0dbfc5c2ed5c" testName="FillsMissingValuesWithOsuDefaults" computerName="MOE" duration="00:00:00.0028040" startTime="2026-07-30T08:29:21.5639607+08:00" endTime="2026-07-30T08:29:21.5667642+08:00" testType="13cdc9d9-ddb5-4fa4-a97d-d965ccfc6d4b" outcome="Passed" testListId="8c84fa94-04c1-424b-9868-57a2d4851a1d" relativeResultsDirectory="c7be844c-590f-446f-946d-6e9182c247fa" />
    <UnitTestResult executionId="f3b2ecaa-e9ea-41b4-9631-7bfb405b6f5e" testId="5843a0c6-8daf-0fac-2135-3a6d1f1df593" testName="TestConstructor" computerName="MOE" duration="00:00:00.2229580" startTime="2026-07-30T08:29:22.0604041+08:00" endTime="2026-07-30T08:29:22.2833627+08:00" testType="13cdc9d9-ddb5-4fa4-a97d-d965ccfc6d4b" outcome="Passed" testListId="8c84fa94-04c1-424b-9868-57a2d4851a1d" relativeResultsDirectory="f3b2ecaa-e9ea-41b4-9631-7bfb405b6f5e">
      <Output>
        <StdOut>[runtime] 2026-07-30 00:29:22 [verbose]: \ud83d\udca8 Class: TestSceneGameplayScreen&#xD;
[runtime] 2026-07-30 00:29:22 [verbose]: \ud83d\udd36 Test:  TestConstructor&#xD;
[runtime] 2026-07-30 00:29:22 [verbose]: \ud83d\udcfa ScreenStack#302(depth:1) entered GameplayScreen#191&#xD;
[runtime] 2026-07-30 00:29:22 [verbose]: ✅ TestSceneGameplayScreen completed</StdOut>
      </Output>
    </UnitTestResult>
    <UnitTestResult executionId="e58f1e14-c774-4473-8dbe-c47f6920596e" testId="afc184a4-eeb1-2240-2755-517548fb89fb" testName="TestAudioStartsAfterGameplayLeadIn" computerName="MOE" duration="00:00:00.0530340" startTime="2026-07-30T08:29:22.8237411+08:00" endTime="2026-07-30T08:29:22.8767738+08:00" testType="13cdc9d9-ddb5-4fa4-a97d-d965ccfc6d4b" outcome="Passed" testListId="8c84fa94-04c1-424b-9868-57a2d4851a1d" relativeResultsDirectory="e58f1e14-c774-4473-8dbe-c47f6920596e">
      <Output>
        <StdOut>[runtime] 2026-07-30 00:29:22 [verbose]: \ud83d\udca8 Class: TestSceneGameplayScreen&#xD;
[runtime] 2026-07-30 00:29:22 [verbose]: \ud83d\udd36 Test:  TestAudioStartsAfterGameplayLeadIn&#xD;
[runtime] 2026-07-30 00:29:22 [verbose]: \ud83d\udd38 Step #1 open gameplay with audio&#xD;
[runtime] 2026-07-30 00:29:22 [verbose]: \ud83d\udcfa ScreenStack#302(depth:4) suspended GameplayScreen#208 (waiting on GameplayScreen#314)&#xD;
[runtime] 2026-07-30 00:29:22 [verbose]: \ud83d\udcfa ScreenStack#302(depth:5) loading GameplayScreen#314&#xD;
[runtime] 2026-07-30 00:29:22 [verbose]: \ud83d\udcfa ScreenStack#302(depth:5) entered GameplayScreen#314&#xD;
[runtime] 2026-07-30 00:29:22 [verbose]: \ud83d\udd38 Step #2 audio does not start immediately&#xD;
[runtime] 2026-07-30 00:29:22 [verbose]: \ud83d\udd38 Step #3 audio starts after lead-in&#xD;
[runtime] 2026-07-30 00:29:22 [verbose]: ✔️ 5 repetitions&#xD;
[runtime] 2026-07-30 00:29:22 [verbose]: ✅ TestSceneGameplayScreen completed</StdOut>
      </Output>
    </UnitTestResult>
    <UnitTestResult executionId="98a259e6-27ac-498b-ba15-a455e5b9d187" testId="998d4c67-e6bf-cdca-0cc3-89e51822cb40" testName="SpecialStyleSelectsStableFallbackAssets(&quot;Left&quot;,[&quot;mania-noteS&quot;, &quot;mania-note1&quot;, &quot;mania-note2&quot;, &quot;mania-note1&quot;, &quot;mania-note2&quot;, ...])" computerName="MOE" duration="00:00:00.0002020" startTime="2026-07-30T08:29:21.5706784+08:00" endTime="2026-07-30T08:29:21.5708800+08:00" testType="13cdc9d9-ddb5-4fa4-a97d-d965ccfc6d4b" outcome="Passed" testListId="8c84fa94-04c1-424b-9868-57a2d4851a1d" relativeResultsDirectory="98a259e6-27ac-498b-ba15-a455e5b9d187" />
    <UnitTestResult executionId="7f495068-0cbd-4d22-bf5a-19409e7856fd" testId="a5153294-b9fe-868b-9272-2a7b8f399a3b" testName="TestLegacyHoldBodyExtendsConfiguredEdgeRow" computerName="MOE" duration="00:00:00.0414760" startTime="2026-07-30T08:29:24.4213230+08:00" endTime="2026-07-30T08:29:24.4627983+08:00" testType="13cdc9d9-ddb5-4fa4-a97d-d965ccfc6d4b" outcome="Passed" testListId="8c84fa94-04c1-424b-9868-57a2d4851a1d" relativeResultsDirectory="7f495068-0cbd-4d22-bf5a-19409e7856fd">
      <Output>
        <StdOut>[runtime] 2026-07-30 00:29:24 [verbose]: \ud83d\udca8 Class: TestSceneGameplayScreen&#xD;
[runtime] 2026-07-30 00:29:24 [verbose]: \ud83d\udd36 Test:  TestLegacyHoldBodyExtendsConfiguredEdgeRow&#xD;
[runtime] 2026-07-30 00:29:24 [verbose]: \ud83d\udd38 Step #1 create top-repeat hold body&#xD;
[runtime] 2026-07-30 00:29:24 [verbose]: \ud83d\udd38 Step #2 open top-repeat hold&#xD;
[runtime] 2026-07-30 00:29:24 [verbose]: \ud83d\udcfa ScreenStack#302(depth:17) suspended GameplayScreen#621 (waiting on GameplayScreen#448)&#xD;
[runtime] 2026-07-30 00:29:24 [verbose]: \ud83d\udcfa ScreenStack#302(depth:18) loading GameplayScreen#448&#xD;
[performance] 2026-07-30 00:29:24 [verbose]: TextureAtlas initialised (1024x1024)&#xD;
[runtime] 2026-07-30 00:29:24 [verbose]: \ud83d\udd38 Step #3 top row extends instead of tiling&#xD;
[runtime] 2026-07-30 00:29:24 [verbose]: \ud83d\udcfa ScreenStack#302(depth:18) entered GameplayScreen#448&#xD;
[runtime] 2026-07-30 00:29:24 [verbose]: ✔️ 2 repetitions&#xD;
[runtime] 2026-07-30 00:29:24 [verbose]: ✅ TestSceneGameplayScreen completed</StdOut>
      </Output>
    </UnitTestResult>
    <UnitTestResult executionId="72297545-2c05-48f5-8d0b-d9437c592b84" testId="b5dd5266-04d4-eeaf-ab97-d0d7264cf1ae" testName="TestCompletedPlayShowsResultOverlay" computerName="MOE" duration="00:00:00.1493670" startTime="2026-07-30T08:29:23.1848964+08:00" endTime="2026-07-30T08:29:23.3342630+08:00" testType="13cdc9d9-ddb5-4fa4-a97d-d965ccfc6d4b" outcome="Passed" testListId="8c84fa94-04c1-424b-9868-57a2d4851a1d" relativeResultsDirectory="72297545-2c05-48f5-8d0b-d9437c592b84">
      <Output>
        <StdOut>[runtime] 2026-07-30 00:29:23 [verbose]: \ud83d\udca8 Class: TestSceneGameplayScreen&#xD;
[runtime] 2026-07-30 00:29:23 [verbose]: \ud83d\udd36 Test:  TestCompletedPlayShowsResultOverlay&#xD;
[runtime] 2026-07-30 00:29:23 [verbose]: \ud83d\udd38 Step #1 open short gameplay&#xD;
[runtime] 2026-07-30 00:29:23 [verbose]: \ud83d\udcfa ScreenStack#302(depth:8) suspended GameplayScreen#170 (waiting on GameplayScreen#420)&#xD;
[runtime] 2026-07-30 00:29:23 [verbose]: \ud83d\udcfa ScreenStack#302(depth:9) loading GameplayScreen#420&#xD;
[runtime] 2026-07-30 00:29:23 [verbose]: \ud83d\udcfa ScreenStack#302(depth:9) entered GameplayScreen#420&#xD;
[runtime] 2026-07-30 00:29:23 [verbose]: \ud83d\udd38 Step #2 gameplay completes&#xD;
[runtime] 2026-07-30 00:29:23 [verbose]: ✔️ 7 repetitions&#xD;
[runtime] 2026-07-30 00:29:23 [verbose]: \ud83d\udd38 Step #3 result overlay is visible&#xD;
[runtime] 2026-07-30 00:29:23 [verbose]: \ud83d\udd38 Step #4 miss result was captured&#xD;
[runtime] 2026-07-30 00:29:23 [verbose]: \ud83d\udd38 Step #5 result mascot GIF decoded&#xD;
[runtime] 2026-07-30 00:29:23 [verbose]: \ud83d\udd38 Step #6 result exposes three actions&#xD;
[runtime] 2026-07-30 00:29:23 [verbose]: \ud83d\udd38 Step #7 watch replay&#xD;
[runtime] 2026-07-30 00:29:23 [verbose]: \ud83d\udcfa ScreenStack#302(depth:9) suspended GameplayScreen#420 (waiting on GameplayScreen#248)&#xD;
[runtime] 2026-07-30 00:29:23 [verbose]: \ud83d\udcfa ScreenStack#302(depth:10) loading GameplayScreen#248&#xD;
[runtime] 2026-07-30 00:29:23 [verbose]: \ud83d\udcfa ScreenStack#302(depth:10) entered GameplayScreen#248&#xD;
[runtime] 2026-07-30 00:29:23 [verbose]: \ud83d\udd38 Step #8 recorded run is replaying&#xD;
[runtime] 2026-07-30 00:29:23 [verbose]: ✅ TestSceneGameplayScreen completed</StdOut>
      </Output>
    </UnitTestResult>
    <UnitTestResult executionId="b207312f-088d-44a1-91e6-3212d61e607a" testId="b91c2912-a838-6669-a58d-e1615095add3" testName="WrappedAssetsOnlyPackageResolvesTexturesFromItsContentRoot" computerName="MOE" duration="00:00:00.0069120" startTime="2026-07-30T08:29:21.7250582+08:00" endTime="2026-07-30T08:29:21.7319698+08:00" testType="13cdc9d9-ddb5-4fa4-a97d-d965ccfc6d4b" outcome="Passed" testListId="8c84fa94-04c1-424b-9868-57a2d4851a1d" relativeResultsDirectory="b207312f-088d-44a1-91e6-3212d61e607a" />
    <UnitTestResult executionId="63ab1a07-1fcf-4d8d-8aab-6cb6c011661b" testId="94024dab-2aa7-31e4-0cd4-bac7934e2462" testName="TestMatchesLegacyCircleSkinGeometryAndStageFlags" computerName="MOE" duration="00:00:00.0505750" startTime="2026-07-30T08:29:25.3411744+08:00" endTime="2026-07-30T08:29:25.3917490+08:00" testType="13cdc9d9-ddb5-4fa4-a97d-d965ccfc6d4b" outcome="Passed" testListId="8c84fa94-04c1-424b-9868-57a2d4851a1d" relativeResultsDirectory="63ab1a07-1fcf-4d8d-8aab-6cb6c011661b">
      <Output>
        <StdOut>[runtime] 2026-07-30 00:29:25 [verbose]: \ud83d\udca8 Class: TestSceneGameplayScreen&#xD;
[runtime] 2026-07-30 00:29:25 [verbose]: \ud83d\udd36 Test:  TestMatchesLegacyCircleSkinGeometryAndStageFlags&#xD;
[runtime] 2026-07-30 00:29:25 [verbose]: \ud83d\udd38 Step #1 open circle skin&#xD;
[runtime] 2026-07-30 00:29:25 [verbose]: \ud83d\udcfa ScreenStack#302(depth:26) suspended GameplayScreen#372 (waiting on GameplayScreen#621)&#xD;
[runtime] 2026-07-30 00:29:25 [verbose]: \ud83d\udcfa ScreenStack#302(depth:27) loading GameplayScreen#621&#xD;
[performance] 2026-07-30 00:29:25 [verbose]: TextureAtlas initialised (1024x1024)&#xD;
[runtime] 2026-07-30 00:29:25 [verbose]: \ud83d\udd38 Step #2 legacy key converts 768-space height&#xD;
[runtime] 2026-07-30 00:29:25 [verbose]: \ud83d\udcfa ScreenStack#302(depth:27) entered GameplayScreen#621&#xD;
[runtime] 2026-07-30 00:29:25 [verbose]: ✔️ 2 repetitions&#xD;
[runtime] 2026-07-30 00:29:25 [verbose]: \ud83d\udd38 Step #3 hold lighting and stage foreground loaded&#xD;
[runtime] 2026-07-30 00:29:25 [verbose]: ✅ TestSceneGameplayScreen completed</StdOut>
      </Output>
    </UnitTestResult>
    <UnitTestResult executionId="7bfcafca-bb90-4535-895b-8310be7a389e" testId="7af9a12a-b409-644a-44ad-b90db8bcc77d" testName="TestPerfectStrictSettingMatchesLazerGreatBoundary" computerName="MOE" duration="00:00:00.2629560" startTime="2026-07-30T08:29:26.5459567+08:00" endTime="2026-07-30T08:29:26.8089126+08:00" testType="13cdc9d9-ddb5-4fa4-a97d-d965ccfc6d4b" outcome="Passed" testListId="8c84fa94-04c1-424b-9868-57a2d4851a1d" relativeResultsDirectory="7bfcafca-bb90-4535-895b-8310be7a389e">
      <Output>
        <StdOut>[runtime] 2026-07-30 00:29:26 [verbose]: \ud83d\udca8 Class: TestSceneGameplayScreen&#xD;
[runtime] 2026-07-30 00:29:26 [verbose]: \ud83d\udd36 Test:  TestPerfectStrictSettingMatchesLazerGreatBoundary&#xD;
[runtime] 2026-07-30 00:29:26 [verbose]: \ud83d\udd38 Step #1 play Great with default Perfect&#xD;
[runtime] 2026-07-30 00:29:26 [verbose]: \ud83d\udcfa ScreenStack#302(depth:32) suspended GameplayScreen#459 (waiting on GameplayScreen#288)&#xD;
[runtime] 2026-07-30 00:29:26 [verbose]: \ud83d\udcfa ScreenStack#302(depth:33) loading GameplayScreen#288&#xD;
[runtime] 2026-07-30 00:29:26 [verbose]: \ud83d\udd38 Step #2 default Perfect accepts Great&#xD;
[runtime] 2026-07-30 00:29:26 [verbose]: \ud83d\udcfa ScreenStack#302(depth:33) entered GameplayScreen#288&#xD;
[runtime] 2026-07-30 00:29:26 [verbose]: ✔️ 11 repetitions&#xD;
[runtime] 2026-07-30 00:29:26 [verbose]: \ud83d\udd38 Step #3 default run recorded Great&#xD;
[runtime] 2026-07-30 00:29:26 [verbose]: \ud83d\udd38 Step #4 play Great with strict Perfect&#xD;
[...]
</Text>
      </RunInfo>
      <RunInfo computerName="MOE" outcome="Warning" timestamp="2026-07-30T08:29:27.0578345+08:00">
        <Text>[runtime] 2026-07-30 00:29:26 [verbose]: \ud83d\udca8 Class: TestSceneGameplayScreen&#xD;
[runtime] 2026-07-30 00:29:26 [verbose]: \ud83d\udd36 Test:  TestRetryWaitsForAudioReleaseAndReplacesGameplay&#xD;
[runtime] 2026-07-30 00:29:26 [verbose]: \ud83d\udd38 Step #1 open gameplay session&#xD;
[runtime] 2026-07-30 00:29:26 [verbose]: \ud83d\udcfa ScreenStack#302(depth:37) suspended GameplayScreen#210 (waiting on GameplaySessionScreen#665)&#xD;
[runtime] 2026-07-30 00:29:26 [verbose]: \ud83d\udcfa ScreenStack#302(depth:38) loading GameplaySessionScreen#665&#xD;
[runtime] 2026-07-30 00:29:26 [verbose]: \ud83d\udcfa ScreenStack#485(depth:1) scheduling push GameplaySessionRootScreen#250&#xD;
[runtime] 2026-07-30 00:29:26 [verbose]: \ud83d\udd38 Step #2 gameplay is current&#xD;
[runtime] 2026-07-30 00:29:26 [verbose]: \ud83d\udcfa ScreenStack#302(depth:38) entered GameplaySessionScreen#665&#xD;
[runtime] 2026-07-30 00:29:26 [verbose]: \ud83d\udcfa ScreenStack#485(depth:1) entered GameplaySessionRootScreen#250&#xD;
[runtime] 2026-07-30 00:29:26 [verbose]: \ud83d\udcfa ScreenStack#485(depth:1) suspended GameplaySessionRootScreen#250 (waiting on GameplayScreen#247)&#xD;
[runtime] 2026-07-30 00:29:26 [verbose]: \ud83d\udcfa ScreenStack#485(depth:2) loading GameplayScreen#247&#xD;
[runtime] 2026-07-30 00:29:26 [verbose]: \ud83d\udcfa ScreenStack#485(depth:2) entered GameplayScreen#247&#xD;
[runtime] 2026-07-30 00:29:26 [verbose]: ✔️ 3 repetitions&#xD;
[runtime] 2026-07-30 00:29:26 [verbose]: \ud83d\udd38 Step #3 request retry twice&#xD;
[runtime] 2026-07-30 00:29:26 [verbose]: \ud83d\udd38 Step #4 retry waits and coalesces&#xD;
[runtime] 2026-07-30 00:29:26 [verbose]: \ud83d\udd38 Step #5 release old audio session&#xD;
[runtime] 2026-07-30 00:29:26 [verbose]: Gameplay input timing: SDL window fallback; captured=0, pending=0, dropped=0; no scored input samples&#xD;
[runtime] 2026-07-30 00:29:26 [verbose]: \ud83d\udcfa ScreenStack#485(depth:1) exit from GameplayScreen#247&#xD;
[runtime] 2026-07-30 00:29:26 [verbose]: \ud83d\udcfa ScreenStack#485(depth:1) resume to GameplaySessionRootScreen#250&#xD;
[runtime] 2026-07-30 00:29:26 [verbose]: \ud83d\udcfa ScreenStack#485(depth:1) suspended GameplaySessionRootScreen#250 (waiting on GameplayScreen#603)&#xD;
[runtime] 2026-07-30 00:29:26 [verbose]: \ud83d\udcfa ScreenStack#485(depth:2) loading GameplayScreen#603&#xD;
[runtime] 2026-07-30 00:29:26 [verbose]: \ud83d\udd38 Step #6 retry animation starts&#xD;
[runtime] 2026-07-30 00:29:27 [verbose]: \ud83d\udd38 Step #7 replacement gameplay is current&#xD;
[runtime] 2026-07-30 00:29:27 [verbose]: \ud83d\udcfa ScreenStack#485(depth:2) entered GameplayScreen#603&#xD;
[runtime] 2026-07-30 00:29:27 [verbose]: ✔️ 2 repetitions&#xD;
[runtime] 2026-07-30 00:29:27 [verbose]: \ud83d\udd38 Step #8 replacement stays inside gameplay session&#xD;
[runtime] 2026-07-30 00:29:27 [verbose]: \ud83d\udd38 Step #9 retry reveal animation completes&#xD;
[runtime] 2026-07-30 00:29:27 [verbose]: \ud83d\udd38 Step #10 exit replacement gameplay&#xD;
[runtime] 2026-07-30 00:29:27 [verbose]: Gameplay input timing: SDL window fallback; captured=0, pending=0, dropped=0; no scored input samples&#xD;
[runtime] 2026-07-30 00:29:27 [verbose]: \ud83d\udcfa ScreenStack#485(depth:1) exit from GameplayScreen#603&#xD;
[runtime] 2026-07-30 00:29:27 [verbose]: \ud83d\udcfa ScreenStack#485(depth:1) resume to GameplaySessionRootScreen#250&#xD;
[runtime] 2026-07-30 00:29:27 [verbose]: \ud83d\udcfa ScreenStack#302(depth:37) exit from GameplaySessionScreen#665&#xD;
[runtime] 2026-07-30 00:29:27 [verbose]: \ud83d\udcfa ScreenStack#302(depth:37) resume to GameplayScreen#210&#xD;
[runtime] 2026-07-30 00:29:27 [verbose]: \ud83d\udd38 Step #11 gameplay session exits with its gameplay&#xD;
[runtime] 2026-07-30 00:29:27 [verbose]: ✅ TestSceneGameplayScreen completed&#xD;
</Text>
      </RunInfo>
      <RunInfo computerName="MOE" outcome="Warning" timestamp="2026-07-30T08:29:27.1741668+08:00">
        <Text>[runtime] 2026-07-30 00:29:27 [verbose]: \ud83d\udca8 Class: TestSceneGameplayScreen&#xD;
[runtime] 2026-07-30 00:29:27 [verbose]: \ud83d\udd36 Test:  TestRuntimeAudioFaultBlocksWithoutRewindingClock&#xD;
[runtime] 2026-07-30 00:29:27 [verbose]: \ud83d\udd38 Step #1 open gameplay with runtime audio&#xD;
[runtime] 2026-07-30 00:29:27 [verbose]: \ud83d\udcfa ScreenStack#302(depth:37) suspended GameplayScreen#210 (waiting on GameplayScreen#340)&#xD;
[runtime] 2026-07-30 00:29:27 [verbose]: \ud83d\udcfa ScreenStack#302(depth:38) loading GameplayScreen#340&#xD;
[runtime] 2026-07-30 00:29:27 [verbose]: \ud83d\udd38 Step #2 audio starts&#xD;
[runtime] 2026-07-30 00:29:27 [verbose]: \ud83d\udcfa ScreenStack#302(depth:38) entered GameplayScreen#340&#xD;
[runtime] 2026-07-30 00:29:27 [verbose]: ✔️ 7 repetitions&#xD;
[runtime] 2026-07-30 00:29:27 [verbose]: \ud83d\udd38 Step #3 advance audio clock&#xD;
[runtime] 2026-07-30 00:29:27 [verbose]: \ud83d\udd38 Step #4 gameplay observes audio clock&#xD;
[runtime] 2026-07-30 00:29:27 [verbose]: \ud83d\udd38 Step #5 capture clock and fault output&#xD;
[runtime] 2026-07-30 00:29:27 [error]: Gameplay audio output faulted: WasapiExclusive · 144 frames · 3.00 ms · HRESULT 0x88890004/15&#xD;
[runtime] 2026-07-30 00:29:27 [verbose]: \ud83d\udd38 Step #6 runtime fault blocks gameplay&#xD;
[runtime] 2026-07-30 00:29:27 [verbose]: \ud83d\udd38 Step #7 fault keeps last stable clock&#xD;
[runtime] 2026-07-30 00:29:27 [verbose]: \ud83d\udd38 Step #8 runtime failure details are visible&#xD;
[runtime] 2026-07-30 00:29:27 [verbose]: ✅ TestSceneGameplayScreen completed&#xD;
</Text>
      </RunInfo>
      <RunInfo computerName="MOE" outcome="Warning" timestamp="2026-07-30T08:29:27.4761428+08:00">
        <Text>[runtime] 2026-07-30 00:29:27 [verbose]: \ud83d\udca8 Class: TestSceneGameplayScreen&#xD;
[runtime] 2026-07-30 00:29:27 [verbose]: \ud83d\udd36 Test:  TestRuntimeAudioTruthAndHitErrorAreVisible&#xD;
[runtime] 2026-07-30 00:29:27 [verbose]: \ud83d\udd38 Step #1 open gameplay feedback fixture&#xD;
[runtime] 2026-07-30 00:29:27 [verbose]: \ud83d\udcfa ScreenStack#302(depth:38) suspended GameplayScreen#340 (waiting on GameplayScreen#516)&#xD;
[runtime] 2026-07-30 00:29:27 [verbose]: \ud83d\udcfa ScreenStack#302(depth:39) loading GameplayScreen#516&#xD;
[runtime] 2026-07-30 00:29:27 [verbose]: \ud83d\udd38 Step #2 gameplay feedback loaded&#xD;
[runtime] 2026-07-30 00:29:27 [verbose]: \ud83d\udcfa ScreenStack#302(depth:39) entered GameplayScreen#516&#xD;
[runtime] 2026-07-30 00:29:27 [verbose]: ✔️ 2 repetitions&#xD;
[runtime] 2026-07-30 00:29:27 [verbose]: \ud83d\udd38 Step #3 timing bar is fixed to the screen bottom&#xD;
[runtime] 2026-07-30 00:29:27 [verbose]: \ud83d\udd38 Step #4 show shared fallback truth&#xD;
[runtime] 2026-07-30 00:29:27 [verbose]: \ud83d\udd38 Step #5 fallback and actual latency are visible&#xD;
[runtime] 2026-07-30 00:29:27 [verbose]: \ud83d\udd38 Step #6 show signed hit error&#xD;
[runtime] 2026-07-30 00:29:27 [verbose]: \ud83d\udd38 Step #7 rating and milliseconds are visible&#xD;
[runtime] 2026-07-30 00:29:27 [verbose]: \ud83d\udd38 Step #8 show early timing marker&#xD;
[runtime] 2026-07-30 00:29:27 [verbose]: \ud83d\udd38 Step #9 early timing is left of centre&#xD;
[runtime] 2026-07-30 00:29:27 [verbose]: \ud83d\udd38 Step #10 show late timing marker&#xD;
[runtime] 2026-07-30 00:29:27 [verbose]: \ud83d\udd38 Step #11 late timing is right of centre&#xD;
[runtime] 2026-07-30 00:29:27 [verbose]: \ud83d\udd38 Step #12 show manually pressed miss&#xD;
[runtime] 2026-07-30 00:29:27 [verbose]: \ud83d\udd38 Step #13 manual miss uses the full miss axis&#xD;
[runtime] 2026-07-30 00:29:27 [verbose]: \ud83d\udd38 Step #14 show late hold release&#xD;
[runtime] 2026-07-30 00:29:27 [verbose]: \ud83d\udd38 Step #15 hold release has an independent trend&#xD;
[runtime] 2026-07-30 00:29:27 [verbose]: \ud83d\udd38 Step #16 ignore automatic miss without input time&#xD;
[runtime] 2026-07-30 00:29:27 [verbose]: \ud83d\udd38 Step #17 automatic miss adds no timing marker&#xD;
[runtime] 2026-07-30 00:29:27 [verbose]: \ud83d\udd38 Step #18 fill timing marker history&#xD;
[runtime] 2026-07-30 00:29:27 [verbose]: \ud83d\udd38 Step #19 visible marker history stays capped&#xD;
[runtime] 2026-07-30 00:29:27 [verbose]: ✔️ 21 repetitions&#xD;
[runtime] 2026-07-30 00:29:27 [verbose]: ✅ TestSceneGameplayScreen completed&#xD;
</Text>
      </RunInfo>
      <RunInfo computerName="MOE" outcome="Warning" timestamp="2026-07-30T08:29:27.5485991+08:00">
        <Text>[runtime] 2026-07-30 00:29:27 [verbose]: \ud83d\udca8 Class: TestSceneGameplayScreen&#xD;
[runtime] 2026-07-30 00:29:27 [verbose]: \ud83d\udd36 Test:  TestSpaceSkipsLongIntro&#xD;
[runtime] 2026-07-30 00:29:27 [verbose]: \ud83d\udd38 Step #1 open chart with long intro&#xD;
[runtime] 2026-07-30 00:29:27 [verbose]: \ud83d\udcfa ScreenStack#302(depth:39) suspended GameplayScreen#516 (waiting on GameplayScreen#521)&#xD;
[runtime] 2026-07-30 00:29:27 [verbose]: \ud83d\udcfa ScreenStack#302(depth:40) loading GameplayScreen#521&#xD;
[runtime] 2026-07-30 00:29:27 [verbose]: \ud83d\udd38 Step #2 intro can be skipped&#xD;
[runtime] 2026-07-30 00:29:27 [verbose]: \ud83d\udcfa ScreenStack#302(depth:40) entered GameplayScreen#521&#xD;
[runtime] 2026-07-30 00:29:27 [verbose]: \ud83d\udd38 Step #3 skip intro&#xD;
[runtime] 2026-07-30 00:29:27 [verbose]: \ud83d\udd38 Step #4 audio seeks near first note&#xD;
[runtime] 2026-07-30 00:29:27 [verbose]: ✔️ 4 repetitions&#xD;
[runtime] 2026-07-30 00:29:27 [verbose]: \ud83d\udd38 Step #5 second skip is rejected&#xD;
[runtime] 2026-07-30 00:29:27 [verbose]: \ud83d\udd38 Step #6 intro is no longer skippable&#xD;
[runtime] 2026-07-30 00:29:27 [verbose]: ✅ TestSceneGameplayScreen completed&#xD;
</Text>
      </RunInfo>
      <RunInfo computerName="MOE" outcome="Warning" timestamp="2026-07-30T08:29:27.5865532+08:00">
        <Text>[runtime] 2026-07-30 00:29:27 [verbose]: \ud83d\udca8 Class: TestSceneGameplayScreen&#xD;
[runtime] 2026-07-30 00:29:27 [verbose]: \ud83d\udd36 Test:  TestSplitLegacySkinRepeatsPerStageDecorations&#xD;
[runtime] 2026-07-30 00:29:27 [verbose]: \ud83d\udd38 Step #1 open forced split-stage skin&#xD;
[runtime] 2026-07-30 00:29:27 [verbose]: \ud83d\udcfa ScreenStack#302(depth:40) suspended GameplayScreen#521 (waiting on GameplayScreen#427)&#xD;
[runtime] 2026-07-30 00:29:27 [verbose]: \ud83d\udcfa ScreenStack#302(depth:41) loading GameplayScreen#427&#xD;
[performance] 2026-07-30 00:29:27 [verbose]: TextureAtlas initialised (1024x1024)&#xD;
[runtime] 2026-07-30 00:29:27 [verbose]: \ud83d\udd38 Step #2 split-stage playfield loaded&#xD;
[runtime] 2026-07-30 00:29:27 [verbose]: ✔️ 2 repetitions&#xD;
[runtime] 2026-07-30 00:29:27 [verbose]: ✅ TestSceneGameplayScreen completed&#xD;
[runtime] 2026-07-30 00:29:27 [verbose]: \ud83d\udcfa ScreenStack#302(depth:41) entered GameplayScreen#427&#xD;
</Text>
      </RunInfo>
      <RunInfo computerName="MOE" outcome="Warning" timestamp="2026-07-30T08:29:27.6289721+08:00">
        <Text>[runtime] 2026-07-30 00:29:27 [verbose]: \ud83d\udca8 Class: TestSceneGameplayScreen&#xD;
[runtime] 2026-07-30 00:29:27 [verbose]: \ud83d\udd36 Test:  TestTenKeyGameplayBuildsAllLanes&#xD;
[runtime] 2026-07-30 00:29:27 [verbose]: \ud83d\udd38 Step #1 open 10K gameplay&#xD;
[runtime] 2026-07-30 00:29:27 [verbose]: \ud83d\udcfa ScreenStack#302(depth:41) suspended GameplayScreen#427 (waiting on GameplayScreen#557)&#xD;
[runtime] 2026-07-30 00:29:27 [verbose]: \ud83d\udcfa ScreenStack#302(depth:42) loading GameplayScreen#557&#xD;
[runtime] 2026-07-30 00:29:27 [verbose]: \ud83d\udd38 Step #2 10K playfield loaded&#xD;
[runtime] 2026-07-30 00:29:27 [verbose]: \ud83d\udcfa ScreenStack#302(depth:42) entered GameplayScreen#557&#xD;
[runtime] 2026-07-30 00:29:27 [verbose]: \ud83d\udd38 Step #3 all ten notes are represented&#xD;
[runtime] 2026-07-30 00:29:27 [verbose]: ✅ TestSceneGameplayScreen completed&#xD;
</Text>
      </RunInfo>
      <RunInfo computerName="MOE" outcome="Warning" timestamp="2026-07-30T08:29:27.6898130+08:00">
        <Text>[runtime] 2026-07-30 00:29:27 [verbose]: \ud83d\udca8 Class: TestSceneGameplayScreen&#xD;
[runtime] 2026-07-30 00:29:27 [verbose]: \ud83d\udd36 Test:  TestTimingBarStaysAtBottomWithTallSkinReceptors&#xD;
[runtime] 2026-07-30 00:29:27 [verbose]: \ud83d\udd38 Step #1 open tall receptor skin&#xD;
[runtime] 2026-07-30 00:29:27 [verbose]: \ud83d\udcfa ScreenStack#302(depth:42) suspended GameplayScreen#557 (waiting on GameplayScreen#323)&#xD;
[runtime] 2026-07-30 00:29:27 [verbose]: \ud83d\udcfa ScreenStack#302(depth:43) loading GameplayScreen#323&#xD;
[performance] 2026-07-30 00:29:27 [verbose]: TextureAtlas initialised (1024x1024)&#xD;
[runtime] 2026-07-30 00:29:27 [verbose]: \ud83d\udd38 Step #2 tall receptor feedback loaded&#xD;
[runtime] 2026-07-30 00:29:27 [verbose]: \ud83d\udcfa ScreenStack#302(depth:43) entered GameplayScreen#323&#xD;
[runtime] 2026-07-30 00:29:27 [verbose]: ✔️ 3 repetitions&#xD;
[runtime] 2026-07-30 00:29:27 [verbose]: \ud83d\udd38 Step #3 tall receptors do not move the timing bar&#xD;
[runtime] 2026-07-30 00:29:27 [verbose]: ✅ TestSceneGameplayScreen completed&#xD;
</Text>
      </RunInfo>
      <RunInfo computerName="MOE" outcome="Warning" timestamp="2026-07-30T08:29:27.7469040+08:00">
        <Text>[runtime] 2026-07-30 00:29:27 [verbose]: \ud83d\udca8 Class: TestSceneGameplayScreen&#xD;
[runtime] 2026-07-30 00:29:27 [verbose]: \ud83d\udd36 Test:  TestUpsideDownSkinFlipsArrowElements&#xD;
[runtime] 2026-07-30 00:29:27 [verbose]: \ud83d\udd38 Step #1 open upside-down skin&#xD;
[runtime] 2026-07-30 00:29:27 [verbose]: \ud83d\udcfa ScreenStack#302(depth:43) suspended GameplayScreen#323 (waiting on GameplayScreen#161)&#xD;
[runtime] 2026-07-30 00:29:27 [verbose]: \ud83d\udcfa ScreenStack#302(depth:44) loading GameplayScreen#161&#xD;
[performance] 2026-07-30 00:29:27 [verbose]: TextureAtlas initialised (1024x1024)&#xD;
[runtime] 2026-07-30 00:29:27 [verbose]: \ud83d\udd38 Step #2 upscroll geometry applied&#xD;
[runtime] 2026-07-30 00:29:27 [verbose]: ✔️ 2 repetitions&#xD;
[runtime] 2026-07-30 00:29:27 [verbose]: \ud83d\udcfa ScreenStack#302(depth:44) entered GameplayScreen#161&#xD;
[runtime] 2026-07-30 00:29:27 [verbose]: \ud83d\udd38 Step #3 notes and receptors flipped&#xD;
[runtime] 2026-07-30 00:29:27 [verbose]: \ud83d\udd38 Step #4 timing bar stays at the screen bottom&#xD;
[runtime] 2026-07-30 00:29:27 [verbose]: ✅ TestSceneGameplayScreen completed&#xD;
</Text>
      </RunInfo>
      <RunInfo computerName="MOE" outcome="Warning" timestamp="2026-07-30T08:29:27.8325093+08:00">
        <Text>[runtime] 2026-07-30 00:29:27 [verbose]: \ud83d\udca8 Class: TestSceneGameplayScreen&#xD;
[runtime] 2026-07-30 00:29:27 [verbose]: \ud83d\udd36 Test:  TestWindUpAdvancesFrameClockAndHudRate&#xD;
[runtime] 2026-07-30 00:29:27 [verbose]: \ud83d\udd38 Step #1 open Wind Up gameplay&#xD;
[runtime] 2026-07-30 00:29:27 [verbose]: \ud83d\udcfa ScreenStack#302(depth:44) suspended GameplayScreen#161 (waiting on GameplayScreen#631)&#xD;
[runtime] 2026-07-30 00:29:27 [verbose]: \ud83d\udcfa ScreenStack#302(depth:45) loading GameplayScreen#631&#xD;
[runtime] 2026-07-30 00:29:27 [error]: The audio engine could not start playback.&#xD;
[runtime] 2026-07-30 00:29:27 [error]: Yokko.Audio.Native.NativeAudioException: WASAPI Exclusive and Shared fallback both failed. Exclusive: Native audio operation 'open WasapiExclusive' failed with BackendUnavailable (HRESULT 0x8889000A, stage 5). Shared: Native audio operation 'open WasapiShared' failed with BackendUnavailable (HRESULT 0x8889000A, stage 5).&#xD;
[runtime] 2026-07-30 00:29:27 [error]: ---&gt; Yokko.Audio.Native.NativeAudioException: Native audio operation 'open WasapiShared' failed with BackendUnavailable (HRESULT 0x8889000A, stage 5).&#xD;
[runtime] 2026-07-30 00:29:27 [error]: at Yokko.Audio.Native.NativeAudioCore.OpenWasapi(NativeAudioBackendMode backend, String deviceId, UInt32 preferredBufferFrames) in D:\YOKKO\Yokko.Audio\Native\NativeAudioCore.cs:line 205&#xD;
[runtime] 2026-07-30 00:29:27 [error]: at Yokko.Audio.NativeAudioEngine.startFromCurrentPositionAsync(CancellationToken cancellationToken) in D:\YOKKO\Yokko.Audio\NativeAudioEngine.cs:line 681&#xD;
[runtime] 2026-07-30 00:29:27 [error]: --- End of inner exception stack trace ---&#xD;
[runtime] 2026-07-30 00:29:27 [error]: at Yokko.Audio.NativeAudioEngine.startFromCurrentPositionAsync(CancellationToken cancellationToken) in D:\YOKKO\Yokko.Audio\NativeAudioEngine.cs:line 689&#xD;
[runtime] 2026-07-30 00:29:27 [error]: at Yokko.Audio.NativeAudioEngine.StartAsync(AudioEngineStartRequest request, CancellationToken cancellationToken) in D:\YOKKO\Yokko.Audio\NativeAudioEngine.cs:line 248&#xD;
[runtime] 2026-07-30 00:29:27 [error]: at Yokko.Audio.NativeAudioEngine.StartAsync(AudioEngineStartRequest request, CancellationToken cancellationToken) in D:\YOKKO\Yokko.Audio\NativeAudioEngine.cs:line 254&#xD;
[runtime] 2026-07-30 00:29:27 [error]: at Yokko.Game.Screens.Gameplay.GameplayScreen.startAudioAsync() in D:\YOKKO\Yokko.Game\Screens\Gameplay\GameplayScreen.cs:line 809&#xD;
[runtime] 2026-07-30 00:29:27 [verbose]: \ud83d\udd38 Step #2 Wind Up keeps lazer Mania hit windows unchanged&#xD;
[runtime] 2026-07-30 00:29:27 [verbose]: \ud83d\udcfa ScreenStack#302(depth:45) entered GameplayScreen#631&#xD;
[runtime] 2026-07-30 00:29:27 [verbose]: \ud83d\udd38 Step #3 Wind Up rate begins increasing&#xD;
[runtime] 2026-07-30 00:29:27 [error]: The audio engine could not start playback.&#xD;
[runtime] 2026-07-30 00:29:27 [error]: Yokko.Audio.Native.NativeAudioException: WASAPI Exclusive and Shared fallback both failed. Exclusive: Native audio operation 'open WasapiExclusive' failed with BackendUnavailable (HRESULT 0x8889000A, stage 5). Shared: Native audio operation 'open WasapiShared' failed with BackendUnavailable (HRESULT 0x8889000A, stage 5).&#xD;
[runtime] 2026-07-30 00:29:27 [error]: ---&gt; Yokko.Audio.Native.NativeAudioException: Native audio operation 'open WasapiShared' failed with BackendUnavailable (HRESULT 0x8889000A, stage 5).&#xD;
[runtime] 2026-07-30 00:29:27 [error]: at Yokko.Audio.Native.NativeAudioCore.OpenWasapi(NativeAudioBackendMode backend, String deviceId, UInt32 preferredBufferFrames) in D:\YOKKO\Yokko.Audio\Native\NativeAudioCore.cs:line 205&#xD;
[runtime] 2026-07-30 00:29:27 [error]: at Yokko.Audio.NativeAudioEngine.startFromCurrentPositionAsync(CancellationToken cancellationToken) in D:\YOKKO\Yokko.Audio\NativeAudioEngine.cs:line 681&#xD;
[runtime] 2026-07-30 00:29:27 [error]: --- End of inner exception stack trace ---&#xD;
[runtime] 2026-07-30 00:29:27 [error]: at Yokko.Audio.NativeAudioEngine.startFromCurrentPositionAsync(CancellationToken cancellationToken) in D:\YOKKO\Yokko.Audio\NativeAudioEngine.cs:line 689&#xD;
[runtime] 2026-07-30 00:29:27 [error]: at Yokko.Audio.NativeAudioEngine.StartAsync(AudioEngineStartRequest request, CancellationToken cancellationToken) in D:\YOKKO\Yokko.Audio\NativeAudioEngine.cs:line 248&#xD;
[runtime] 2026-07-30 00:29:27 [error]: at Yokko.Audio.NativeAudioEngine.StartAsync(AudioEngineStartRequest request, CancellationToken cancellationToken) in D:\YOKKO\Yokko.Audio\NativeAudioEngine.cs:line 254&#xD;
[runtime] 2026-07-30 00:29:27 [error]: at Yokko.Game.Screens.Gameplay.GameplayScreen.startAudioAsync() in D:\YOKKO\Yokko.Game\Screens\Gameplay\GameplayScreen.cs:line 809&#xD;
[runtime] 2026-07-30 00:29:27 [verbose]: ✔️ 7 repetitions&#xD;
[runtime] 2026-07-30 00:29:27 [verbose]: \ud83d\udd38 Step #4 frame clock advances through ramp&#xD;
[runtime] 2026-07-30 00:29:27 [verbose]: ✅ TestSceneGameplayScreen completed&#xD;
</Text>
      </RunInfo>
    </RunInfos>
  </ResultSummary>
</TestRun>